

================================================================
== Vivado HLS Report for 'pool_1D'
================================================================
* Date:           Tue Aug 13 16:19:19 2019

* Version:        2018.1 (Build 2188600 on Wed Apr 04 19:04:02 MDT 2018)
* Project:        pool_stream
* Solution:       solution1
* Product family: zynq
* Target device:  xc7z010clg400-1


================================================================
== Performance Estimates
================================================================
+ Timing (ns): 
    * Summary: 
    +--------+-------+----------+------------+
    |  Clock | Target| Estimated| Uncertainty|
    +--------+-------+----------+------------+
    |ap_clk  |  50.00|     61.54|        6.25|
    +--------+-------+----------+------------+

+ Latency (clock cycles): 
    * Summary: 
    +-----+-----+-----+-----+---------+
    |  Latency  |  Interval | Pipeline|
    | min | max | min | max |   Type  |
    +-----+-----+-----+-----+---------+
    |  439|  439|  439|  439|   none  |
    +-----+-----+-----+-----+---------+

    + Detail: 
        * Instance: 
        N/A

        * Loop: 
        +----------+-----+-----+----------+-----------+-----------+------+----------+
        |          |  Latency  | Iteration|  Initiation Interval  | Trip |          |
        | Loop Name| min | max |  Latency |  achieved |   target  | Count| Pipelined|
        +----------+-----+-----+----------+-----------+-----------+------+----------+
        |- Loop 1  |  437|  437|        39|          1|          1|   400|    yes   |
        +----------+-----+-----+----------+-----------+-----------+------+----------+

============================================================
+ Verbose Summary: Synthesis Manager
============================================================
InlineROM: 1
ExposeGlobal: 0
============================================================
+ Verbose Summary: CDFG Model
============================================================
IsTopModel: 0
ResetActiveHigh: 1
IsCombinational: 2
IsDatapathOnly: 0
HasWiredReturn: 1
HasMFsm: 0
HasVarLatency: 1
IsPipeline: 0
IsRtlPipelined: 0
IsInstanceOverlapped: 0
IsDontTouch: 0
HasImplIP: 0
IsGatedGlobalClock: 0

+ Individual pipeline summary: 
  * Pipeline-0: initiation interval (II) = 1, depth = 39


============================================================
+ Verbose Summary: Schedule
============================================================
* Number of FSM states : 41
* Pipeline : 1
  Pipeline-0 : II = 1, D = 39, States = { 2 3 4 5 6 7 8 9 10 11 12 13 14 15 16 17 18 19 20 21 22 23 24 25 26 27 28 29 30 31 32 33 34 35 36 37 38 39 40 }
* Dataflow Pipeline: 0

* FSM state transitions: 
1 --> 
	2  / true
2 --> 
	3  / true
3 --> 
	41  / (exitcond_flatten2)
	4  / (!exitcond_flatten2)
4 --> 
	5  / true
5 --> 
	6  / true
6 --> 
	7  / true
7 --> 
	8  / true
8 --> 
	9  / true
9 --> 
	10  / true
10 --> 
	11  / true
11 --> 
	12  / true
12 --> 
	13  / true
13 --> 
	14  / true
14 --> 
	15  / true
15 --> 
	16  / true
16 --> 
	17  / true
17 --> 
	18  / true
18 --> 
	19  / true
19 --> 
	20  / true
20 --> 
	21  / true
21 --> 
	22  / true
22 --> 
	23  / true
23 --> 
	24  / true
24 --> 
	25  / true
25 --> 
	26  / true
26 --> 
	27  / true
27 --> 
	28  / true
28 --> 
	29  / true
29 --> 
	30  / true
30 --> 
	31  / true
31 --> 
	32  / true
32 --> 
	33  / true
33 --> 
	34  / true
34 --> 
	35  / true
35 --> 
	36  / true
36 --> 
	37  / true
37 --> 
	38  / true
38 --> 
	39  / true
39 --> 
	40  / true
40 --> 
	2  / true
41 --> 

* FSM state operations: 

 <State 1> : 20.84ns
ST_1 : Operation 42 [1/1] (0.00ns)   --->   "%p_Val2_s = alloca i128"
ST_1 : Operation 43 [1/1] (0.00ns)   --->   "%p_Val2_4 = alloca i128"
ST_1 : Operation 44 [1/1] (0.00ns)   --->   "%p_Val2_5 = alloca i128"
ST_1 : Operation 45 [1/1] (0.00ns)   --->   "%tmp_V = alloca i128"
ST_1 : Operation 46 [1/1] (0.00ns)   --->   "call void (...)* @_ssdm_op_SpecInterface(i128* %out_V_V, [8 x i8]* @ap_fifo_str, i32 0, i32 0, [1 x i8]* @p_str34, i32 0, i32 0, [1 x i8]* @p_str35, [1 x i8]* @p_str36, [1 x i8]* @p_str37, i32 2, i32 2, i32 16, i32 16, [1 x i8]* @p_str38, [1 x i8]* @p_str39)"
ST_1 : Operation 47 [1/1] (0.00ns)   --->   "call void (...)* @_ssdm_op_SpecInterface(i128* %in_V_V, [5 x i8]* @p_str2, i32 1, i32 1, [5 x i8]* @p_str3, i32 0, i32 0, [1 x i8]* @p_str1, [1 x i8]* @p_str1, [1 x i8]* @p_str1, i32 0, i32 0, i32 0, i32 0, [1 x i8]* @p_str1, [1 x i8]* @p_str1) nounwind"
ST_1 : Operation 48 [1/1] (0.00ns)   --->   "%Kx_read = call i32 @_ssdm_op_Read.ap_stable.i32(i32 %Kx)"
ST_1 : Operation 49 [1/1] (0.00ns)   --->   "%width_in_read = call i32 @_ssdm_op_Read.ap_stable.i32(i32 %width_in)"
ST_1 : Operation 50 [1/1] (0.00ns)   --->   "%height_in_read = call i32 @_ssdm_op_Read.ap_stable.i32(i32 %height_in)"
ST_1 : Operation 51 [1/1] (0.00ns)   --->   "%ch_div_K_read = call i32 @_ssdm_op_Read.ap_stable.i32(i32 %ch_div_K)"
ST_1 : Operation 52 [1/1] (0.00ns)   --->   "call void (...)* @_ssdm_op_SpecInterface(i32 %width_in, [10 x i8]* @p_str4, i32 0, i32 0, [1 x i8]* @p_str1, i32 0, i32 0, [1 x i8]* @p_str1, [1 x i8]* @p_str1, [1 x i8]* @p_str1, i32 0, i32 0, i32 0, i32 0, [1 x i8]* @p_str1, [1 x i8]* @p_str1) nounwind" [pool_stream/pool.cpp:56]
ST_1 : Operation 53 [1/1] (0.00ns)   --->   "call void (...)* @_ssdm_op_SpecInterface(i32 %Kx, [10 x i8]* @p_str4, i32 0, i32 0, [1 x i8]* @p_str1, i32 0, i32 0, [1 x i8]* @p_str1, [1 x i8]* @p_str1, [1 x i8]* @p_str1, i32 0, i32 0, i32 0, i32 0, [1 x i8]* @p_str1, [1 x i8]* @p_str1) nounwind" [pool_stream/pool.cpp:57]
ST_1 : Operation 54 [1/1] (0.00ns)   --->   "call void (...)* @_ssdm_op_SpecInterface(i32 %height_in, [10 x i8]* @p_str4, i32 0, i32 0, [1 x i8]* @p_str1, i32 0, i32 0, [1 x i8]* @p_str1, [1 x i8]* @p_str1, [1 x i8]* @p_str1, i32 0, i32 0, i32 0, i32 0, [1 x i8]* @p_str1, [1 x i8]* @p_str1) nounwind" [pool_stream/pool.cpp:58]
ST_1 : Operation 55 [1/1] (0.00ns)   --->   "call void (...)* @_ssdm_op_SpecInterface(i32 %ch_div_K, [10 x i8]* @p_str4, i32 0, i32 0, [1 x i8]* @p_str1, i32 0, i32 0, [1 x i8]* @p_str1, [1 x i8]* @p_str1, [1 x i8]* @p_str1, i32 0, i32 0, i32 0, i32 0, [1 x i8]* @p_str1, [1 x i8]* @p_str1) nounwind" [pool_stream/pool.cpp:59]
ST_1 : Operation 56 [1/1] (2.47ns)   --->   "%sel_tmp = icmp eq i32 %Kx_read, 4"   --->   Core 25 'Cmp' <Latency = 0> <II = 1> <Delay = 2.47> <FuncUnit> <Opcode : 'icmp'> <InPorts = 2> <OutPorts = 1>
ST_1 : Operation 57 [1/1] (2.47ns)   --->   "%sel_tmp2 = icmp eq i32 %Kx_read, 3"   --->   Core 25 'Cmp' <Latency = 0> <II = 1> <Delay = 2.47> <FuncUnit> <Opcode : 'icmp'> <InPorts = 2> <OutPorts = 1>
ST_1 : Operation 58 [1/1] (2.47ns)   --->   "%sel_tmp4 = icmp eq i32 %Kx_read, 2"   --->   Core 25 'Cmp' <Latency = 0> <II = 1> <Delay = 2.47> <FuncUnit> <Opcode : 'icmp'> <InPorts = 2> <OutPorts = 1>
ST_1 : Operation 59 [1/1] (2.47ns)   --->   "%sel_tmp6 = icmp eq i32 %Kx_read, 1"   --->   Core 25 'Cmp' <Latency = 0> <II = 1> <Delay = 2.47> <FuncUnit> <Opcode : 'icmp'> <InPorts = 2> <OutPorts = 1>
ST_1 : Operation 60 [1/1] (0.00ns)   --->   "%cast = zext i32 %height_in_read to i64"
ST_1 : Operation 61 [1/1] (0.00ns)   --->   "%cast1 = zext i32 %width_in_read to i64"
ST_1 : Operation 62 [1/1] (8.51ns)   --->   "%bound = mul i64 %cast1, %cast"   --->   Core 16 'Mul' <Latency = 0> <II = 1> <Delay = 12.3> <FuncUnit> <Opcode : 'mul'> <InPorts = 2> <OutPorts = 1>
ST_1 : Operation 63 [1/1] (0.00ns)   --->   "%cast2 = zext i32 %ch_div_K_read to i96"
ST_1 : Operation 64 [1/1] (0.00ns)   --->   "%cast3 = zext i64 %bound to i96"
ST_1 : Operation 65 [1/1] (12.3ns)   --->   "%bound4 = mul i96 %cast3, %cast2"   --->   Core 16 'Mul' <Latency = 0> <II = 1> <Delay = 12.3> <FuncUnit> <Opcode : 'mul'> <InPorts = 2> <OutPorts = 1>
ST_1 : Operation 66 [1/1] (2.47ns)   --->   "%tmp_13_mid = icmp sgt i32 %width_in_read, 0" [pool_stream/pool.cpp:69]   --->   Core 25 'Cmp' <Latency = 0> <II = 1> <Delay = 2.47> <FuncUnit> <Opcode : 'icmp'> <InPorts = 2> <OutPorts = 1>
ST_1 : Operation 67 [1/1] (1.76ns)   --->   "br label %1" [pool_stream/pool.cpp:63]

 <State 2> : 8.13ns
ST_2 : Operation 68 [1/1] (0.00ns)   --->   "%indvar_flatten2 = phi i96 [ 0, %0 ], [ %indvar_flatten_next2, %._crit_edge ]"
ST_2 : Operation 69 [1/1] (0.00ns)   --->   "%indvar_flatten = phi i64 [ 0, %0 ], [ %indvar_flatten_next, %._crit_edge ]"
ST_2 : Operation 70 [1/1] (0.00ns)   --->   "%j = phi i31 [ 0, %0 ], [ %j_1, %._crit_edge ]"
ST_2 : Operation 71 [1/1] (0.00ns)   --->   "%j_cast = zext i31 %j to i32" [pool_stream/pool.cpp:69]
ST_2 : Operation 72 [1/1] (2.47ns)   --->   "%tmp_13 = icmp slt i32 %j_cast, %width_in_read" [pool_stream/pool.cpp:69]   --->   Core 25 'Cmp' <Latency = 0> <II = 1> <Delay = 2.47> <FuncUnit> <Opcode : 'icmp'> <InPorts = 2> <OutPorts = 1>
ST_2 : Operation 73 [1/1] (3.12ns)   --->   "%exitcond_flatten2 = icmp eq i96 %indvar_flatten2, %bound4"   --->   Core 25 'Cmp' <Latency = 0> <II = 1> <Delay = 2.47> <FuncUnit> <Opcode : 'icmp'> <InPorts = 2> <OutPorts = 1>
ST_2 : Operation 74 [1/1] (4.43ns)   --->   "%indvar_flatten_next2 = add i96 %indvar_flatten2, 1"   --->   Core 14 'AddSub' <Latency = 0> <II = 1> <Delay = 3.52> <FuncUnit> <Opcode : 'add' 'sub'> <InPorts = 2> <OutPorts = 1>
ST_2 : Operation 75 [1/1] (2.77ns)   --->   "%exitcond_flatten = icmp eq i64 %indvar_flatten, %bound"   --->   Core 25 'Cmp' <Latency = 0> <II = 1> <Delay = 2.47> <FuncUnit> <Opcode : 'icmp'> <InPorts = 2> <OutPorts = 1>
ST_2 : Operation 76 [1/1] (0.00ns) (grouped into LUT with out node j_1)   --->   "%tmp_13_mid1 = select i1 %exitcond_flatten, i1 %tmp_13_mid, i1 %tmp_13" [pool_stream/pool.cpp:69]   --->   Core 26 'Sel' <Latency = 0> <II = 1> <Delay = 1.48> <FuncUnit> <Opcode : 'select'> <InPorts = 3> <OutPorts = 1>
ST_2 : Operation 77 [1/1] (0.00ns)   --->   "%tmp_18 = call i32 (...)* @_ssdm_op_SpecRegionBegin([12 x i8]* @p_str8)" [pool_stream/pool.cpp:70]
ST_2 : Operation 78 [2/2] (0.00ns)   --->   "%p_Val2_6 = call i128 @_ssdm_op_Read.axis.volatile.i128P(i128* %in_V_V)" [pool_stream/pool.cpp:75]   --->   Core 5 'AXI4Stream' <Latency = 0> <II = 1> <Delay = 1.00> <Adapter> <Opcode : >
ST_2 : Operation 79 [1/1] (2.52ns)   --->   "%j_op = add i31 %j, 1" [pool_stream/pool.cpp:78]   --->   Core 14 'AddSub' <Latency = 0> <II = 1> <Delay = 3.52> <FuncUnit> <Opcode : 'add' 'sub'> <InPorts = 2> <OutPorts = 1>
ST_2 : Operation 80 [1/1] (0.00ns) (grouped into LUT with out node j_1)   --->   "%j_mid216_op = select i1 %exitcond_flatten, i31 1, i31 %j_op" [pool_stream/pool.cpp:78]   --->   Core 26 'Sel' <Latency = 0> <II = 1> <Delay = 1.48> <FuncUnit> <Opcode : 'select'> <InPorts = 3> <OutPorts = 1>
ST_2 : Operation 81 [1/1] (0.99ns) (out node of the LUT)   --->   "%j_1 = select i1 %tmp_13_mid1, i31 %j_mid216_op, i31 1" [pool_stream/pool.cpp:78]   --->   Core 26 'Sel' <Latency = 0> <II = 1> <Delay = 1.48> <FuncUnit> <Opcode : 'select'> <InPorts = 3> <OutPorts = 1>
ST_2 : Operation 82 [1/1] (0.00ns)   --->   "%j_2_cast = zext i31 %j_1 to i32" [pool_stream/pool.cpp:78]
ST_2 : Operation 83 [37/37] (4.36ns)   --->   "%tmp_14 = srem i32 %j_2_cast, %Kx_read" [pool_stream/pool.cpp:78]   --->   Core 23 'DivnS' <Latency = 36> <II = 1> <Delay = 4.36> <FuncUnit> <Opcode : 'sdiv' 'srem' 'udiv' 'urem'> <InPorts = 2> <OutPorts = 1>
ST_2 : Operation 84 [1/1] (0.00ns)   --->   "%empty = call i32 (...)* @_ssdm_op_SpecRegionEnd([12 x i8]* @p_str8, i32 %tmp_18)" [pool_stream/pool.cpp:97]
ST_2 : Operation 85 [1/1] (3.52ns)   --->   "%indvar_flatten_op = add i64 %indvar_flatten, 1"   --->   Core 14 'AddSub' <Latency = 0> <II = 1> <Delay = 3.52> <FuncUnit> <Opcode : 'add' 'sub'> <InPorts = 2> <OutPorts = 1>
ST_2 : Operation 86 [1/1] (1.48ns)   --->   "%indvar_flatten_next = select i1 %exitcond_flatten, i64 1, i64 %indvar_flatten_op"   --->   Core 26 'Sel' <Latency = 0> <II = 1> <Delay = 1.48> <FuncUnit> <Opcode : 'select'> <InPorts = 3> <OutPorts = 1>
ST_2 : Operation 87 [1/1] (0.00ns)   --->   "br label %1" [pool_stream/pool.cpp:69]

 <State 3> : 4.37ns
ST_3 : Operation 88 [1/1] (0.00ns)   --->   "%p_Val2_load = load i128* %p_Val2_s"
ST_3 : Operation 89 [1/1] (0.00ns)   --->   "%p_Val2_4_load = load i128* %p_Val2_4"
ST_3 : Operation 90 [1/1] (0.00ns)   --->   "%p_Val2_5_load = load i128* %p_Val2_5" [pool_stream/pool.cpp:85]
ST_3 : Operation 91 [1/1] (0.00ns)   --->   "store i128 %p_Val2_4_load, i128* %p_Val2_5"
ST_3 : Operation 92 [1/1] (0.00ns)   --->   "store i128 %p_Val2_load, i128* %p_Val2_4"
ST_3 : Operation 93 [1/1] (0.00ns)   --->   "br i1 %exitcond_flatten2, label %2, label %.reset6"
ST_3 : Operation 94 [1/1] (0.00ns)   --->   "%p_Val2_load_1 = load i128* %p_Val2_s" [pool_stream/pool.cpp:83]
ST_3 : Operation 95 [1/2] (0.00ns)   --->   "%p_Val2_6 = call i128 @_ssdm_op_Read.axis.volatile.i128P(i128* %in_V_V)" [pool_stream/pool.cpp:75]   --->   Core 5 'AXI4Stream' <Latency = 0> <II = 1> <Delay = 1.00> <Adapter> <Opcode : >
ST_3 : Operation 96 [36/37] (4.36ns)   --->   "%tmp_14 = srem i32 %j_2_cast, %Kx_read" [pool_stream/pool.cpp:78]   --->   Core 23 'DivnS' <Latency = 36> <II = 1> <Delay = 4.36> <FuncUnit> <Opcode : 'sdiv' 'srem' 'udiv' 'urem'> <InPorts = 2> <OutPorts = 1>
ST_3 : Operation 97 [1/1] (0.00ns)   --->   "store i128 %p_Val2_6, i128* %p_Val2_s" [pool_stream/pool.cpp:75]

 <State 4> : 4.37ns
ST_4 : Operation 98 [35/37] (4.36ns)   --->   "%tmp_14 = srem i32 %j_2_cast, %Kx_read" [pool_stream/pool.cpp:78]   --->   Core 23 'DivnS' <Latency = 36> <II = 1> <Delay = 4.36> <FuncUnit> <Opcode : 'sdiv' 'srem' 'udiv' 'urem'> <InPorts = 2> <OutPorts = 1>

 <State 5> : 4.37ns
ST_5 : Operation 99 [34/37] (4.36ns)   --->   "%tmp_14 = srem i32 %j_2_cast, %Kx_read" [pool_stream/pool.cpp:78]   --->   Core 23 'DivnS' <Latency = 36> <II = 1> <Delay = 4.36> <FuncUnit> <Opcode : 'sdiv' 'srem' 'udiv' 'urem'> <InPorts = 2> <OutPorts = 1>

 <State 6> : 4.37ns
ST_6 : Operation 100 [33/37] (4.36ns)   --->   "%tmp_14 = srem i32 %j_2_cast, %Kx_read" [pool_stream/pool.cpp:78]   --->   Core 23 'DivnS' <Latency = 36> <II = 1> <Delay = 4.36> <FuncUnit> <Opcode : 'sdiv' 'srem' 'udiv' 'urem'> <InPorts = 2> <OutPorts = 1>

 <State 7> : 4.37ns
ST_7 : Operation 101 [32/37] (4.36ns)   --->   "%tmp_14 = srem i32 %j_2_cast, %Kx_read" [pool_stream/pool.cpp:78]   --->   Core 23 'DivnS' <Latency = 36> <II = 1> <Delay = 4.36> <FuncUnit> <Opcode : 'sdiv' 'srem' 'udiv' 'urem'> <InPorts = 2> <OutPorts = 1>

 <State 8> : 4.37ns
ST_8 : Operation 102 [31/37] (4.36ns)   --->   "%tmp_14 = srem i32 %j_2_cast, %Kx_read" [pool_stream/pool.cpp:78]   --->   Core 23 'DivnS' <Latency = 36> <II = 1> <Delay = 4.36> <FuncUnit> <Opcode : 'sdiv' 'srem' 'udiv' 'urem'> <InPorts = 2> <OutPorts = 1>

 <State 9> : 4.37ns
ST_9 : Operation 103 [30/37] (4.36ns)   --->   "%tmp_14 = srem i32 %j_2_cast, %Kx_read" [pool_stream/pool.cpp:78]   --->   Core 23 'DivnS' <Latency = 36> <II = 1> <Delay = 4.36> <FuncUnit> <Opcode : 'sdiv' 'srem' 'udiv' 'urem'> <InPorts = 2> <OutPorts = 1>

 <State 10> : 4.37ns
ST_10 : Operation 104 [29/37] (4.36ns)   --->   "%tmp_14 = srem i32 %j_2_cast, %Kx_read" [pool_stream/pool.cpp:78]   --->   Core 23 'DivnS' <Latency = 36> <II = 1> <Delay = 4.36> <FuncUnit> <Opcode : 'sdiv' 'srem' 'udiv' 'urem'> <InPorts = 2> <OutPorts = 1>

 <State 11> : 4.37ns
ST_11 : Operation 105 [28/37] (4.36ns)   --->   "%tmp_14 = srem i32 %j_2_cast, %Kx_read" [pool_stream/pool.cpp:78]   --->   Core 23 'DivnS' <Latency = 36> <II = 1> <Delay = 4.36> <FuncUnit> <Opcode : 'sdiv' 'srem' 'udiv' 'urem'> <InPorts = 2> <OutPorts = 1>

 <State 12> : 4.37ns
ST_12 : Operation 106 [27/37] (4.36ns)   --->   "%tmp_14 = srem i32 %j_2_cast, %Kx_read" [pool_stream/pool.cpp:78]   --->   Core 23 'DivnS' <Latency = 36> <II = 1> <Delay = 4.36> <FuncUnit> <Opcode : 'sdiv' 'srem' 'udiv' 'urem'> <InPorts = 2> <OutPorts = 1>

 <State 13> : 4.37ns
ST_13 : Operation 107 [26/37] (4.36ns)   --->   "%tmp_14 = srem i32 %j_2_cast, %Kx_read" [pool_stream/pool.cpp:78]   --->   Core 23 'DivnS' <Latency = 36> <II = 1> <Delay = 4.36> <FuncUnit> <Opcode : 'sdiv' 'srem' 'udiv' 'urem'> <InPorts = 2> <OutPorts = 1>

 <State 14> : 4.37ns
ST_14 : Operation 108 [25/37] (4.36ns)   --->   "%tmp_14 = srem i32 %j_2_cast, %Kx_read" [pool_stream/pool.cpp:78]   --->   Core 23 'DivnS' <Latency = 36> <II = 1> <Delay = 4.36> <FuncUnit> <Opcode : 'sdiv' 'srem' 'udiv' 'urem'> <InPorts = 2> <OutPorts = 1>

 <State 15> : 4.37ns
ST_15 : Operation 109 [24/37] (4.36ns)   --->   "%tmp_14 = srem i32 %j_2_cast, %Kx_read" [pool_stream/pool.cpp:78]   --->   Core 23 'DivnS' <Latency = 36> <II = 1> <Delay = 4.36> <FuncUnit> <Opcode : 'sdiv' 'srem' 'udiv' 'urem'> <InPorts = 2> <OutPorts = 1>

 <State 16> : 4.37ns
ST_16 : Operation 110 [23/37] (4.36ns)   --->   "%tmp_14 = srem i32 %j_2_cast, %Kx_read" [pool_stream/pool.cpp:78]   --->   Core 23 'DivnS' <Latency = 36> <II = 1> <Delay = 4.36> <FuncUnit> <Opcode : 'sdiv' 'srem' 'udiv' 'urem'> <InPorts = 2> <OutPorts = 1>

 <State 17> : 4.37ns
ST_17 : Operation 111 [22/37] (4.36ns)   --->   "%tmp_14 = srem i32 %j_2_cast, %Kx_read" [pool_stream/pool.cpp:78]   --->   Core 23 'DivnS' <Latency = 36> <II = 1> <Delay = 4.36> <FuncUnit> <Opcode : 'sdiv' 'srem' 'udiv' 'urem'> <InPorts = 2> <OutPorts = 1>

 <State 18> : 4.37ns
ST_18 : Operation 112 [21/37] (4.36ns)   --->   "%tmp_14 = srem i32 %j_2_cast, %Kx_read" [pool_stream/pool.cpp:78]   --->   Core 23 'DivnS' <Latency = 36> <II = 1> <Delay = 4.36> <FuncUnit> <Opcode : 'sdiv' 'srem' 'udiv' 'urem'> <InPorts = 2> <OutPorts = 1>

 <State 19> : 4.37ns
ST_19 : Operation 113 [20/37] (4.36ns)   --->   "%tmp_14 = srem i32 %j_2_cast, %Kx_read" [pool_stream/pool.cpp:78]   --->   Core 23 'DivnS' <Latency = 36> <II = 1> <Delay = 4.36> <FuncUnit> <Opcode : 'sdiv' 'srem' 'udiv' 'urem'> <InPorts = 2> <OutPorts = 1>

 <State 20> : 4.37ns
ST_20 : Operation 114 [19/37] (4.36ns)   --->   "%tmp_14 = srem i32 %j_2_cast, %Kx_read" [pool_stream/pool.cpp:78]   --->   Core 23 'DivnS' <Latency = 36> <II = 1> <Delay = 4.36> <FuncUnit> <Opcode : 'sdiv' 'srem' 'udiv' 'urem'> <InPorts = 2> <OutPorts = 1>

 <State 21> : 4.37ns
ST_21 : Operation 115 [18/37] (4.36ns)   --->   "%tmp_14 = srem i32 %j_2_cast, %Kx_read" [pool_stream/pool.cpp:78]   --->   Core 23 'DivnS' <Latency = 36> <II = 1> <Delay = 4.36> <FuncUnit> <Opcode : 'sdiv' 'srem' 'udiv' 'urem'> <InPorts = 2> <OutPorts = 1>

 <State 22> : 4.37ns
ST_22 : Operation 116 [17/37] (4.36ns)   --->   "%tmp_14 = srem i32 %j_2_cast, %Kx_read" [pool_stream/pool.cpp:78]   --->   Core 23 'DivnS' <Latency = 36> <II = 1> <Delay = 4.36> <FuncUnit> <Opcode : 'sdiv' 'srem' 'udiv' 'urem'> <InPorts = 2> <OutPorts = 1>

 <State 23> : 4.37ns
ST_23 : Operation 117 [16/37] (4.36ns)   --->   "%tmp_14 = srem i32 %j_2_cast, %Kx_read" [pool_stream/pool.cpp:78]   --->   Core 23 'DivnS' <Latency = 36> <II = 1> <Delay = 4.36> <FuncUnit> <Opcode : 'sdiv' 'srem' 'udiv' 'urem'> <InPorts = 2> <OutPorts = 1>

 <State 24> : 4.37ns
ST_24 : Operation 118 [15/37] (4.36ns)   --->   "%tmp_14 = srem i32 %j_2_cast, %Kx_read" [pool_stream/pool.cpp:78]   --->   Core 23 'DivnS' <Latency = 36> <II = 1> <Delay = 4.36> <FuncUnit> <Opcode : 'sdiv' 'srem' 'udiv' 'urem'> <InPorts = 2> <OutPorts = 1>

 <State 25> : 4.37ns
ST_25 : Operation 119 [14/37] (4.36ns)   --->   "%tmp_14 = srem i32 %j_2_cast, %Kx_read" [pool_stream/pool.cpp:78]   --->   Core 23 'DivnS' <Latency = 36> <II = 1> <Delay = 4.36> <FuncUnit> <Opcode : 'sdiv' 'srem' 'udiv' 'urem'> <InPorts = 2> <OutPorts = 1>

 <State 26> : 4.37ns
ST_26 : Operation 120 [13/37] (4.36ns)   --->   "%tmp_14 = srem i32 %j_2_cast, %Kx_read" [pool_stream/pool.cpp:78]   --->   Core 23 'DivnS' <Latency = 36> <II = 1> <Delay = 4.36> <FuncUnit> <Opcode : 'sdiv' 'srem' 'udiv' 'urem'> <InPorts = 2> <OutPorts = 1>

 <State 27> : 4.37ns
ST_27 : Operation 121 [12/37] (4.36ns)   --->   "%tmp_14 = srem i32 %j_2_cast, %Kx_read" [pool_stream/pool.cpp:78]   --->   Core 23 'DivnS' <Latency = 36> <II = 1> <Delay = 4.36> <FuncUnit> <Opcode : 'sdiv' 'srem' 'udiv' 'urem'> <InPorts = 2> <OutPorts = 1>

 <State 28> : 4.37ns
ST_28 : Operation 122 [11/37] (4.36ns)   --->   "%tmp_14 = srem i32 %j_2_cast, %Kx_read" [pool_stream/pool.cpp:78]   --->   Core 23 'DivnS' <Latency = 36> <II = 1> <Delay = 4.36> <FuncUnit> <Opcode : 'sdiv' 'srem' 'udiv' 'urem'> <InPorts = 2> <OutPorts = 1>

 <State 29> : 4.37ns
ST_29 : Operation 123 [10/37] (4.36ns)   --->   "%tmp_14 = srem i32 %j_2_cast, %Kx_read" [pool_stream/pool.cpp:78]   --->   Core 23 'DivnS' <Latency = 36> <II = 1> <Delay = 4.36> <FuncUnit> <Opcode : 'sdiv' 'srem' 'udiv' 'urem'> <InPorts = 2> <OutPorts = 1>

 <State 30> : 4.37ns
ST_30 : Operation 124 [9/37] (4.36ns)   --->   "%tmp_14 = srem i32 %j_2_cast, %Kx_read" [pool_stream/pool.cpp:78]   --->   Core 23 'DivnS' <Latency = 36> <II = 1> <Delay = 4.36> <FuncUnit> <Opcode : 'sdiv' 'srem' 'udiv' 'urem'> <InPorts = 2> <OutPorts = 1>

 <State 31> : 4.37ns
ST_31 : Operation 125 [8/37] (4.36ns)   --->   "%tmp_14 = srem i32 %j_2_cast, %Kx_read" [pool_stream/pool.cpp:78]   --->   Core 23 'DivnS' <Latency = 36> <II = 1> <Delay = 4.36> <FuncUnit> <Opcode : 'sdiv' 'srem' 'udiv' 'urem'> <InPorts = 2> <OutPorts = 1>

 <State 32> : 4.37ns
ST_32 : Operation 126 [7/37] (4.36ns)   --->   "%tmp_14 = srem i32 %j_2_cast, %Kx_read" [pool_stream/pool.cpp:78]   --->   Core 23 'DivnS' <Latency = 36> <II = 1> <Delay = 4.36> <FuncUnit> <Opcode : 'sdiv' 'srem' 'udiv' 'urem'> <InPorts = 2> <OutPorts = 1>

 <State 33> : 4.37ns
ST_33 : Operation 127 [6/37] (4.36ns)   --->   "%tmp_14 = srem i32 %j_2_cast, %Kx_read" [pool_stream/pool.cpp:78]   --->   Core 23 'DivnS' <Latency = 36> <II = 1> <Delay = 4.36> <FuncUnit> <Opcode : 'sdiv' 'srem' 'udiv' 'urem'> <InPorts = 2> <OutPorts = 1>

 <State 34> : 4.37ns
ST_34 : Operation 128 [5/37] (4.36ns)   --->   "%tmp_14 = srem i32 %j_2_cast, %Kx_read" [pool_stream/pool.cpp:78]   --->   Core 23 'DivnS' <Latency = 36> <II = 1> <Delay = 4.36> <FuncUnit> <Opcode : 'sdiv' 'srem' 'udiv' 'urem'> <InPorts = 2> <OutPorts = 1>

 <State 35> : 4.37ns
ST_35 : Operation 129 [4/37] (4.36ns)   --->   "%tmp_14 = srem i32 %j_2_cast, %Kx_read" [pool_stream/pool.cpp:78]   --->   Core 23 'DivnS' <Latency = 36> <II = 1> <Delay = 4.36> <FuncUnit> <Opcode : 'sdiv' 'srem' 'udiv' 'urem'> <InPorts = 2> <OutPorts = 1>

 <State 36> : 4.37ns
ST_36 : Operation 130 [3/37] (4.36ns)   --->   "%tmp_14 = srem i32 %j_2_cast, %Kx_read" [pool_stream/pool.cpp:78]   --->   Core 23 'DivnS' <Latency = 36> <II = 1> <Delay = 4.36> <FuncUnit> <Opcode : 'sdiv' 'srem' 'udiv' 'urem'> <InPorts = 2> <OutPorts = 1>

 <State 37> : 4.37ns
ST_37 : Operation 131 [2/37] (4.36ns)   --->   "%tmp_14 = srem i32 %j_2_cast, %Kx_read" [pool_stream/pool.cpp:78]   --->   Core 23 'DivnS' <Latency = 36> <II = 1> <Delay = 4.36> <FuncUnit> <Opcode : 'sdiv' 'srem' 'udiv' 'urem'> <InPorts = 2> <OutPorts = 1>

 <State 38> : 8.90ns
ST_38 : Operation 132 [1/1] (0.00ns)   --->   "call void (...)* @_ssdm_op_SpecLoopTripCount(i64 400, i64 400, i64 400)"
ST_38 : Operation 133 [1/1] (0.00ns)   --->   "call void (...)* @_ssdm_op_SpecPipeline(i32 1, i32 1, i32 1, i32 0, [1 x i8]* @p_str1) nounwind" [pool_stream/pool.cpp:71]
ST_38 : Operation 134 [1/37] (4.36ns)   --->   "%tmp_14 = srem i32 %j_2_cast, %Kx_read" [pool_stream/pool.cpp:78]   --->   Core 23 'DivnS' <Latency = 36> <II = 1> <Delay = 4.36> <FuncUnit> <Opcode : 'sdiv' 'srem' 'udiv' 'urem'> <InPorts = 2> <OutPorts = 1>
ST_38 : Operation 135 [1/1] (2.47ns)   --->   "%tmp_15 = icmp eq i32 %tmp_14, 0" [pool_stream/pool.cpp:78]   --->   Core 25 'Cmp' <Latency = 0> <II = 1> <Delay = 2.47> <FuncUnit> <Opcode : 'icmp'> <InPorts = 2> <OutPorts = 1>
ST_38 : Operation 136 [1/1] (0.00ns)   --->   "br i1 %tmp_15, label %.preheader.0_ifconv, label %._crit_edge" [pool_stream/pool.cpp:78]
ST_38 : Operation 137 [1/1] (0.00ns)   --->   "%tmp = trunc i128 %p_Val2_6 to i16" [pool_stream/pool.cpp:82]
ST_38 : Operation 138 [1/1] (0.00ns)   --->   "%tmp_29 = trunc i128 %p_Val2_load_1 to i16" [pool_stream/pool.cpp:83]
ST_38 : Operation 139 [1/1] (0.00ns)   --->   "%tmp_30 = trunc i128 %p_Val2_4_load to i16" [pool_stream/pool.cpp:84]
ST_38 : Operation 140 [1/1] (0.00ns)   --->   "%tmp_31 = trunc i128 %p_Val2_5_load to i16" [pool_stream/pool.cpp:85]
ST_38 : Operation 141 [1/1] (2.42ns)   --->   "%tmp_s = icmp sgt i16 %tmp, %tmp_29" [pool_stream/pool.cpp:90]   --->   Core 25 'Cmp' <Latency = 0> <II = 1> <Delay = 2.47> <FuncUnit> <Opcode : 'icmp'> <InPorts = 2> <OutPorts = 1>
ST_38 : Operation 142 [1/1] (2.42ns)   --->   "%tmp_22 = icmp sgt i16 %tmp_29, %tmp_30" [pool_stream/pool.cpp:91]   --->   Core 25 'Cmp' <Latency = 0> <II = 1> <Delay = 2.47> <FuncUnit> <Opcode : 'icmp'> <InPorts = 2> <OutPorts = 1>
ST_38 : Operation 143 [1/1] (0.80ns)   --->   "%tmp_23 = select i1 %tmp_22, i16 %tmp_29, i16 %tmp_30" [pool_stream/pool.cpp:91]   --->   Core 26 'Sel' <Latency = 0> <II = 1> <Delay = 1.48> <FuncUnit> <Opcode : 'select'> <InPorts = 3> <OutPorts = 1>
ST_38 : Operation 144 [1/1] (2.42ns)   --->   "%tmp_24 = icmp sgt i16 %tmp, %tmp_23" [pool_stream/pool.cpp:91]   --->   Core 25 'Cmp' <Latency = 0> <II = 1> <Delay = 2.47> <FuncUnit> <Opcode : 'icmp'> <InPorts = 2> <OutPorts = 1>
ST_38 : Operation 145 [1/1] (2.42ns)   --->   "%tmp_25 = icmp sgt i16 %tmp_30, %tmp_31" [pool_stream/pool.cpp:92]   --->   Core 25 'Cmp' <Latency = 0> <II = 1> <Delay = 2.47> <FuncUnit> <Opcode : 'icmp'> <InPorts = 2> <OutPorts = 1>
ST_38 : Operation 146 [1/1] (0.80ns)   --->   "%tmp_26 = select i1 %tmp_25, i16 %tmp_30, i16 %tmp_31" [pool_stream/pool.cpp:92]   --->   Core 26 'Sel' <Latency = 0> <II = 1> <Delay = 1.48> <FuncUnit> <Opcode : 'select'> <InPorts = 3> <OutPorts = 1>
ST_38 : Operation 147 [1/1] (2.42ns)   --->   "%tmp_27 = icmp sgt i16 %tmp_29, %tmp_26" [pool_stream/pool.cpp:92]   --->   Core 25 'Cmp' <Latency = 0> <II = 1> <Delay = 2.47> <FuncUnit> <Opcode : 'icmp'> <InPorts = 2> <OutPorts = 1>
ST_38 : Operation 148 [1/1] (0.80ns)   --->   "%tp_d1_V_2 = select i1 %tmp_27, i16 %tmp_29, i16 %tmp_26" [pool_stream/pool.cpp:92]   --->   Core 26 'Sel' <Latency = 0> <II = 1> <Delay = 1.48> <FuncUnit> <Opcode : 'select'> <InPorts = 3> <OutPorts = 1>
ST_38 : Operation 149 [1/1] (2.42ns)   --->   "%tmp_28 = icmp sgt i16 %tmp, %tp_d1_V_2" [pool_stream/pool.cpp:92]   --->   Core 25 'Cmp' <Latency = 0> <II = 1> <Delay = 2.47> <FuncUnit> <Opcode : 'icmp'> <InPorts = 2> <OutPorts = 1>
ST_38 : Operation 150 [1/1] (0.00ns)   --->   "%p_Result_1 = call i16 @_ssdm_op_PartSelect.i16.i128.i32.i32(i128 %p_Val2_6, i32 16, i32 31)" [pool_stream/pool.cpp:82]
ST_38 : Operation 151 [1/1] (0.00ns)   --->   "%p_Result_8_1 = call i16 @_ssdm_op_PartSelect.i16.i128.i32.i32(i128 %p_Val2_load_1, i32 16, i32 31)" [pool_stream/pool.cpp:83]
ST_38 : Operation 152 [1/1] (0.00ns)   --->   "%p_Result_9_1 = call i16 @_ssdm_op_PartSelect.i16.i128.i32.i32(i128 %p_Val2_4_load, i32 16, i32 31)" [pool_stream/pool.cpp:84]
ST_38 : Operation 153 [1/1] (0.00ns)   --->   "%p_Result_10_1 = call i16 @_ssdm_op_PartSelect.i16.i128.i32.i32(i128 %p_Val2_5_load, i32 16, i32 31)" [pool_stream/pool.cpp:85]
ST_38 : Operation 154 [1/1] (2.42ns)   --->   "%tmp_25_1 = icmp sgt i16 %p_Result_1, %p_Result_8_1" [pool_stream/pool.cpp:90]   --->   Core 25 'Cmp' <Latency = 0> <II = 1> <Delay = 2.47> <FuncUnit> <Opcode : 'icmp'> <InPorts = 2> <OutPorts = 1>
ST_38 : Operation 155 [1/1] (2.42ns)   --->   "%tmp_27_1 = icmp sgt i16 %p_Result_8_1, %p_Result_9_1" [pool_stream/pool.cpp:91]   --->   Core 25 'Cmp' <Latency = 0> <II = 1> <Delay = 2.47> <FuncUnit> <Opcode : 'icmp'> <InPorts = 2> <OutPorts = 1>
ST_38 : Operation 156 [1/1] (0.80ns)   --->   "%tmp_28_1 = select i1 %tmp_27_1, i16 %p_Result_8_1, i16 %p_Result_9_1" [pool_stream/pool.cpp:91]   --->   Core 26 'Sel' <Latency = 0> <II = 1> <Delay = 1.48> <FuncUnit> <Opcode : 'select'> <InPorts = 3> <OutPorts = 1>
ST_38 : Operation 157 [1/1] (2.42ns)   --->   "%tmp_29_1 = icmp sgt i16 %p_Result_1, %tmp_28_1" [pool_stream/pool.cpp:91]   --->   Core 25 'Cmp' <Latency = 0> <II = 1> <Delay = 2.47> <FuncUnit> <Opcode : 'icmp'> <InPorts = 2> <OutPorts = 1>
ST_38 : Operation 158 [1/1] (2.42ns)   --->   "%tmp_30_1 = icmp sgt i16 %p_Result_9_1, %p_Result_10_1" [pool_stream/pool.cpp:92]   --->   Core 25 'Cmp' <Latency = 0> <II = 1> <Delay = 2.47> <FuncUnit> <Opcode : 'icmp'> <InPorts = 2> <OutPorts = 1>
ST_38 : Operation 159 [1/1] (0.80ns)   --->   "%tmp_31_1 = select i1 %tmp_30_1, i16 %p_Result_9_1, i16 %p_Result_10_1" [pool_stream/pool.cpp:92]   --->   Core 26 'Sel' <Latency = 0> <II = 1> <Delay = 1.48> <FuncUnit> <Opcode : 'select'> <InPorts = 3> <OutPorts = 1>
ST_38 : Operation 160 [1/1] (2.42ns)   --->   "%tmp_32_1 = icmp sgt i16 %p_Result_8_1, %tmp_31_1" [pool_stream/pool.cpp:92]   --->   Core 25 'Cmp' <Latency = 0> <II = 1> <Delay = 2.47> <FuncUnit> <Opcode : 'icmp'> <InPorts = 2> <OutPorts = 1>
ST_38 : Operation 161 [1/1] (0.80ns)   --->   "%tp_d1_V_2_1 = select i1 %tmp_32_1, i16 %p_Result_8_1, i16 %tmp_31_1" [pool_stream/pool.cpp:92]   --->   Core 26 'Sel' <Latency = 0> <II = 1> <Delay = 1.48> <FuncUnit> <Opcode : 'select'> <InPorts = 3> <OutPorts = 1>
ST_38 : Operation 162 [1/1] (2.42ns)   --->   "%tmp_33_1 = icmp sgt i16 %p_Result_1, %tp_d1_V_2_1" [pool_stream/pool.cpp:92]   --->   Core 25 'Cmp' <Latency = 0> <II = 1> <Delay = 2.47> <FuncUnit> <Opcode : 'icmp'> <InPorts = 2> <OutPorts = 1>
ST_38 : Operation 163 [1/1] (0.00ns)   --->   "%p_Result_2 = call i16 @_ssdm_op_PartSelect.i16.i128.i32.i32(i128 %p_Val2_6, i32 32, i32 47)" [pool_stream/pool.cpp:82]
ST_38 : Operation 164 [1/1] (0.00ns)   --->   "%p_Result_8_2 = call i16 @_ssdm_op_PartSelect.i16.i128.i32.i32(i128 %p_Val2_load_1, i32 32, i32 47)" [pool_stream/pool.cpp:83]
ST_38 : Operation 165 [1/1] (0.00ns)   --->   "%p_Result_9_2 = call i16 @_ssdm_op_PartSelect.i16.i128.i32.i32(i128 %p_Val2_4_load, i32 32, i32 47)" [pool_stream/pool.cpp:84]
ST_38 : Operation 166 [1/1] (0.00ns)   --->   "%p_Result_10_2 = call i16 @_ssdm_op_PartSelect.i16.i128.i32.i32(i128 %p_Val2_5_load, i32 32, i32 47)" [pool_stream/pool.cpp:85]
ST_38 : Operation 167 [1/1] (2.42ns)   --->   "%tmp_25_2 = icmp sgt i16 %p_Result_2, %p_Result_8_2" [pool_stream/pool.cpp:90]   --->   Core 25 'Cmp' <Latency = 0> <II = 1> <Delay = 2.47> <FuncUnit> <Opcode : 'icmp'> <InPorts = 2> <OutPorts = 1>
ST_38 : Operation 168 [1/1] (2.42ns)   --->   "%tmp_27_2 = icmp sgt i16 %p_Result_8_2, %p_Result_9_2" [pool_stream/pool.cpp:91]   --->   Core 25 'Cmp' <Latency = 0> <II = 1> <Delay = 2.47> <FuncUnit> <Opcode : 'icmp'> <InPorts = 2> <OutPorts = 1>
ST_38 : Operation 169 [1/1] (0.80ns)   --->   "%tmp_28_2 = select i1 %tmp_27_2, i16 %p_Result_8_2, i16 %p_Result_9_2" [pool_stream/pool.cpp:91]   --->   Core 26 'Sel' <Latency = 0> <II = 1> <Delay = 1.48> <FuncUnit> <Opcode : 'select'> <InPorts = 3> <OutPorts = 1>
ST_38 : Operation 170 [1/1] (2.42ns)   --->   "%tmp_29_2 = icmp sgt i16 %p_Result_2, %tmp_28_2" [pool_stream/pool.cpp:91]   --->   Core 25 'Cmp' <Latency = 0> <II = 1> <Delay = 2.47> <FuncUnit> <Opcode : 'icmp'> <InPorts = 2> <OutPorts = 1>
ST_38 : Operation 171 [1/1] (2.42ns)   --->   "%tmp_30_2 = icmp sgt i16 %p_Result_9_2, %p_Result_10_2" [pool_stream/pool.cpp:92]   --->   Core 25 'Cmp' <Latency = 0> <II = 1> <Delay = 2.47> <FuncUnit> <Opcode : 'icmp'> <InPorts = 2> <OutPorts = 1>
ST_38 : Operation 172 [1/1] (0.80ns)   --->   "%tmp_31_2 = select i1 %tmp_30_2, i16 %p_Result_9_2, i16 %p_Result_10_2" [pool_stream/pool.cpp:92]   --->   Core 26 'Sel' <Latency = 0> <II = 1> <Delay = 1.48> <FuncUnit> <Opcode : 'select'> <InPorts = 3> <OutPorts = 1>
ST_38 : Operation 173 [1/1] (2.42ns)   --->   "%tmp_32_2 = icmp sgt i16 %p_Result_8_2, %tmp_31_2" [pool_stream/pool.cpp:92]   --->   Core 25 'Cmp' <Latency = 0> <II = 1> <Delay = 2.47> <FuncUnit> <Opcode : 'icmp'> <InPorts = 2> <OutPorts = 1>
ST_38 : Operation 174 [1/1] (0.80ns)   --->   "%tp_d1_V_2_2 = select i1 %tmp_32_2, i16 %p_Result_8_2, i16 %tmp_31_2" [pool_stream/pool.cpp:92]   --->   Core 26 'Sel' <Latency = 0> <II = 1> <Delay = 1.48> <FuncUnit> <Opcode : 'select'> <InPorts = 3> <OutPorts = 1>
ST_38 : Operation 175 [1/1] (2.42ns)   --->   "%tmp_33_2 = icmp sgt i16 %p_Result_2, %tp_d1_V_2_2" [pool_stream/pool.cpp:92]   --->   Core 25 'Cmp' <Latency = 0> <II = 1> <Delay = 2.47> <FuncUnit> <Opcode : 'icmp'> <InPorts = 2> <OutPorts = 1>
ST_38 : Operation 176 [1/1] (0.00ns)   --->   "%p_Result_3 = call i16 @_ssdm_op_PartSelect.i16.i128.i32.i32(i128 %p_Val2_6, i32 48, i32 63)" [pool_stream/pool.cpp:82]
ST_38 : Operation 177 [1/1] (0.00ns)   --->   "%p_Result_8_3 = call i16 @_ssdm_op_PartSelect.i16.i128.i32.i32(i128 %p_Val2_load_1, i32 48, i32 63)" [pool_stream/pool.cpp:83]
ST_38 : Operation 178 [1/1] (0.00ns)   --->   "%p_Result_9_3 = call i16 @_ssdm_op_PartSelect.i16.i128.i32.i32(i128 %p_Val2_4_load, i32 48, i32 63)" [pool_stream/pool.cpp:84]
ST_38 : Operation 179 [1/1] (0.00ns)   --->   "%p_Result_10_3 = call i16 @_ssdm_op_PartSelect.i16.i128.i32.i32(i128 %p_Val2_5_load, i32 48, i32 63)" [pool_stream/pool.cpp:85]
ST_38 : Operation 180 [1/1] (2.42ns)   --->   "%tmp_30_3 = icmp sgt i16 %p_Result_9_3, %p_Result_10_3" [pool_stream/pool.cpp:92]   --->   Core 25 'Cmp' <Latency = 0> <II = 1> <Delay = 2.47> <FuncUnit> <Opcode : 'icmp'> <InPorts = 2> <OutPorts = 1>
ST_38 : Operation 181 [1/1] (0.80ns)   --->   "%tmp_31_3 = select i1 %tmp_30_3, i16 %p_Result_9_3, i16 %p_Result_10_3" [pool_stream/pool.cpp:92]   --->   Core 26 'Sel' <Latency = 0> <II = 1> <Delay = 1.48> <FuncUnit> <Opcode : 'select'> <InPorts = 3> <OutPorts = 1>
ST_38 : Operation 182 [1/1] (2.42ns)   --->   "%tmp_32_3 = icmp sgt i16 %p_Result_8_3, %tmp_31_3" [pool_stream/pool.cpp:92]   --->   Core 25 'Cmp' <Latency = 0> <II = 1> <Delay = 2.47> <FuncUnit> <Opcode : 'icmp'> <InPorts = 2> <OutPorts = 1>
ST_38 : Operation 183 [1/1] (0.80ns)   --->   "%tp_d1_V_2_3 = select i1 %tmp_32_3, i16 %p_Result_8_3, i16 %tmp_31_3" [pool_stream/pool.cpp:92]   --->   Core 26 'Sel' <Latency = 0> <II = 1> <Delay = 1.48> <FuncUnit> <Opcode : 'select'> <InPorts = 3> <OutPorts = 1>
ST_38 : Operation 184 [1/1] (0.00ns)   --->   "%p_Result_4 = call i16 @_ssdm_op_PartSelect.i16.i128.i32.i32(i128 %p_Val2_6, i32 64, i32 79)" [pool_stream/pool.cpp:82]
ST_38 : Operation 185 [1/1] (0.00ns)   --->   "%p_Result_8_4 = call i16 @_ssdm_op_PartSelect.i16.i128.i32.i32(i128 %p_Val2_load_1, i32 64, i32 79)" [pool_stream/pool.cpp:83]
ST_38 : Operation 186 [1/1] (0.00ns)   --->   "%p_Result_9_4 = call i16 @_ssdm_op_PartSelect.i16.i128.i32.i32(i128 %p_Val2_4_load, i32 64, i32 79)" [pool_stream/pool.cpp:84]
ST_38 : Operation 187 [1/1] (0.00ns)   --->   "%p_Result_10_4 = call i16 @_ssdm_op_PartSelect.i16.i128.i32.i32(i128 %p_Val2_5_load, i32 64, i32 79)" [pool_stream/pool.cpp:85]
ST_38 : Operation 188 [1/1] (0.00ns)   --->   "%p_Result_5 = call i16 @_ssdm_op_PartSelect.i16.i128.i32.i32(i128 %p_Val2_6, i32 80, i32 95)" [pool_stream/pool.cpp:82]
ST_38 : Operation 189 [1/1] (0.00ns)   --->   "%p_Result_8_5 = call i16 @_ssdm_op_PartSelect.i16.i128.i32.i32(i128 %p_Val2_load_1, i32 80, i32 95)" [pool_stream/pool.cpp:83]
ST_38 : Operation 190 [1/1] (0.00ns)   --->   "%p_Result_9_5 = call i16 @_ssdm_op_PartSelect.i16.i128.i32.i32(i128 %p_Val2_4_load, i32 80, i32 95)" [pool_stream/pool.cpp:84]
ST_38 : Operation 191 [1/1] (0.00ns)   --->   "%p_Result_10_5 = call i16 @_ssdm_op_PartSelect.i16.i128.i32.i32(i128 %p_Val2_5_load, i32 80, i32 95)" [pool_stream/pool.cpp:85]
ST_38 : Operation 192 [1/1] (0.00ns)   --->   "%p_Result_6 = call i16 @_ssdm_op_PartSelect.i16.i128.i32.i32(i128 %p_Val2_6, i32 96, i32 111)" [pool_stream/pool.cpp:82]
ST_38 : Operation 193 [1/1] (0.00ns)   --->   "%p_Result_8_6 = call i16 @_ssdm_op_PartSelect.i16.i128.i32.i32(i128 %p_Val2_load_1, i32 96, i32 111)" [pool_stream/pool.cpp:83]
ST_38 : Operation 194 [1/1] (0.00ns)   --->   "%p_Result_9_6 = call i16 @_ssdm_op_PartSelect.i16.i128.i32.i32(i128 %p_Val2_4_load, i32 96, i32 111)" [pool_stream/pool.cpp:84]
ST_38 : Operation 195 [1/1] (0.00ns)   --->   "%p_Result_10_6 = call i16 @_ssdm_op_PartSelect.i16.i128.i32.i32(i128 %p_Val2_5_load, i32 96, i32 111)" [pool_stream/pool.cpp:85]
ST_38 : Operation 196 [1/1] (0.00ns)   --->   "%p_Result_7 = call i16 @_ssdm_op_PartSelect.i16.i128.i32.i32(i128 %p_Val2_6, i32 112, i32 127)" [pool_stream/pool.cpp:82]
ST_38 : Operation 197 [1/1] (0.00ns)   --->   "%p_Result_8_7 = call i16 @_ssdm_op_PartSelect.i16.i128.i32.i32(i128 %p_Val2_load_1, i32 112, i32 127)" [pool_stream/pool.cpp:83]
ST_38 : Operation 198 [1/1] (0.00ns)   --->   "%p_Result_9_7 = call i16 @_ssdm_op_PartSelect.i16.i128.i32.i32(i128 %p_Val2_4_load, i32 112, i32 127)" [pool_stream/pool.cpp:84]
ST_38 : Operation 199 [1/1] (0.00ns)   --->   "%p_Result_10_7 = call i16 @_ssdm_op_PartSelect.i16.i128.i32.i32(i128 %p_Val2_5_load, i32 112, i32 127)" [pool_stream/pool.cpp:85]

 <State 39> : 61.54ns
ST_39 : Operation 200 [1/1] (0.00ns)   --->   "%tmp_V_load = load i128* %tmp_V"
ST_39 : Operation 201 [1/1] (0.00ns) (grouped into LUT with out node p_0215_4)   --->   "%p_Result_11 = call i128 @llvm.part.set.i128.i16(i128 %tmp_V_load, i16 %tmp, i32 0, i32 15)" [pool_stream/pool.cpp:89]
ST_39 : Operation 202 [1/1] (0.00ns) (grouped into LUT with out node sel_tmp5)   --->   "%tmp_21 = select i1 %tmp_s, i16 %tmp, i16 %tmp_29" [pool_stream/pool.cpp:90]   --->   Core 26 'Sel' <Latency = 0> <II = 1> <Delay = 1.48> <FuncUnit> <Opcode : 'select'> <InPorts = 3> <OutPorts = 1>
ST_39 : Operation 203 [1/1] (0.00ns) (grouped into LUT with out node sel_tmp5)   --->   "%p_Result_12 = call i128 @llvm.part.set.i128.i16(i128 %tmp_V_load, i16 %tmp_21, i32 0, i32 15)" [pool_stream/pool.cpp:90]
ST_39 : Operation 204 [1/1] (0.00ns) (grouped into LUT with out node sel_tmp3)   --->   "%tp_d0_V_2 = select i1 %tmp_24, i16 %tmp, i16 %tmp_23" [pool_stream/pool.cpp:91]   --->   Core 26 'Sel' <Latency = 0> <II = 1> <Delay = 1.48> <FuncUnit> <Opcode : 'select'> <InPorts = 3> <OutPorts = 1>
ST_39 : Operation 205 [1/1] (0.00ns) (grouped into LUT with out node sel_tmp3)   --->   "%p_Result_13 = call i128 @llvm.part.set.i128.i16(i128 %tmp_V_load, i16 %tp_d0_V_2, i32 0, i32 15)" [pool_stream/pool.cpp:91]
ST_39 : Operation 206 [1/1] (0.00ns) (grouped into LUT with out node sel_tmp1)   --->   "%p_in353_ld = select i1 %tmp_28, i16 %tmp, i16 %tp_d1_V_2" [pool_stream/pool.cpp:92]   --->   Core 26 'Sel' <Latency = 0> <II = 1> <Delay = 1.48> <FuncUnit> <Opcode : 'select'> <InPorts = 3> <OutPorts = 1>
ST_39 : Operation 207 [1/1] (0.00ns) (grouped into LUT with out node sel_tmp1)   --->   "%p_Result_s = call i128 @llvm.part.set.i128.i16(i128 %tmp_V_load, i16 %p_in353_ld, i32 0, i32 15)" [pool_stream/pool.cpp:92]
ST_39 : Operation 208 [1/1] (1.92ns) (out node of the LUT)   --->   "%sel_tmp1 = select i1 %sel_tmp, i128 %p_Result_s, i128 %tmp_V_load" [pool_stream/pool.cpp:92]   --->   Core 26 'Sel' <Latency = 0> <II = 1> <Delay = 1.48> <FuncUnit> <Opcode : 'select'> <InPorts = 3> <OutPorts = 1>
ST_39 : Operation 209 [1/1] (1.92ns) (out node of the LUT)   --->   "%sel_tmp3 = select i1 %sel_tmp2, i128 %p_Result_13, i128 %sel_tmp1" [pool_stream/pool.cpp:91]   --->   Core 26 'Sel' <Latency = 0> <II = 1> <Delay = 1.48> <FuncUnit> <Opcode : 'select'> <InPorts = 3> <OutPorts = 1>
ST_39 : Operation 210 [1/1] (1.92ns) (out node of the LUT)   --->   "%sel_tmp5 = select i1 %sel_tmp4, i128 %p_Result_12, i128 %sel_tmp3" [pool_stream/pool.cpp:90]   --->   Core 26 'Sel' <Latency = 0> <II = 1> <Delay = 1.48> <FuncUnit> <Opcode : 'select'> <InPorts = 3> <OutPorts = 1>
ST_39 : Operation 211 [1/1] (1.92ns) (out node of the LUT)   --->   "%p_0215_4 = select i1 %sel_tmp6, i128 %p_Result_11, i128 %sel_tmp5" [pool_stream/pool.cpp:89]   --->   Core 26 'Sel' <Latency = 0> <II = 1> <Delay = 1.48> <FuncUnit> <Opcode : 'select'> <InPorts = 3> <OutPorts = 1>
ST_39 : Operation 212 [1/1] (0.00ns) (grouped into LUT with out node p_0215_4_1)   --->   "%p_Result_11_1 = call i128 @llvm.part.set.i128.i16(i128 %p_0215_4, i16 %p_Result_1, i32 16, i32 31)" [pool_stream/pool.cpp:89]
ST_39 : Operation 213 [1/1] (0.00ns) (grouped into LUT with out node sel_tmp13)   --->   "%tmp_26_1 = select i1 %tmp_25_1, i16 %p_Result_1, i16 %p_Result_8_1" [pool_stream/pool.cpp:90]   --->   Core 26 'Sel' <Latency = 0> <II = 1> <Delay = 1.48> <FuncUnit> <Opcode : 'select'> <InPorts = 3> <OutPorts = 1>
ST_39 : Operation 214 [1/1] (0.00ns) (grouped into LUT with out node sel_tmp13)   --->   "%p_Result_12_1 = call i128 @llvm.part.set.i128.i16(i128 %p_0215_4, i16 %tmp_26_1, i32 16, i32 31)" [pool_stream/pool.cpp:90]
ST_39 : Operation 215 [1/1] (0.00ns) (grouped into LUT with out node sel_tmp11)   --->   "%tp_d0_V_2_1 = select i1 %tmp_29_1, i16 %p_Result_1, i16 %tmp_28_1" [pool_stream/pool.cpp:91]   --->   Core 26 'Sel' <Latency = 0> <II = 1> <Delay = 1.48> <FuncUnit> <Opcode : 'select'> <InPorts = 3> <OutPorts = 1>
ST_39 : Operation 216 [1/1] (0.00ns) (grouped into LUT with out node sel_tmp11)   --->   "%p_Result_13_1 = call i128 @llvm.part.set.i128.i16(i128 %p_0215_4, i16 %tp_d0_V_2_1, i32 16, i32 31)" [pool_stream/pool.cpp:91]
ST_39 : Operation 217 [1/1] (0.00ns) (grouped into LUT with out node sel_tmp9)   --->   "%p_in353_ld_1 = select i1 %tmp_33_1, i16 %p_Result_1, i16 %tp_d1_V_2_1" [pool_stream/pool.cpp:92]   --->   Core 26 'Sel' <Latency = 0> <II = 1> <Delay = 1.48> <FuncUnit> <Opcode : 'select'> <InPorts = 3> <OutPorts = 1>
ST_39 : Operation 218 [1/1] (0.00ns) (grouped into LUT with out node sel_tmp9)   --->   "%p_Result_14_1 = call i128 @llvm.part.set.i128.i16(i128 %p_0215_4, i16 %p_in353_ld_1, i32 16, i32 31)" [pool_stream/pool.cpp:92]
ST_39 : Operation 219 [1/1] (1.92ns) (out node of the LUT)   --->   "%sel_tmp9 = select i1 %sel_tmp, i128 %p_Result_14_1, i128 %p_0215_4" [pool_stream/pool.cpp:92]   --->   Core 26 'Sel' <Latency = 0> <II = 1> <Delay = 1.48> <FuncUnit> <Opcode : 'select'> <InPorts = 3> <OutPorts = 1>
ST_39 : Operation 220 [1/1] (1.92ns) (out node of the LUT)   --->   "%sel_tmp11 = select i1 %sel_tmp2, i128 %p_Result_13_1, i128 %sel_tmp9" [pool_stream/pool.cpp:91]   --->   Core 26 'Sel' <Latency = 0> <II = 1> <Delay = 1.48> <FuncUnit> <Opcode : 'select'> <InPorts = 3> <OutPorts = 1>
ST_39 : Operation 221 [1/1] (1.92ns) (out node of the LUT)   --->   "%sel_tmp13 = select i1 %sel_tmp4, i128 %p_Result_12_1, i128 %sel_tmp11" [pool_stream/pool.cpp:90]   --->   Core 26 'Sel' <Latency = 0> <II = 1> <Delay = 1.48> <FuncUnit> <Opcode : 'select'> <InPorts = 3> <OutPorts = 1>
ST_39 : Operation 222 [1/1] (1.92ns) (out node of the LUT)   --->   "%p_0215_4_1 = select i1 %sel_tmp6, i128 %p_Result_11_1, i128 %sel_tmp13" [pool_stream/pool.cpp:89]   --->   Core 26 'Sel' <Latency = 0> <II = 1> <Delay = 1.48> <FuncUnit> <Opcode : 'select'> <InPorts = 3> <OutPorts = 1>
ST_39 : Operation 223 [1/1] (0.00ns) (grouped into LUT with out node p_0215_4_2)   --->   "%p_Result_11_2 = call i128 @llvm.part.set.i128.i16(i128 %p_0215_4_1, i16 %p_Result_2, i32 32, i32 47)" [pool_stream/pool.cpp:89]
ST_39 : Operation 224 [1/1] (0.00ns) (grouped into LUT with out node sel_tmp21)   --->   "%tmp_26_2 = select i1 %tmp_25_2, i16 %p_Result_2, i16 %p_Result_8_2" [pool_stream/pool.cpp:90]   --->   Core 26 'Sel' <Latency = 0> <II = 1> <Delay = 1.48> <FuncUnit> <Opcode : 'select'> <InPorts = 3> <OutPorts = 1>
ST_39 : Operation 225 [1/1] (0.00ns) (grouped into LUT with out node sel_tmp21)   --->   "%p_Result_12_2 = call i128 @llvm.part.set.i128.i16(i128 %p_0215_4_1, i16 %tmp_26_2, i32 32, i32 47)" [pool_stream/pool.cpp:90]
ST_39 : Operation 226 [1/1] (0.00ns) (grouped into LUT with out node sel_tmp19)   --->   "%tp_d0_V_2_2 = select i1 %tmp_29_2, i16 %p_Result_2, i16 %tmp_28_2" [pool_stream/pool.cpp:91]   --->   Core 26 'Sel' <Latency = 0> <II = 1> <Delay = 1.48> <FuncUnit> <Opcode : 'select'> <InPorts = 3> <OutPorts = 1>
ST_39 : Operation 227 [1/1] (0.00ns) (grouped into LUT with out node sel_tmp19)   --->   "%p_Result_13_2 = call i128 @llvm.part.set.i128.i16(i128 %p_0215_4_1, i16 %tp_d0_V_2_2, i32 32, i32 47)" [pool_stream/pool.cpp:91]
ST_39 : Operation 228 [1/1] (0.00ns) (grouped into LUT with out node sel_tmp17)   --->   "%p_in353_ld_2 = select i1 %tmp_33_2, i16 %p_Result_2, i16 %tp_d1_V_2_2" [pool_stream/pool.cpp:92]   --->   Core 26 'Sel' <Latency = 0> <II = 1> <Delay = 1.48> <FuncUnit> <Opcode : 'select'> <InPorts = 3> <OutPorts = 1>
ST_39 : Operation 229 [1/1] (0.00ns) (grouped into LUT with out node sel_tmp17)   --->   "%p_Result_14_2 = call i128 @llvm.part.set.i128.i16(i128 %p_0215_4_1, i16 %p_in353_ld_2, i32 32, i32 47)" [pool_stream/pool.cpp:92]
ST_39 : Operation 230 [1/1] (1.92ns) (out node of the LUT)   --->   "%sel_tmp17 = select i1 %sel_tmp, i128 %p_Result_14_2, i128 %p_0215_4_1" [pool_stream/pool.cpp:92]   --->   Core 26 'Sel' <Latency = 0> <II = 1> <Delay = 1.48> <FuncUnit> <Opcode : 'select'> <InPorts = 3> <OutPorts = 1>
ST_39 : Operation 231 [1/1] (1.92ns) (out node of the LUT)   --->   "%sel_tmp19 = select i1 %sel_tmp2, i128 %p_Result_13_2, i128 %sel_tmp17" [pool_stream/pool.cpp:91]   --->   Core 26 'Sel' <Latency = 0> <II = 1> <Delay = 1.48> <FuncUnit> <Opcode : 'select'> <InPorts = 3> <OutPorts = 1>
ST_39 : Operation 232 [1/1] (1.92ns) (out node of the LUT)   --->   "%sel_tmp21 = select i1 %sel_tmp4, i128 %p_Result_12_2, i128 %sel_tmp19" [pool_stream/pool.cpp:90]   --->   Core 26 'Sel' <Latency = 0> <II = 1> <Delay = 1.48> <FuncUnit> <Opcode : 'select'> <InPorts = 3> <OutPorts = 1>
ST_39 : Operation 233 [1/1] (1.92ns) (out node of the LUT)   --->   "%p_0215_4_2 = select i1 %sel_tmp6, i128 %p_Result_11_2, i128 %sel_tmp21" [pool_stream/pool.cpp:89]   --->   Core 26 'Sel' <Latency = 0> <II = 1> <Delay = 1.48> <FuncUnit> <Opcode : 'select'> <InPorts = 3> <OutPorts = 1>
ST_39 : Operation 234 [1/1] (0.00ns) (grouped into LUT with out node p_0215_4_3)   --->   "%p_Result_11_3 = call i128 @llvm.part.set.i128.i16(i128 %p_0215_4_2, i16 %p_Result_3, i32 48, i32 63)" [pool_stream/pool.cpp:89]
ST_39 : Operation 235 [1/1] (2.42ns)   --->   "%tmp_25_3 = icmp sgt i16 %p_Result_3, %p_Result_8_3" [pool_stream/pool.cpp:90]   --->   Core 25 'Cmp' <Latency = 0> <II = 1> <Delay = 2.47> <FuncUnit> <Opcode : 'icmp'> <InPorts = 2> <OutPorts = 1>
ST_39 : Operation 236 [1/1] (0.00ns) (grouped into LUT with out node sel_tmp28)   --->   "%tmp_26_3 = select i1 %tmp_25_3, i16 %p_Result_3, i16 %p_Result_8_3" [pool_stream/pool.cpp:90]   --->   Core 26 'Sel' <Latency = 0> <II = 1> <Delay = 1.48> <FuncUnit> <Opcode : 'select'> <InPorts = 3> <OutPorts = 1>
ST_39 : Operation 237 [1/1] (0.00ns) (grouped into LUT with out node sel_tmp28)   --->   "%p_Result_12_3 = call i128 @llvm.part.set.i128.i16(i128 %p_0215_4_2, i16 %tmp_26_3, i32 48, i32 63)" [pool_stream/pool.cpp:90]
ST_39 : Operation 238 [1/1] (2.42ns)   --->   "%tmp_27_3 = icmp sgt i16 %p_Result_8_3, %p_Result_9_3" [pool_stream/pool.cpp:91]   --->   Core 25 'Cmp' <Latency = 0> <II = 1> <Delay = 2.47> <FuncUnit> <Opcode : 'icmp'> <InPorts = 2> <OutPorts = 1>
ST_39 : Operation 239 [1/1] (0.80ns)   --->   "%tmp_28_3 = select i1 %tmp_27_3, i16 %p_Result_8_3, i16 %p_Result_9_3" [pool_stream/pool.cpp:91]   --->   Core 26 'Sel' <Latency = 0> <II = 1> <Delay = 1.48> <FuncUnit> <Opcode : 'select'> <InPorts = 3> <OutPorts = 1>
ST_39 : Operation 240 [1/1] (2.42ns)   --->   "%tmp_29_3 = icmp sgt i16 %p_Result_3, %tmp_28_3" [pool_stream/pool.cpp:91]   --->   Core 25 'Cmp' <Latency = 0> <II = 1> <Delay = 2.47> <FuncUnit> <Opcode : 'icmp'> <InPorts = 2> <OutPorts = 1>
ST_39 : Operation 241 [1/1] (0.00ns) (grouped into LUT with out node sel_tmp27)   --->   "%tp_d0_V_2_3 = select i1 %tmp_29_3, i16 %p_Result_3, i16 %tmp_28_3" [pool_stream/pool.cpp:91]   --->   Core 26 'Sel' <Latency = 0> <II = 1> <Delay = 1.48> <FuncUnit> <Opcode : 'select'> <InPorts = 3> <OutPorts = 1>
ST_39 : Operation 242 [1/1] (0.00ns) (grouped into LUT with out node sel_tmp27)   --->   "%p_Result_13_3 = call i128 @llvm.part.set.i128.i16(i128 %p_0215_4_2, i16 %tp_d0_V_2_3, i32 48, i32 63)" [pool_stream/pool.cpp:91]
ST_39 : Operation 243 [1/1] (2.42ns)   --->   "%tmp_33_3 = icmp sgt i16 %p_Result_3, %tp_d1_V_2_3" [pool_stream/pool.cpp:92]   --->   Core 25 'Cmp' <Latency = 0> <II = 1> <Delay = 2.47> <FuncUnit> <Opcode : 'icmp'> <InPorts = 2> <OutPorts = 1>
ST_39 : Operation 244 [1/1] (0.00ns) (grouped into LUT with out node sel_tmp25)   --->   "%p_in353_ld_3 = select i1 %tmp_33_3, i16 %p_Result_3, i16 %tp_d1_V_2_3" [pool_stream/pool.cpp:92]   --->   Core 26 'Sel' <Latency = 0> <II = 1> <Delay = 1.48> <FuncUnit> <Opcode : 'select'> <InPorts = 3> <OutPorts = 1>
ST_39 : Operation 245 [1/1] (0.00ns) (grouped into LUT with out node sel_tmp25)   --->   "%p_Result_14_3 = call i128 @llvm.part.set.i128.i16(i128 %p_0215_4_2, i16 %p_in353_ld_3, i32 48, i32 63)" [pool_stream/pool.cpp:92]
ST_39 : Operation 246 [1/1] (1.92ns) (out node of the LUT)   --->   "%sel_tmp25 = select i1 %sel_tmp, i128 %p_Result_14_3, i128 %p_0215_4_2" [pool_stream/pool.cpp:92]   --->   Core 26 'Sel' <Latency = 0> <II = 1> <Delay = 1.48> <FuncUnit> <Opcode : 'select'> <InPorts = 3> <OutPorts = 1>
ST_39 : Operation 247 [1/1] (1.92ns) (out node of the LUT)   --->   "%sel_tmp27 = select i1 %sel_tmp2, i128 %p_Result_13_3, i128 %sel_tmp25" [pool_stream/pool.cpp:91]   --->   Core 26 'Sel' <Latency = 0> <II = 1> <Delay = 1.48> <FuncUnit> <Opcode : 'select'> <InPorts = 3> <OutPorts = 1>
ST_39 : Operation 248 [1/1] (1.92ns) (out node of the LUT)   --->   "%sel_tmp28 = select i1 %sel_tmp4, i128 %p_Result_12_3, i128 %sel_tmp27" [pool_stream/pool.cpp:90]   --->   Core 26 'Sel' <Latency = 0> <II = 1> <Delay = 1.48> <FuncUnit> <Opcode : 'select'> <InPorts = 3> <OutPorts = 1>
ST_39 : Operation 249 [1/1] (1.92ns) (out node of the LUT)   --->   "%p_0215_4_3 = select i1 %sel_tmp6, i128 %p_Result_11_3, i128 %sel_tmp28" [pool_stream/pool.cpp:89]   --->   Core 26 'Sel' <Latency = 0> <II = 1> <Delay = 1.48> <FuncUnit> <Opcode : 'select'> <InPorts = 3> <OutPorts = 1>
ST_39 : Operation 250 [1/1] (0.00ns) (grouped into LUT with out node p_0215_4_4)   --->   "%p_Result_11_4 = call i128 @llvm.part.set.i128.i16(i128 %p_0215_4_3, i16 %p_Result_4, i32 64, i32 79)" [pool_stream/pool.cpp:89]
ST_39 : Operation 251 [1/1] (2.42ns)   --->   "%tmp_25_4 = icmp sgt i16 %p_Result_4, %p_Result_8_4" [pool_stream/pool.cpp:90]   --->   Core 25 'Cmp' <Latency = 0> <II = 1> <Delay = 2.47> <FuncUnit> <Opcode : 'icmp'> <InPorts = 2> <OutPorts = 1>
ST_39 : Operation 252 [1/1] (0.00ns) (grouped into LUT with out node sel_tmp31)   --->   "%tmp_26_4 = select i1 %tmp_25_4, i16 %p_Result_4, i16 %p_Result_8_4" [pool_stream/pool.cpp:90]   --->   Core 26 'Sel' <Latency = 0> <II = 1> <Delay = 1.48> <FuncUnit> <Opcode : 'select'> <InPorts = 3> <OutPorts = 1>
ST_39 : Operation 253 [1/1] (0.00ns) (grouped into LUT with out node sel_tmp31)   --->   "%p_Result_12_4 = call i128 @llvm.part.set.i128.i16(i128 %p_0215_4_3, i16 %tmp_26_4, i32 64, i32 79)" [pool_stream/pool.cpp:90]
ST_39 : Operation 254 [1/1] (2.42ns)   --->   "%tmp_27_4 = icmp sgt i16 %p_Result_8_4, %p_Result_9_4" [pool_stream/pool.cpp:91]   --->   Core 25 'Cmp' <Latency = 0> <II = 1> <Delay = 2.47> <FuncUnit> <Opcode : 'icmp'> <InPorts = 2> <OutPorts = 1>
ST_39 : Operation 255 [1/1] (0.80ns)   --->   "%tmp_28_4 = select i1 %tmp_27_4, i16 %p_Result_8_4, i16 %p_Result_9_4" [pool_stream/pool.cpp:91]   --->   Core 26 'Sel' <Latency = 0> <II = 1> <Delay = 1.48> <FuncUnit> <Opcode : 'select'> <InPorts = 3> <OutPorts = 1>
ST_39 : Operation 256 [1/1] (2.42ns)   --->   "%tmp_29_4 = icmp sgt i16 %p_Result_4, %tmp_28_4" [pool_stream/pool.cpp:91]   --->   Core 25 'Cmp' <Latency = 0> <II = 1> <Delay = 2.47> <FuncUnit> <Opcode : 'icmp'> <InPorts = 2> <OutPorts = 1>
ST_39 : Operation 257 [1/1] (0.00ns) (grouped into LUT with out node sel_tmp30)   --->   "%tp_d0_V_2_4 = select i1 %tmp_29_4, i16 %p_Result_4, i16 %tmp_28_4" [pool_stream/pool.cpp:91]   --->   Core 26 'Sel' <Latency = 0> <II = 1> <Delay = 1.48> <FuncUnit> <Opcode : 'select'> <InPorts = 3> <OutPorts = 1>
ST_39 : Operation 258 [1/1] (0.00ns) (grouped into LUT with out node sel_tmp30)   --->   "%p_Result_13_4 = call i128 @llvm.part.set.i128.i16(i128 %p_0215_4_3, i16 %tp_d0_V_2_4, i32 64, i32 79)" [pool_stream/pool.cpp:91]
ST_39 : Operation 259 [1/1] (2.42ns)   --->   "%tmp_30_4 = icmp sgt i16 %p_Result_9_4, %p_Result_10_4" [pool_stream/pool.cpp:92]   --->   Core 25 'Cmp' <Latency = 0> <II = 1> <Delay = 2.47> <FuncUnit> <Opcode : 'icmp'> <InPorts = 2> <OutPorts = 1>
ST_39 : Operation 260 [1/1] (0.80ns)   --->   "%tmp_31_4 = select i1 %tmp_30_4, i16 %p_Result_9_4, i16 %p_Result_10_4" [pool_stream/pool.cpp:92]   --->   Core 26 'Sel' <Latency = 0> <II = 1> <Delay = 1.48> <FuncUnit> <Opcode : 'select'> <InPorts = 3> <OutPorts = 1>
ST_39 : Operation 261 [1/1] (2.42ns)   --->   "%tmp_32_4 = icmp sgt i16 %p_Result_8_4, %tmp_31_4" [pool_stream/pool.cpp:92]   --->   Core 25 'Cmp' <Latency = 0> <II = 1> <Delay = 2.47> <FuncUnit> <Opcode : 'icmp'> <InPorts = 2> <OutPorts = 1>
ST_39 : Operation 262 [1/1] (0.80ns)   --->   "%tp_d1_V_2_4 = select i1 %tmp_32_4, i16 %p_Result_8_4, i16 %tmp_31_4" [pool_stream/pool.cpp:92]   --->   Core 26 'Sel' <Latency = 0> <II = 1> <Delay = 1.48> <FuncUnit> <Opcode : 'select'> <InPorts = 3> <OutPorts = 1>
ST_39 : Operation 263 [1/1] (2.42ns)   --->   "%tmp_33_4 = icmp sgt i16 %p_Result_4, %tp_d1_V_2_4" [pool_stream/pool.cpp:92]   --->   Core 25 'Cmp' <Latency = 0> <II = 1> <Delay = 2.47> <FuncUnit> <Opcode : 'icmp'> <InPorts = 2> <OutPorts = 1>
ST_39 : Operation 264 [1/1] (0.00ns) (grouped into LUT with out node sel_tmp29)   --->   "%p_in353_ld_4 = select i1 %tmp_33_4, i16 %p_Result_4, i16 %tp_d1_V_2_4" [pool_stream/pool.cpp:92]   --->   Core 26 'Sel' <Latency = 0> <II = 1> <Delay = 1.48> <FuncUnit> <Opcode : 'select'> <InPorts = 3> <OutPorts = 1>
ST_39 : Operation 265 [1/1] (0.00ns) (grouped into LUT with out node sel_tmp29)   --->   "%p_Result_14_4 = call i128 @llvm.part.set.i128.i16(i128 %p_0215_4_3, i16 %p_in353_ld_4, i32 64, i32 79)" [pool_stream/pool.cpp:92]
ST_39 : Operation 266 [1/1] (1.92ns) (out node of the LUT)   --->   "%sel_tmp29 = select i1 %sel_tmp, i128 %p_Result_14_4, i128 %p_0215_4_3" [pool_stream/pool.cpp:92]   --->   Core 26 'Sel' <Latency = 0> <II = 1> <Delay = 1.48> <FuncUnit> <Opcode : 'select'> <InPorts = 3> <OutPorts = 1>
ST_39 : Operation 267 [1/1] (1.92ns) (out node of the LUT)   --->   "%sel_tmp30 = select i1 %sel_tmp2, i128 %p_Result_13_4, i128 %sel_tmp29" [pool_stream/pool.cpp:91]   --->   Core 26 'Sel' <Latency = 0> <II = 1> <Delay = 1.48> <FuncUnit> <Opcode : 'select'> <InPorts = 3> <OutPorts = 1>
ST_39 : Operation 268 [1/1] (1.92ns) (out node of the LUT)   --->   "%sel_tmp31 = select i1 %sel_tmp4, i128 %p_Result_12_4, i128 %sel_tmp30" [pool_stream/pool.cpp:90]   --->   Core 26 'Sel' <Latency = 0> <II = 1> <Delay = 1.48> <FuncUnit> <Opcode : 'select'> <InPorts = 3> <OutPorts = 1>
ST_39 : Operation 269 [1/1] (1.92ns) (out node of the LUT)   --->   "%p_0215_4_4 = select i1 %sel_tmp6, i128 %p_Result_11_4, i128 %sel_tmp31" [pool_stream/pool.cpp:89]   --->   Core 26 'Sel' <Latency = 0> <II = 1> <Delay = 1.48> <FuncUnit> <Opcode : 'select'> <InPorts = 3> <OutPorts = 1>
ST_39 : Operation 270 [1/1] (0.00ns) (grouped into LUT with out node p_0215_4_5)   --->   "%p_Result_11_5 = call i128 @llvm.part.set.i128.i16(i128 %p_0215_4_4, i16 %p_Result_5, i32 80, i32 95)" [pool_stream/pool.cpp:89]
ST_39 : Operation 271 [1/1] (2.42ns)   --->   "%tmp_25_5 = icmp sgt i16 %p_Result_5, %p_Result_8_5" [pool_stream/pool.cpp:90]   --->   Core 25 'Cmp' <Latency = 0> <II = 1> <Delay = 2.47> <FuncUnit> <Opcode : 'icmp'> <InPorts = 2> <OutPorts = 1>
ST_39 : Operation 272 [1/1] (0.00ns) (grouped into LUT with out node sel_tmp34)   --->   "%tmp_26_5 = select i1 %tmp_25_5, i16 %p_Result_5, i16 %p_Result_8_5" [pool_stream/pool.cpp:90]   --->   Core 26 'Sel' <Latency = 0> <II = 1> <Delay = 1.48> <FuncUnit> <Opcode : 'select'> <InPorts = 3> <OutPorts = 1>
ST_39 : Operation 273 [1/1] (0.00ns) (grouped into LUT with out node sel_tmp34)   --->   "%p_Result_12_5 = call i128 @llvm.part.set.i128.i16(i128 %p_0215_4_4, i16 %tmp_26_5, i32 80, i32 95)" [pool_stream/pool.cpp:90]
ST_39 : Operation 274 [1/1] (2.42ns)   --->   "%tmp_27_5 = icmp sgt i16 %p_Result_8_5, %p_Result_9_5" [pool_stream/pool.cpp:91]   --->   Core 25 'Cmp' <Latency = 0> <II = 1> <Delay = 2.47> <FuncUnit> <Opcode : 'icmp'> <InPorts = 2> <OutPorts = 1>
ST_39 : Operation 275 [1/1] (0.80ns)   --->   "%tmp_28_5 = select i1 %tmp_27_5, i16 %p_Result_8_5, i16 %p_Result_9_5" [pool_stream/pool.cpp:91]   --->   Core 26 'Sel' <Latency = 0> <II = 1> <Delay = 1.48> <FuncUnit> <Opcode : 'select'> <InPorts = 3> <OutPorts = 1>
ST_39 : Operation 276 [1/1] (2.42ns)   --->   "%tmp_29_5 = icmp sgt i16 %p_Result_5, %tmp_28_5" [pool_stream/pool.cpp:91]   --->   Core 25 'Cmp' <Latency = 0> <II = 1> <Delay = 2.47> <FuncUnit> <Opcode : 'icmp'> <InPorts = 2> <OutPorts = 1>
ST_39 : Operation 277 [1/1] (0.00ns) (grouped into LUT with out node sel_tmp33)   --->   "%tp_d0_V_2_5 = select i1 %tmp_29_5, i16 %p_Result_5, i16 %tmp_28_5" [pool_stream/pool.cpp:91]   --->   Core 26 'Sel' <Latency = 0> <II = 1> <Delay = 1.48> <FuncUnit> <Opcode : 'select'> <InPorts = 3> <OutPorts = 1>
ST_39 : Operation 278 [1/1] (0.00ns) (grouped into LUT with out node sel_tmp33)   --->   "%p_Result_13_5 = call i128 @llvm.part.set.i128.i16(i128 %p_0215_4_4, i16 %tp_d0_V_2_5, i32 80, i32 95)" [pool_stream/pool.cpp:91]
ST_39 : Operation 279 [1/1] (2.42ns)   --->   "%tmp_30_5 = icmp sgt i16 %p_Result_9_5, %p_Result_10_5" [pool_stream/pool.cpp:92]   --->   Core 25 'Cmp' <Latency = 0> <II = 1> <Delay = 2.47> <FuncUnit> <Opcode : 'icmp'> <InPorts = 2> <OutPorts = 1>
ST_39 : Operation 280 [1/1] (0.80ns)   --->   "%tmp_31_5 = select i1 %tmp_30_5, i16 %p_Result_9_5, i16 %p_Result_10_5" [pool_stream/pool.cpp:92]   --->   Core 26 'Sel' <Latency = 0> <II = 1> <Delay = 1.48> <FuncUnit> <Opcode : 'select'> <InPorts = 3> <OutPorts = 1>
ST_39 : Operation 281 [1/1] (2.42ns)   --->   "%tmp_32_5 = icmp sgt i16 %p_Result_8_5, %tmp_31_5" [pool_stream/pool.cpp:92]   --->   Core 25 'Cmp' <Latency = 0> <II = 1> <Delay = 2.47> <FuncUnit> <Opcode : 'icmp'> <InPorts = 2> <OutPorts = 1>
ST_39 : Operation 282 [1/1] (0.80ns)   --->   "%tp_d1_V_2_5 = select i1 %tmp_32_5, i16 %p_Result_8_5, i16 %tmp_31_5" [pool_stream/pool.cpp:92]   --->   Core 26 'Sel' <Latency = 0> <II = 1> <Delay = 1.48> <FuncUnit> <Opcode : 'select'> <InPorts = 3> <OutPorts = 1>
ST_39 : Operation 283 [1/1] (2.42ns)   --->   "%tmp_33_5 = icmp sgt i16 %p_Result_5, %tp_d1_V_2_5" [pool_stream/pool.cpp:92]   --->   Core 25 'Cmp' <Latency = 0> <II = 1> <Delay = 2.47> <FuncUnit> <Opcode : 'icmp'> <InPorts = 2> <OutPorts = 1>
ST_39 : Operation 284 [1/1] (0.00ns) (grouped into LUT with out node sel_tmp32)   --->   "%p_in353_ld_5 = select i1 %tmp_33_5, i16 %p_Result_5, i16 %tp_d1_V_2_5" [pool_stream/pool.cpp:92]   --->   Core 26 'Sel' <Latency = 0> <II = 1> <Delay = 1.48> <FuncUnit> <Opcode : 'select'> <InPorts = 3> <OutPorts = 1>
ST_39 : Operation 285 [1/1] (0.00ns) (grouped into LUT with out node sel_tmp32)   --->   "%p_Result_14_5 = call i128 @llvm.part.set.i128.i16(i128 %p_0215_4_4, i16 %p_in353_ld_5, i32 80, i32 95)" [pool_stream/pool.cpp:92]
ST_39 : Operation 286 [1/1] (1.92ns) (out node of the LUT)   --->   "%sel_tmp32 = select i1 %sel_tmp, i128 %p_Result_14_5, i128 %p_0215_4_4" [pool_stream/pool.cpp:92]   --->   Core 26 'Sel' <Latency = 0> <II = 1> <Delay = 1.48> <FuncUnit> <Opcode : 'select'> <InPorts = 3> <OutPorts = 1>
ST_39 : Operation 287 [1/1] (1.92ns) (out node of the LUT)   --->   "%sel_tmp33 = select i1 %sel_tmp2, i128 %p_Result_13_5, i128 %sel_tmp32" [pool_stream/pool.cpp:91]   --->   Core 26 'Sel' <Latency = 0> <II = 1> <Delay = 1.48> <FuncUnit> <Opcode : 'select'> <InPorts = 3> <OutPorts = 1>
ST_39 : Operation 288 [1/1] (1.92ns) (out node of the LUT)   --->   "%sel_tmp34 = select i1 %sel_tmp4, i128 %p_Result_12_5, i128 %sel_tmp33" [pool_stream/pool.cpp:90]   --->   Core 26 'Sel' <Latency = 0> <II = 1> <Delay = 1.48> <FuncUnit> <Opcode : 'select'> <InPorts = 3> <OutPorts = 1>
ST_39 : Operation 289 [1/1] (1.92ns) (out node of the LUT)   --->   "%p_0215_4_5 = select i1 %sel_tmp6, i128 %p_Result_11_5, i128 %sel_tmp34" [pool_stream/pool.cpp:89]   --->   Core 26 'Sel' <Latency = 0> <II = 1> <Delay = 1.48> <FuncUnit> <Opcode : 'select'> <InPorts = 3> <OutPorts = 1>
ST_39 : Operation 290 [1/1] (0.00ns) (grouped into LUT with out node p_0215_4_6)   --->   "%p_Result_11_6 = call i128 @llvm.part.set.i128.i16(i128 %p_0215_4_5, i16 %p_Result_6, i32 96, i32 111)" [pool_stream/pool.cpp:89]
ST_39 : Operation 291 [1/1] (2.42ns)   --->   "%tmp_25_6 = icmp sgt i16 %p_Result_6, %p_Result_8_6" [pool_stream/pool.cpp:90]   --->   Core 25 'Cmp' <Latency = 0> <II = 1> <Delay = 2.47> <FuncUnit> <Opcode : 'icmp'> <InPorts = 2> <OutPorts = 1>
ST_39 : Operation 292 [1/1] (0.00ns) (grouped into LUT with out node sel_tmp37)   --->   "%tmp_26_6 = select i1 %tmp_25_6, i16 %p_Result_6, i16 %p_Result_8_6" [pool_stream/pool.cpp:90]   --->   Core 26 'Sel' <Latency = 0> <II = 1> <Delay = 1.48> <FuncUnit> <Opcode : 'select'> <InPorts = 3> <OutPorts = 1>
ST_39 : Operation 293 [1/1] (0.00ns) (grouped into LUT with out node sel_tmp37)   --->   "%p_Result_12_6 = call i128 @llvm.part.set.i128.i16(i128 %p_0215_4_5, i16 %tmp_26_6, i32 96, i32 111)" [pool_stream/pool.cpp:90]
ST_39 : Operation 294 [1/1] (2.42ns)   --->   "%tmp_27_6 = icmp sgt i16 %p_Result_8_6, %p_Result_9_6" [pool_stream/pool.cpp:91]   --->   Core 25 'Cmp' <Latency = 0> <II = 1> <Delay = 2.47> <FuncUnit> <Opcode : 'icmp'> <InPorts = 2> <OutPorts = 1>
ST_39 : Operation 295 [1/1] (0.80ns)   --->   "%tmp_28_6 = select i1 %tmp_27_6, i16 %p_Result_8_6, i16 %p_Result_9_6" [pool_stream/pool.cpp:91]   --->   Core 26 'Sel' <Latency = 0> <II = 1> <Delay = 1.48> <FuncUnit> <Opcode : 'select'> <InPorts = 3> <OutPorts = 1>
ST_39 : Operation 296 [1/1] (2.42ns)   --->   "%tmp_29_6 = icmp sgt i16 %p_Result_6, %tmp_28_6" [pool_stream/pool.cpp:91]   --->   Core 25 'Cmp' <Latency = 0> <II = 1> <Delay = 2.47> <FuncUnit> <Opcode : 'icmp'> <InPorts = 2> <OutPorts = 1>
ST_39 : Operation 297 [1/1] (0.00ns) (grouped into LUT with out node sel_tmp36)   --->   "%tp_d0_V_2_6 = select i1 %tmp_29_6, i16 %p_Result_6, i16 %tmp_28_6" [pool_stream/pool.cpp:91]   --->   Core 26 'Sel' <Latency = 0> <II = 1> <Delay = 1.48> <FuncUnit> <Opcode : 'select'> <InPorts = 3> <OutPorts = 1>
ST_39 : Operation 298 [1/1] (0.00ns) (grouped into LUT with out node sel_tmp36)   --->   "%p_Result_13_6 = call i128 @llvm.part.set.i128.i16(i128 %p_0215_4_5, i16 %tp_d0_V_2_6, i32 96, i32 111)" [pool_stream/pool.cpp:91]
ST_39 : Operation 299 [1/1] (2.42ns)   --->   "%tmp_30_6 = icmp sgt i16 %p_Result_9_6, %p_Result_10_6" [pool_stream/pool.cpp:92]   --->   Core 25 'Cmp' <Latency = 0> <II = 1> <Delay = 2.47> <FuncUnit> <Opcode : 'icmp'> <InPorts = 2> <OutPorts = 1>
ST_39 : Operation 300 [1/1] (0.80ns)   --->   "%tmp_31_6 = select i1 %tmp_30_6, i16 %p_Result_9_6, i16 %p_Result_10_6" [pool_stream/pool.cpp:92]   --->   Core 26 'Sel' <Latency = 0> <II = 1> <Delay = 1.48> <FuncUnit> <Opcode : 'select'> <InPorts = 3> <OutPorts = 1>
ST_39 : Operation 301 [1/1] (2.42ns)   --->   "%tmp_32_6 = icmp sgt i16 %p_Result_8_6, %tmp_31_6" [pool_stream/pool.cpp:92]   --->   Core 25 'Cmp' <Latency = 0> <II = 1> <Delay = 2.47> <FuncUnit> <Opcode : 'icmp'> <InPorts = 2> <OutPorts = 1>
ST_39 : Operation 302 [1/1] (0.80ns)   --->   "%tp_d1_V_2_6 = select i1 %tmp_32_6, i16 %p_Result_8_6, i16 %tmp_31_6" [pool_stream/pool.cpp:92]   --->   Core 26 'Sel' <Latency = 0> <II = 1> <Delay = 1.48> <FuncUnit> <Opcode : 'select'> <InPorts = 3> <OutPorts = 1>
ST_39 : Operation 303 [1/1] (2.42ns)   --->   "%tmp_33_6 = icmp sgt i16 %p_Result_6, %tp_d1_V_2_6" [pool_stream/pool.cpp:92]   --->   Core 25 'Cmp' <Latency = 0> <II = 1> <Delay = 2.47> <FuncUnit> <Opcode : 'icmp'> <InPorts = 2> <OutPorts = 1>
ST_39 : Operation 304 [1/1] (0.00ns) (grouped into LUT with out node sel_tmp35)   --->   "%p_in353_ld_6 = select i1 %tmp_33_6, i16 %p_Result_6, i16 %tp_d1_V_2_6" [pool_stream/pool.cpp:92]   --->   Core 26 'Sel' <Latency = 0> <II = 1> <Delay = 1.48> <FuncUnit> <Opcode : 'select'> <InPorts = 3> <OutPorts = 1>
ST_39 : Operation 305 [1/1] (0.00ns) (grouped into LUT with out node sel_tmp35)   --->   "%p_Result_14_6 = call i128 @llvm.part.set.i128.i16(i128 %p_0215_4_5, i16 %p_in353_ld_6, i32 96, i32 111)" [pool_stream/pool.cpp:92]
ST_39 : Operation 306 [1/1] (1.92ns) (out node of the LUT)   --->   "%sel_tmp35 = select i1 %sel_tmp, i128 %p_Result_14_6, i128 %p_0215_4_5" [pool_stream/pool.cpp:92]   --->   Core 26 'Sel' <Latency = 0> <II = 1> <Delay = 1.48> <FuncUnit> <Opcode : 'select'> <InPorts = 3> <OutPorts = 1>
ST_39 : Operation 307 [1/1] (1.92ns) (out node of the LUT)   --->   "%sel_tmp36 = select i1 %sel_tmp2, i128 %p_Result_13_6, i128 %sel_tmp35" [pool_stream/pool.cpp:91]   --->   Core 26 'Sel' <Latency = 0> <II = 1> <Delay = 1.48> <FuncUnit> <Opcode : 'select'> <InPorts = 3> <OutPorts = 1>
ST_39 : Operation 308 [1/1] (1.92ns) (out node of the LUT)   --->   "%sel_tmp37 = select i1 %sel_tmp4, i128 %p_Result_12_6, i128 %sel_tmp36" [pool_stream/pool.cpp:90]   --->   Core 26 'Sel' <Latency = 0> <II = 1> <Delay = 1.48> <FuncUnit> <Opcode : 'select'> <InPorts = 3> <OutPorts = 1>
ST_39 : Operation 309 [1/1] (1.92ns) (out node of the LUT)   --->   "%p_0215_4_6 = select i1 %sel_tmp6, i128 %p_Result_11_6, i128 %sel_tmp37" [pool_stream/pool.cpp:89]   --->   Core 26 'Sel' <Latency = 0> <II = 1> <Delay = 1.48> <FuncUnit> <Opcode : 'select'> <InPorts = 3> <OutPorts = 1>
ST_39 : Operation 310 [1/1] (0.00ns) (grouped into LUT with out node tmp_V_4)   --->   "%p_Result_11_7 = call i128 @llvm.part.set.i128.i16(i128 %p_0215_4_6, i16 %p_Result_7, i32 112, i32 127)" [pool_stream/pool.cpp:89]
ST_39 : Operation 311 [1/1] (2.42ns)   --->   "%tmp_25_7 = icmp sgt i16 %p_Result_7, %p_Result_8_7" [pool_stream/pool.cpp:90]   --->   Core 25 'Cmp' <Latency = 0> <II = 1> <Delay = 2.47> <FuncUnit> <Opcode : 'icmp'> <InPorts = 2> <OutPorts = 1>
ST_39 : Operation 312 [1/1] (0.00ns) (grouped into LUT with out node sel_tmp40)   --->   "%tmp_26_7 = select i1 %tmp_25_7, i16 %p_Result_7, i16 %p_Result_8_7" [pool_stream/pool.cpp:90]   --->   Core 26 'Sel' <Latency = 0> <II = 1> <Delay = 1.48> <FuncUnit> <Opcode : 'select'> <InPorts = 3> <OutPorts = 1>
ST_39 : Operation 313 [1/1] (0.00ns) (grouped into LUT with out node sel_tmp40)   --->   "%p_Result_12_7 = call i128 @llvm.part.set.i128.i16(i128 %p_0215_4_6, i16 %tmp_26_7, i32 112, i32 127)" [pool_stream/pool.cpp:90]
ST_39 : Operation 314 [1/1] (2.42ns)   --->   "%tmp_27_7 = icmp sgt i16 %p_Result_8_7, %p_Result_9_7" [pool_stream/pool.cpp:91]   --->   Core 25 'Cmp' <Latency = 0> <II = 1> <Delay = 2.47> <FuncUnit> <Opcode : 'icmp'> <InPorts = 2> <OutPorts = 1>
ST_39 : Operation 315 [1/1] (0.80ns)   --->   "%tmp_28_7 = select i1 %tmp_27_7, i16 %p_Result_8_7, i16 %p_Result_9_7" [pool_stream/pool.cpp:91]   --->   Core 26 'Sel' <Latency = 0> <II = 1> <Delay = 1.48> <FuncUnit> <Opcode : 'select'> <InPorts = 3> <OutPorts = 1>
ST_39 : Operation 316 [1/1] (2.42ns)   --->   "%tmp_29_7 = icmp sgt i16 %p_Result_7, %tmp_28_7" [pool_stream/pool.cpp:91]   --->   Core 25 'Cmp' <Latency = 0> <II = 1> <Delay = 2.47> <FuncUnit> <Opcode : 'icmp'> <InPorts = 2> <OutPorts = 1>
ST_39 : Operation 317 [1/1] (0.00ns) (grouped into LUT with out node sel_tmp39)   --->   "%tp_d0_V_2_7 = select i1 %tmp_29_7, i16 %p_Result_7, i16 %tmp_28_7" [pool_stream/pool.cpp:91]   --->   Core 26 'Sel' <Latency = 0> <II = 1> <Delay = 1.48> <FuncUnit> <Opcode : 'select'> <InPorts = 3> <OutPorts = 1>
ST_39 : Operation 318 [1/1] (0.00ns) (grouped into LUT with out node sel_tmp39)   --->   "%p_Result_13_7 = call i128 @llvm.part.set.i128.i16(i128 %p_0215_4_6, i16 %tp_d0_V_2_7, i32 112, i32 127)" [pool_stream/pool.cpp:91]
ST_39 : Operation 319 [1/1] (2.42ns)   --->   "%tmp_30_7 = icmp sgt i16 %p_Result_9_7, %p_Result_10_7" [pool_stream/pool.cpp:92]   --->   Core 25 'Cmp' <Latency = 0> <II = 1> <Delay = 2.47> <FuncUnit> <Opcode : 'icmp'> <InPorts = 2> <OutPorts = 1>
ST_39 : Operation 320 [1/1] (0.80ns)   --->   "%tmp_31_7 = select i1 %tmp_30_7, i16 %p_Result_9_7, i16 %p_Result_10_7" [pool_stream/pool.cpp:92]   --->   Core 26 'Sel' <Latency = 0> <II = 1> <Delay = 1.48> <FuncUnit> <Opcode : 'select'> <InPorts = 3> <OutPorts = 1>
ST_39 : Operation 321 [1/1] (2.42ns)   --->   "%tmp_32_7 = icmp sgt i16 %p_Result_8_7, %tmp_31_7" [pool_stream/pool.cpp:92]   --->   Core 25 'Cmp' <Latency = 0> <II = 1> <Delay = 2.47> <FuncUnit> <Opcode : 'icmp'> <InPorts = 2> <OutPorts = 1>
ST_39 : Operation 322 [1/1] (0.80ns)   --->   "%tp_d1_V_2_7 = select i1 %tmp_32_7, i16 %p_Result_8_7, i16 %tmp_31_7" [pool_stream/pool.cpp:92]   --->   Core 26 'Sel' <Latency = 0> <II = 1> <Delay = 1.48> <FuncUnit> <Opcode : 'select'> <InPorts = 3> <OutPorts = 1>
ST_39 : Operation 323 [1/1] (2.42ns)   --->   "%tmp_33_7 = icmp sgt i16 %p_Result_7, %tp_d1_V_2_7" [pool_stream/pool.cpp:92]   --->   Core 25 'Cmp' <Latency = 0> <II = 1> <Delay = 2.47> <FuncUnit> <Opcode : 'icmp'> <InPorts = 2> <OutPorts = 1>
ST_39 : Operation 324 [1/1] (0.00ns) (grouped into LUT with out node sel_tmp38)   --->   "%p_in353_ld_7 = select i1 %tmp_33_7, i16 %p_Result_7, i16 %tp_d1_V_2_7" [pool_stream/pool.cpp:92]   --->   Core 26 'Sel' <Latency = 0> <II = 1> <Delay = 1.48> <FuncUnit> <Opcode : 'select'> <InPorts = 3> <OutPorts = 1>
ST_39 : Operation 325 [1/1] (0.00ns) (grouped into LUT with out node sel_tmp38)   --->   "%p_Result_14_7 = call i128 @llvm.part.set.i128.i16(i128 %p_0215_4_6, i16 %p_in353_ld_7, i32 112, i32 127)" [pool_stream/pool.cpp:92]
ST_39 : Operation 326 [1/1] (1.92ns) (out node of the LUT)   --->   "%sel_tmp38 = select i1 %sel_tmp, i128 %p_Result_14_7, i128 %p_0215_4_6" [pool_stream/pool.cpp:95]   --->   Core 26 'Sel' <Latency = 0> <II = 1> <Delay = 1.48> <FuncUnit> <Opcode : 'select'> <InPorts = 3> <OutPorts = 1>
ST_39 : Operation 327 [1/1] (1.92ns) (out node of the LUT)   --->   "%sel_tmp39 = select i1 %sel_tmp2, i128 %p_Result_13_7, i128 %sel_tmp38" [pool_stream/pool.cpp:95]   --->   Core 26 'Sel' <Latency = 0> <II = 1> <Delay = 1.48> <FuncUnit> <Opcode : 'select'> <InPorts = 3> <OutPorts = 1>
ST_39 : Operation 328 [1/1] (1.92ns) (out node of the LUT)   --->   "%sel_tmp40 = select i1 %sel_tmp4, i128 %p_Result_12_7, i128 %sel_tmp39" [pool_stream/pool.cpp:95]   --->   Core 26 'Sel' <Latency = 0> <II = 1> <Delay = 1.48> <FuncUnit> <Opcode : 'select'> <InPorts = 3> <OutPorts = 1>
ST_39 : Operation 329 [1/1] (1.92ns) (out node of the LUT)   --->   "%tmp_V_4 = select i1 %sel_tmp6, i128 %p_Result_11_7, i128 %sel_tmp40" [pool_stream/pool.cpp:95]   --->   Core 26 'Sel' <Latency = 0> <II = 1> <Delay = 1.48> <FuncUnit> <Opcode : 'select'> <InPorts = 3> <OutPorts = 1>
ST_39 : Operation 330 [1/1] (0.00ns)   --->   "store i128 %tmp_V_4, i128* %tmp_V" [pool_stream/pool.cpp:95]

 <State 40> : 3.63ns
ST_40 : Operation 331 [1/1] (3.63ns)   --->   "call void @_ssdm_op_Write.ap_fifo.volatile.i128P(i128* %out_V_V, i128 %tmp_V_4)" [pool_stream/pool.cpp:95]   --->   Core 32 'FIFO' <Latency = 0> <II = 1> <Delay = 3.63> <Storage> <Opcode : 'read' 'write' 'nbread' 'nbwrite'> <Ports = 0> <Width = 128> <Depth = 2> <FIFO>
ST_40 : Operation 332 [1/1] (0.00ns)   --->   "br label %._crit_edge" [pool_stream/pool.cpp:96]

 <State 41> : 0.00ns
ST_41 : Operation 333 [1/1] (0.00ns)   --->   "ret void" [pool_stream/pool.cpp:100]


============================================================
+ Verbose Summary: Timing violations
============================================================
Target clock period: 50ns, clock uncertainty: 6.25ns.

 <State 1>: 20.8ns
The critical path consists of the following:
	wire read on port 'width_in' [14]  (0 ns)
	'mul' operation ('bound') [27]  (8.51 ns)
	'mul' operation ('bound4') [30]  (12.3 ns)

 <State 2>: 8.13ns
The critical path consists of the following:
	'phi' operation ('indvar_flatten') with incoming values : ('indvar_flatten_next') [35]  (0 ns)
	'icmp' operation ('exitcond_flatten') [50]  (2.78 ns)
	'select' operation ('j_mid216_op', pool_stream/pool.cpp:78) [56]  (0 ns)
	'select' operation ('j', pool_stream/pool.cpp:78) [57]  (0.993 ns)
	'srem' operation ('tmp_14', pool_stream/pool.cpp:78) [59]  (4.37 ns)

 <State 3>: 4.37ns
The critical path consists of the following:
	'srem' operation ('tmp_14', pool_stream/pool.cpp:78) [59]  (4.37 ns)

 <State 4>: 4.37ns
The critical path consists of the following:
	'srem' operation ('tmp_14', pool_stream/pool.cpp:78) [59]  (4.37 ns)

 <State 5>: 4.37ns
The critical path consists of the following:
	'srem' operation ('tmp_14', pool_stream/pool.cpp:78) [59]  (4.37 ns)

 <State 6>: 4.37ns
The critical path consists of the following:
	'srem' operation ('tmp_14', pool_stream/pool.cpp:78) [59]  (4.37 ns)

 <State 7>: 4.37ns
The critical path consists of the following:
	'srem' operation ('tmp_14', pool_stream/pool.cpp:78) [59]  (4.37 ns)

 <State 8>: 4.37ns
The critical path consists of the following:
	'srem' operation ('tmp_14', pool_stream/pool.cpp:78) [59]  (4.37 ns)

 <State 9>: 4.37ns
The critical path consists of the following:
	'srem' operation ('tmp_14', pool_stream/pool.cpp:78) [59]  (4.37 ns)

 <State 10>: 4.37ns
The critical path consists of the following:
	'srem' operation ('tmp_14', pool_stream/pool.cpp:78) [59]  (4.37 ns)

 <State 11>: 4.37ns
The critical path consists of the following:
	'srem' operation ('tmp_14', pool_stream/pool.cpp:78) [59]  (4.37 ns)

 <State 12>: 4.37ns
The critical path consists of the following:
	'srem' operation ('tmp_14', pool_stream/pool.cpp:78) [59]  (4.37 ns)

 <State 13>: 4.37ns
The critical path consists of the following:
	'srem' operation ('tmp_14', pool_stream/pool.cpp:78) [59]  (4.37 ns)

 <State 14>: 4.37ns
The critical path consists of the following:
	'srem' operation ('tmp_14', pool_stream/pool.cpp:78) [59]  (4.37 ns)

 <State 15>: 4.37ns
The critical path consists of the following:
	'srem' operation ('tmp_14', pool_stream/pool.cpp:78) [59]  (4.37 ns)

 <State 16>: 4.37ns
The critical path consists of the following:
	'srem' operation ('tmp_14', pool_stream/pool.cpp:78) [59]  (4.37 ns)

 <State 17>: 4.37ns
The critical path consists of the following:
	'srem' operation ('tmp_14', pool_stream/pool.cpp:78) [59]  (4.37 ns)

 <State 18>: 4.37ns
The critical path consists of the following:
	'srem' operation ('tmp_14', pool_stream/pool.cpp:78) [59]  (4.37 ns)

 <State 19>: 4.37ns
The critical path consists of the following:
	'srem' operation ('tmp_14', pool_stream/pool.cpp:78) [59]  (4.37 ns)

 <State 20>: 4.37ns
The critical path consists of the following:
	'srem' operation ('tmp_14', pool_stream/pool.cpp:78) [59]  (4.37 ns)

 <State 21>: 4.37ns
The critical path consists of the following:
	'srem' operation ('tmp_14', pool_stream/pool.cpp:78) [59]  (4.37 ns)

 <State 22>: 4.37ns
The critical path consists of the following:
	'srem' operation ('tmp_14', pool_stream/pool.cpp:78) [59]  (4.37 ns)

 <State 23>: 4.37ns
The critical path consists of the following:
	'srem' operation ('tmp_14', pool_stream/pool.cpp:78) [59]  (4.37 ns)

 <State 24>: 4.37ns
The critical path consists of the following:
	'srem' operation ('tmp_14', pool_stream/pool.cpp:78) [59]  (4.37 ns)

 <State 25>: 4.37ns
The critical path consists of the following:
	'srem' operation ('tmp_14', pool_stream/pool.cpp:78) [59]  (4.37 ns)

 <State 26>: 4.37ns
The critical path consists of the following:
	'srem' operation ('tmp_14', pool_stream/pool.cpp:78) [59]  (4.37 ns)

 <State 27>: 4.37ns
The critical path consists of the following:
	'srem' operation ('tmp_14', pool_stream/pool.cpp:78) [59]  (4.37 ns)

 <State 28>: 4.37ns
The critical path consists of the following:
	'srem' operation ('tmp_14', pool_stream/pool.cpp:78) [59]  (4.37 ns)

 <State 29>: 4.37ns
The critical path consists of the following:
	'srem' operation ('tmp_14', pool_stream/pool.cpp:78) [59]  (4.37 ns)

 <State 30>: 4.37ns
The critical path consists of the following:
	'srem' operation ('tmp_14', pool_stream/pool.cpp:78) [59]  (4.37 ns)

 <State 31>: 4.37ns
The critical path consists of the following:
	'srem' operation ('tmp_14', pool_stream/pool.cpp:78) [59]  (4.37 ns)

 <State 32>: 4.37ns
The critical path consists of the following:
	'srem' operation ('tmp_14', pool_stream/pool.cpp:78) [59]  (4.37 ns)

 <State 33>: 4.37ns
The critical path consists of the following:
	'srem' operation ('tmp_14', pool_stream/pool.cpp:78) [59]  (4.37 ns)

 <State 34>: 4.37ns
The critical path consists of the following:
	'srem' operation ('tmp_14', pool_stream/pool.cpp:78) [59]  (4.37 ns)

 <State 35>: 4.37ns
The critical path consists of the following:
	'srem' operation ('tmp_14', pool_stream/pool.cpp:78) [59]  (4.37 ns)

 <State 36>: 4.37ns
The critical path consists of the following:
	'srem' operation ('tmp_14', pool_stream/pool.cpp:78) [59]  (4.37 ns)

 <State 37>: 4.37ns
The critical path consists of the following:
	'srem' operation ('tmp_14', pool_stream/pool.cpp:78) [59]  (4.37 ns)

 <State 38>: 8.9ns
The critical path consists of the following:
	'icmp' operation ('tmp_25', pool_stream/pool.cpp:92) [78]  (2.43 ns)
	'select' operation ('tmp_26', pool_stream/pool.cpp:92) [79]  (0.805 ns)
	'icmp' operation ('tmp_27', pool_stream/pool.cpp:92) [80]  (2.43 ns)
	'select' operation ('tp_d1_V_2', pool_stream/pool.cpp:92) [81]  (0.805 ns)
	'icmp' operation ('tmp_28', pool_stream/pool.cpp:92) [82]  (2.43 ns)

 <State 39>: 61.5ns
The critical path consists of the following:
	'load' operation ('tmp_V_load') on local variable 'tmp.V' [64]  (0 ns)
	'select' operation ('sel_tmp1', pool_stream/pool.cpp:92) [85]  (1.92 ns)
	'select' operation ('sel_tmp3', pool_stream/pool.cpp:91) [86]  (1.92 ns)
	'select' operation ('sel_tmp5', pool_stream/pool.cpp:90) [87]  (1.92 ns)
	'select' operation ('p_0215_4', pool_stream/pool.cpp:89) [88]  (1.92 ns)
	'select' operation ('sel_tmp9', pool_stream/pool.cpp:92) [109]  (1.92 ns)
	'select' operation ('sel_tmp11', pool_stream/pool.cpp:91) [110]  (1.92 ns)
	'select' operation ('sel_tmp13', pool_stream/pool.cpp:90) [111]  (1.92 ns)
	'select' operation ('p_0215_4_1', pool_stream/pool.cpp:89) [112]  (1.92 ns)
	'select' operation ('sel_tmp17', pool_stream/pool.cpp:92) [133]  (1.92 ns)
	'select' operation ('sel_tmp19', pool_stream/pool.cpp:91) [134]  (1.92 ns)
	'select' operation ('sel_tmp21', pool_stream/pool.cpp:90) [135]  (1.92 ns)
	'select' operation ('p_0215_4_2', pool_stream/pool.cpp:89) [136]  (1.92 ns)
	'select' operation ('sel_tmp25', pool_stream/pool.cpp:92) [157]  (1.92 ns)
	'select' operation ('sel_tmp27', pool_stream/pool.cpp:91) [158]  (1.92 ns)
	'select' operation ('sel_tmp28', pool_stream/pool.cpp:90) [159]  (1.92 ns)
	'select' operation ('p_0215_4_3', pool_stream/pool.cpp:89) [160]  (1.92 ns)
	'select' operation ('sel_tmp29', pool_stream/pool.cpp:92) [181]  (1.92 ns)
	'select' operation ('sel_tmp30', pool_stream/pool.cpp:91) [182]  (1.92 ns)
	'select' operation ('sel_tmp31', pool_stream/pool.cpp:90) [183]  (1.92 ns)
	'select' operation ('p_0215_4_4', pool_stream/pool.cpp:89) [184]  (1.92 ns)
	'select' operation ('sel_tmp32', pool_stream/pool.cpp:92) [205]  (1.92 ns)
	'select' operation ('sel_tmp33', pool_stream/pool.cpp:91) [206]  (1.92 ns)
	'select' operation ('sel_tmp34', pool_stream/pool.cpp:90) [207]  (1.92 ns)
	'select' operation ('p_0215_4_5', pool_stream/pool.cpp:89) [208]  (1.92 ns)
	'select' operation ('sel_tmp35', pool_stream/pool.cpp:92) [229]  (1.92 ns)
	'select' operation ('sel_tmp36', pool_stream/pool.cpp:91) [230]  (1.92 ns)
	'select' operation ('sel_tmp37', pool_stream/pool.cpp:90) [231]  (1.92 ns)
	'select' operation ('p_0215_4_6', pool_stream/pool.cpp:89) [232]  (1.92 ns)
	'select' operation ('sel_tmp38', pool_stream/pool.cpp:95) [253]  (1.92 ns)
	'select' operation ('sel_tmp39', pool_stream/pool.cpp:95) [254]  (1.92 ns)
	'select' operation ('sel_tmp40', pool_stream/pool.cpp:95) [255]  (1.92 ns)
	'select' operation ('tmp.V', pool_stream/pool.cpp:95) [256]  (1.92 ns)

 <State 40>: 3.63ns
The critical path consists of the following:
	fifo write on port 'out_V_V' (pool_stream/pool.cpp:95) [257]  (3.63 ns)

 <State 41>: 0ns
The critical path consists of the following:


============================================================
+ Verbose Summary: Binding
============================================================
N/A
* FSMD analyzer results:
  - Output states:
 - Input state : 
  - Chain level:
	State 1
	State 2
	State 3
	State 4
	State 5
	State 6
	State 7
	State 8
	State 9
	State 10
	State 11
	State 12
	State 13
	State 14
	State 15
	State 16
	State 17
	State 18
	State 19
	State 20
	State 21
	State 22
	State 23
	State 24
	State 25
	State 26
	State 27
	State 28
	State 29
	State 30
	State 31
	State 32
	State 33
	State 34
	State 35
	State 36
	State 37
	State 38
	State 39
	State 40
	State 41


============================================================
+ Verbose Summary: Datapath Resource usage 
============================================================
N/A
