

================================================================
== Vivado HLS Report for 'pool_2D'
================================================================
* Date:           Tue Aug 13 16:19:20 2019

* Version:        2018.1 (Build 2188600 on Wed Apr 04 19:04:02 MDT 2018)
* Project:        pool_stream
* Solution:       solution1
* Product family: zynq
* Target device:  xc7z010clg400-1


================================================================
== Performance Estimates
================================================================
+ Timing (ns): 
    * Summary: 
    +--------+-------+----------+------------+
    |  Clock | Target| Estimated| Uncertainty|
    +--------+-------+----------+------------+
    |ap_clk  |  50.00|     43.30|        6.25|
    +--------+-------+----------+------------+

+ Latency (clock cycles): 
    * Summary: 
    +-----+-----+-----+-----+---------+
    |  Latency  |  Interval | Pipeline|
    | min | max | min | max |   Type  |
    +-----+-----+-----+-----+---------+
    |  638|  638|  638|  638|   none  |
    +-----+-----+-----+-----+---------+

    + Detail: 
        * Instance: 
        N/A

        * Loop: 
        +----------+-----+-----+----------+-----------+-----------+------+----------+
        |          |  Latency  | Iteration|  Initiation Interval  | Trip |          |
        | Loop Name| min | max |  Latency |  achieved |   target  | Count| Pipelined|
        +----------+-----+-----+----------+-----------+-----------+------+----------+
        |- Loop 1  |  636|  636|        40|          3|          1|   200|    yes   |
        +----------+-----+-----+----------+-----------+-----------+------+----------+

============================================================
+ Verbose Summary: Synthesis Manager
============================================================
InlineROM: 1
ExposeGlobal: 0
============================================================
+ Verbose Summary: CDFG Model
============================================================
IsTopModel: 0
ResetActiveHigh: 1
IsCombinational: 2
IsDatapathOnly: 0
HasWiredReturn: 1
HasMFsm: 0
HasVarLatency: 1
IsPipeline: 0
IsRtlPipelined: 0
IsInstanceOverlapped: 0
IsDontTouch: 0
HasImplIP: 0
IsGatedGlobalClock: 0

+ Individual pipeline summary: 
  * Pipeline-0: initiation interval (II) = 3, depth = 40


============================================================
+ Verbose Summary: Schedule
============================================================
* Number of FSM states : 42
* Pipeline : 1
  Pipeline-0 : II = 3, D = 40, States = { 2 3 4 5 6 7 8 9 10 11 12 13 14 15 16 17 18 19 20 21 22 23 24 25 26 27 28 29 30 31 32 33 34 35 36 37 38 39 40 41 }
* Dataflow Pipeline: 0

* FSM state transitions: 
1 --> 
	2  / true
2 --> 
	42  / (exitcond_flatten1)
	3  / (!exitcond_flatten1)
3 --> 
	4  / true
4 --> 
	5  / true
5 --> 
	6  / true
6 --> 
	7  / true
7 --> 
	8  / true
8 --> 
	9  / true
9 --> 
	10  / true
10 --> 
	11  / true
11 --> 
	12  / true
12 --> 
	13  / true
13 --> 
	14  / true
14 --> 
	15  / true
15 --> 
	16  / true
16 --> 
	17  / true
17 --> 
	18  / true
18 --> 
	19  / true
19 --> 
	20  / true
20 --> 
	21  / true
21 --> 
	22  / true
22 --> 
	23  / true
23 --> 
	24  / true
24 --> 
	25  / true
25 --> 
	26  / true
26 --> 
	27  / true
27 --> 
	28  / true
28 --> 
	29  / true
29 --> 
	30  / true
30 --> 
	31  / true
31 --> 
	32  / true
32 --> 
	33  / true
33 --> 
	34  / true
34 --> 
	35  / true
35 --> 
	36  / true
36 --> 
	37  / true
37 --> 
	38  / true
38 --> 
	39  / true
39 --> 
	40  / true
40 --> 
	41  / true
41 --> 
	2  / true
42 --> 

* FSM state operations: 

 <State 1> : 20.84ns
ST_1 : Operation 43 [1/1] (0.00ns)   --->   "%tmp_V = alloca i128"
ST_1 : Operation 44 [1/1] (0.00ns)   --->   "call void (...)* @_ssdm_op_SpecInterface(i128* %out_V_V, [8 x i8]* @ap_fifo_str, i32 0, i32 0, [1 x i8]* @p_str41, i32 0, i32 0, [1 x i8]* @p_str42, [1 x i8]* @p_str43, [1 x i8]* @p_str44, i32 2, i32 2, i32 16, i32 16, [1 x i8]* @p_str45, [1 x i8]* @p_str46)"
ST_1 : Operation 45 [1/1] (0.00ns)   --->   "call void (...)* @_ssdm_op_SpecInterface(i128* %in_V_V, [8 x i8]* @ap_fifo_str, i32 0, i32 0, [1 x i8]* @p_str34, i32 0, i32 0, [1 x i8]* @p_str35, [1 x i8]* @p_str36, [1 x i8]* @p_str37, i32 2, i32 2, i32 16, i32 16, [1 x i8]* @p_str38, [1 x i8]* @p_str39)"
ST_1 : Operation 46 [1/1] (0.00ns)   --->   "%Ky_read = call i32 @_ssdm_op_Read.ap_stable.i32(i32 %Ky)"
ST_1 : Operation 47 [1/1] (0.00ns)   --->   "%width_out_read = call i32 @_ssdm_op_Read.ap_stable.i32(i32 %width_out)"
ST_1 : Operation 48 [1/1] (0.00ns)   --->   "%height_in_read = call i32 @_ssdm_op_Read.ap_stable.i32(i32 %height_in)"
ST_1 : Operation 49 [1/1] (0.00ns)   --->   "%ch_div_K_read = call i32 @_ssdm_op_Read.ap_stable.i32(i32 %ch_div_K)"
ST_1 : Operation 50 [1/1] (0.00ns)   --->   "%buf_V = alloca [128 x i128], align 8" [pool_stream/pool.cpp:112]   --->   Core 37 'RAM' <Latency = 1> <II = 1> <Delay = 3.25> <Storage> <Opcode : 'load' 'store'> <Ports = 2> <Width = 128> <Depth = 128> <RAM>
ST_1 : Operation 51 [1/1] (0.00ns)   --->   "call void (...)* @_ssdm_op_SpecInterface(i32 %height_in, [10 x i8]* @p_str4, i32 0, i32 0, [1 x i8]* @p_str1, i32 0, i32 0, [1 x i8]* @p_str1, [1 x i8]* @p_str1, [1 x i8]* @p_str1, i32 0, i32 0, i32 0, i32 0, [1 x i8]* @p_str1, [1 x i8]* @p_str1) nounwind" [pool_stream/pool.cpp:107]
ST_1 : Operation 52 [1/1] (0.00ns)   --->   "call void (...)* @_ssdm_op_SpecInterface(i32 %Ky, [10 x i8]* @p_str4, i32 0, i32 0, [1 x i8]* @p_str1, i32 0, i32 0, [1 x i8]* @p_str1, [1 x i8]* @p_str1, [1 x i8]* @p_str1, i32 0, i32 0, i32 0, i32 0, [1 x i8]* @p_str1, [1 x i8]* @p_str1) nounwind" [pool_stream/pool.cpp:108]
ST_1 : Operation 53 [1/1] (0.00ns)   --->   "call void (...)* @_ssdm_op_SpecInterface(i32 %width_out, [10 x i8]* @p_str4, i32 0, i32 0, [1 x i8]* @p_str1, i32 0, i32 0, [1 x i8]* @p_str1, [1 x i8]* @p_str1, [1 x i8]* @p_str1, i32 0, i32 0, i32 0, i32 0, [1 x i8]* @p_str1, [1 x i8]* @p_str1) nounwind" [pool_stream/pool.cpp:109]
ST_1 : Operation 54 [1/1] (0.00ns)   --->   "call void (...)* @_ssdm_op_SpecInterface(i32 %ch_div_K, [10 x i8]* @p_str4, i32 0, i32 0, [1 x i8]* @p_str1, i32 0, i32 0, [1 x i8]* @p_str1, [1 x i8]* @p_str1, [1 x i8]* @p_str1, i32 0, i32 0, i32 0, i32 0, [1 x i8]* @p_str1, [1 x i8]* @p_str1) nounwind" [pool_stream/pool.cpp:110]
ST_1 : Operation 55 [1/1] (2.55ns)   --->   "%tmp = sub i32 128, %width_out_read" [pool_stream/pool.cpp:138]   --->   Core 14 'AddSub' <Latency = 0> <II = 1> <Delay = 2.55> <FuncUnit> <Opcode : 'add' 'sub'> <InPorts = 2> <OutPorts = 1>
ST_1 : Operation 56 [1/1] (2.47ns)   --->   "%sel_tmp = icmp eq i32 %Ky_read, 4"   --->   Core 25 'Cmp' <Latency = 0> <II = 1> <Delay = 2.47> <FuncUnit> <Opcode : 'icmp'> <InPorts = 2> <OutPorts = 1>
ST_1 : Operation 57 [1/1] (2.47ns)   --->   "%sel_tmp2 = icmp eq i32 %Ky_read, 3"   --->   Core 25 'Cmp' <Latency = 0> <II = 1> <Delay = 2.47> <FuncUnit> <Opcode : 'icmp'> <InPorts = 2> <OutPorts = 1>
ST_1 : Operation 58 [1/1] (2.47ns)   --->   "%sel_tmp4 = icmp eq i32 %Ky_read, 2"   --->   Core 25 'Cmp' <Latency = 0> <II = 1> <Delay = 2.47> <FuncUnit> <Opcode : 'icmp'> <InPorts = 2> <OutPorts = 1>
ST_1 : Operation 59 [1/1] (2.47ns)   --->   "%sel_tmp6 = icmp eq i32 %Ky_read, 1"   --->   Core 25 'Cmp' <Latency = 0> <II = 1> <Delay = 2.47> <FuncUnit> <Opcode : 'icmp'> <InPorts = 2> <OutPorts = 1>
ST_1 : Operation 60 [1/1] (0.00ns)   --->   "%cast = zext i32 %height_in_read to i64"
ST_1 : Operation 61 [1/1] (0.00ns)   --->   "%cast1 = zext i32 %width_out_read to i64"
ST_1 : Operation 62 [1/1] (8.51ns)   --->   "%bound = mul i64 %cast1, %cast"   --->   Core 16 'Mul' <Latency = 0> <II = 1> <Delay = 12.3> <FuncUnit> <Opcode : 'mul'> <InPorts = 2> <OutPorts = 1>
ST_1 : Operation 63 [1/1] (0.00ns)   --->   "%cast2 = zext i32 %ch_div_K_read to i96"
ST_1 : Operation 64 [1/1] (0.00ns)   --->   "%cast3 = zext i64 %bound to i96"
ST_1 : Operation 65 [1/1] (12.3ns)   --->   "%bound4 = mul i96 %cast3, %cast2"   --->   Core 16 'Mul' <Latency = 0> <II = 1> <Delay = 12.3> <FuncUnit> <Opcode : 'mul'> <InPorts = 2> <OutPorts = 1>
ST_1 : Operation 66 [1/1] (2.47ns)   --->   "%tmp_5_mid = icmp sgt i32 %width_out_read, 0" [pool_stream/pool.cpp:123]   --->   Core 25 'Cmp' <Latency = 0> <II = 1> <Delay = 2.47> <FuncUnit> <Opcode : 'icmp'> <InPorts = 2> <OutPorts = 1>
ST_1 : Operation 67 [1/1] (1.76ns)   --->   "br label %0" [pool_stream/pool.cpp:117]

 <State 2> : 11.13ns
ST_2 : Operation 68 [1/1] (0.00ns)   --->   "%indvar_flatten1 = phi i96 [ 0, %.preheader.preheader ], [ %indvar_flatten_next1, %._crit_edge ]"
ST_2 : Operation 69 [1/1] (0.00ns)   --->   "%indvar_flatten = phi i64 [ 0, %.preheader.preheader ], [ %indvar_flatten_next, %._crit_edge ]"
ST_2 : Operation 70 [1/1] (0.00ns)   --->   "%i = phi i31 [ 0, %.preheader.preheader ], [ %i_mid2, %._crit_edge ]" [pool_stream/pool.cpp:123]
ST_2 : Operation 71 [1/1] (0.00ns)   --->   "%ptr_tp = phi i32 [ 0, %.preheader.preheader ], [ %ptr_1, %._crit_edge ]"
ST_2 : Operation 72 [1/1] (0.00ns)   --->   "%j = phi i32 [ 0, %.preheader.preheader ], [ %j_1, %._crit_edge ]" [pool_stream/pool.cpp:123]
ST_2 : Operation 73 [1/1] (2.52ns)   --->   "%i_1 = add i31 %i, 1" [pool_stream/pool.cpp:130]   --->   Core 14 'AddSub' <Latency = 0> <II = 1> <Delay = 2.55> <FuncUnit> <Opcode : 'add' 'sub'> <InPorts = 2> <OutPorts = 1>
ST_2 : Operation 74 [1/1] (3.12ns)   --->   "%exitcond_flatten1 = icmp eq i96 %indvar_flatten1, %bound4"   --->   Core 25 'Cmp' <Latency = 0> <II = 1> <Delay = 2.47> <FuncUnit> <Opcode : 'icmp'> <InPorts = 2> <OutPorts = 1>
ST_2 : Operation 75 [1/1] (4.43ns)   --->   "%indvar_flatten_next1 = add i96 %indvar_flatten1, 1"   --->   Core 14 'AddSub' <Latency = 0> <II = 1> <Delay = 2.55> <FuncUnit> <Opcode : 'add' 'sub'> <InPorts = 2> <OutPorts = 1>
ST_2 : Operation 76 [1/1] (0.00ns)   --->   "br i1 %exitcond_flatten1, label %1, label %.preheader"
ST_2 : Operation 77 [1/1] (2.77ns)   --->   "%exitcond_flatten = icmp eq i64 %indvar_flatten, %bound"   --->   Core 25 'Cmp' <Latency = 0> <II = 1> <Delay = 2.47> <FuncUnit> <Opcode : 'icmp'> <InPorts = 2> <OutPorts = 1>
ST_2 : Operation 78 [1/1] (0.73ns)   --->   "%i_mid = select i1 %exitcond_flatten, i31 0, i31 %i" [pool_stream/pool.cpp:123]   --->   Core 26 'Sel' <Latency = 0> <II = 1> <Delay = 1.48> <FuncUnit> <Opcode : 'select'> <InPorts = 3> <OutPorts = 1>
ST_2 : Operation 79 [1/1] (0.00ns) (grouped into LUT with out node i_1_cast_mid2)   --->   "%i_1_cast_mid = select i1 %exitcond_flatten, i31 1, i31 %i_1" [pool_stream/pool.cpp:130]   --->   Core 26 'Sel' <Latency = 0> <II = 1> <Delay = 1.48> <FuncUnit> <Opcode : 'select'> <InPorts = 3> <OutPorts = 1>
ST_2 : Operation 80 [1/1] (2.47ns)   --->   "%tmp_5 = icmp slt i32 %j, %width_out_read" [pool_stream/pool.cpp:123]   --->   Core 25 'Cmp' <Latency = 0> <II = 1> <Delay = 2.47> <FuncUnit> <Opcode : 'icmp'> <InPorts = 2> <OutPorts = 1>
ST_2 : Operation 81 [1/1] (0.99ns)   --->   "%tmp_5_mid1 = select i1 %exitcond_flatten, i1 %tmp_5_mid, i1 %tmp_5" [pool_stream/pool.cpp:123]   --->   Core 26 'Sel' <Latency = 0> <II = 1> <Delay = 1.48> <FuncUnit> <Opcode : 'select'> <InPorts = 3> <OutPorts = 1>
ST_2 : Operation 82 [1/1] (2.52ns)   --->   "%i_1_dup = add i31 %i_mid, 1" [pool_stream/pool.cpp:130]   --->   Core 14 'AddSub' <Latency = 0> <II = 1> <Delay = 2.55> <FuncUnit> <Opcode : 'add' 'sub'> <InPorts = 2> <OutPorts = 1>
ST_2 : Operation 83 [1/1] (2.52ns)   --->   "%i_1_mid1 = add i31 %i_mid, 2" [pool_stream/pool.cpp:130]   --->   Core 14 'AddSub' <Latency = 0> <II = 1> <Delay = 2.55> <FuncUnit> <Opcode : 'add' 'sub'> <InPorts = 2> <OutPorts = 1>
ST_2 : Operation 84 [1/1] (0.73ns) (out node of the LUT)   --->   "%i_1_cast_mid2 = select i1 %tmp_5_mid1, i31 %i_1_cast_mid, i31 %i_1_mid1" [pool_stream/pool.cpp:130]   --->   Core 26 'Sel' <Latency = 0> <II = 1> <Delay = 1.48> <FuncUnit> <Opcode : 'select'> <InPorts = 3> <OutPorts = 1>
ST_2 : Operation 85 [1/1] (0.00ns)   --->   "%i_1_cast_mid2_cast = zext i31 %i_1_cast_mid2 to i32" [pool_stream/pool.cpp:130]
ST_2 : Operation 86 [1/1] (0.73ns)   --->   "%i_mid2 = select i1 %tmp_5_mid1, i31 %i_mid, i31 %i_1_dup" [pool_stream/pool.cpp:123]   --->   Core 26 'Sel' <Latency = 0> <II = 1> <Delay = 1.48> <FuncUnit> <Opcode : 'select'> <InPorts = 3> <OutPorts = 1>
ST_2 : Operation 87 [37/37] (4.36ns)   --->   "%tmp_8 = srem i32 %i_1_cast_mid2_cast, %Ky_read" [pool_stream/pool.cpp:130]   --->   Core 23 'DivnS' <Latency = 36> <II = 1> <Delay = 4.36> <FuncUnit> <Opcode : 'sdiv' 'srem' 'udiv' 'urem'> <InPorts = 2> <OutPorts = 1>
ST_2 : Operation 88 [1/1] (2.55ns)   --->   "%j_op = add i32 %j, 1" [pool_stream/pool.cpp:123]   --->   Core 14 'AddSub' <Latency = 0> <II = 1> <Delay = 2.55> <FuncUnit> <Opcode : 'add' 'sub'> <InPorts = 2> <OutPorts = 1>
ST_2 : Operation 89 [1/1] (0.00ns) (grouped into LUT with out node j_1)   --->   "%j_mid212_op = select i1 %exitcond_flatten, i32 1, i32 %j_op" [pool_stream/pool.cpp:123]   --->   Core 26 'Sel' <Latency = 0> <II = 1> <Delay = 1.48> <FuncUnit> <Opcode : 'select'> <InPorts = 3> <OutPorts = 1>
ST_2 : Operation 90 [1/1] (0.69ns) (out node of the LUT)   --->   "%j_1 = select i1 %tmp_5_mid1, i32 %j_mid212_op, i32 1" [pool_stream/pool.cpp:123]   --->   Core 26 'Sel' <Latency = 0> <II = 1> <Delay = 1.48> <FuncUnit> <Opcode : 'select'> <InPorts = 3> <OutPorts = 1>
ST_2 : Operation 91 [1/1] (3.52ns)   --->   "%indvar_flatten_op = add i64 %indvar_flatten, 1"   --->   Core 14 'AddSub' <Latency = 0> <II = 1> <Delay = 2.55> <FuncUnit> <Opcode : 'add' 'sub'> <InPorts = 2> <OutPorts = 1>
ST_2 : Operation 92 [1/1] (1.48ns)   --->   "%indvar_flatten_next = select i1 %exitcond_flatten, i64 1, i64 %indvar_flatten_op"   --->   Core 26 'Sel' <Latency = 0> <II = 1> <Delay = 1.48> <FuncUnit> <Opcode : 'select'> <InPorts = 3> <OutPorts = 1>

 <State 3> : 4.37ns
ST_3 : Operation 93 [36/37] (4.36ns)   --->   "%tmp_8 = srem i32 %i_1_cast_mid2_cast, %Ky_read" [pool_stream/pool.cpp:130]   --->   Core 23 'DivnS' <Latency = 36> <II = 1> <Delay = 4.36> <FuncUnit> <Opcode : 'sdiv' 'srem' 'udiv' 'urem'> <InPorts = 2> <OutPorts = 1>

 <State 4> : 4.37ns
ST_4 : Operation 94 [35/37] (4.36ns)   --->   "%tmp_8 = srem i32 %i_1_cast_mid2_cast, %Ky_read" [pool_stream/pool.cpp:130]   --->   Core 23 'DivnS' <Latency = 36> <II = 1> <Delay = 4.36> <FuncUnit> <Opcode : 'sdiv' 'srem' 'udiv' 'urem'> <InPorts = 2> <OutPorts = 1>

 <State 5> : 4.37ns
ST_5 : Operation 95 [34/37] (4.36ns)   --->   "%tmp_8 = srem i32 %i_1_cast_mid2_cast, %Ky_read" [pool_stream/pool.cpp:130]   --->   Core 23 'DivnS' <Latency = 36> <II = 1> <Delay = 4.36> <FuncUnit> <Opcode : 'sdiv' 'srem' 'udiv' 'urem'> <InPorts = 2> <OutPorts = 1>

 <State 6> : 4.37ns
ST_6 : Operation 96 [33/37] (4.36ns)   --->   "%tmp_8 = srem i32 %i_1_cast_mid2_cast, %Ky_read" [pool_stream/pool.cpp:130]   --->   Core 23 'DivnS' <Latency = 36> <II = 1> <Delay = 4.36> <FuncUnit> <Opcode : 'sdiv' 'srem' 'udiv' 'urem'> <InPorts = 2> <OutPorts = 1>

 <State 7> : 4.37ns
ST_7 : Operation 97 [32/37] (4.36ns)   --->   "%tmp_8 = srem i32 %i_1_cast_mid2_cast, %Ky_read" [pool_stream/pool.cpp:130]   --->   Core 23 'DivnS' <Latency = 36> <II = 1> <Delay = 4.36> <FuncUnit> <Opcode : 'sdiv' 'srem' 'udiv' 'urem'> <InPorts = 2> <OutPorts = 1>

 <State 8> : 4.37ns
ST_8 : Operation 98 [31/37] (4.36ns)   --->   "%tmp_8 = srem i32 %i_1_cast_mid2_cast, %Ky_read" [pool_stream/pool.cpp:130]   --->   Core 23 'DivnS' <Latency = 36> <II = 1> <Delay = 4.36> <FuncUnit> <Opcode : 'sdiv' 'srem' 'udiv' 'urem'> <InPorts = 2> <OutPorts = 1>

 <State 9> : 4.37ns
ST_9 : Operation 99 [30/37] (4.36ns)   --->   "%tmp_8 = srem i32 %i_1_cast_mid2_cast, %Ky_read" [pool_stream/pool.cpp:130]   --->   Core 23 'DivnS' <Latency = 36> <II = 1> <Delay = 4.36> <FuncUnit> <Opcode : 'sdiv' 'srem' 'udiv' 'urem'> <InPorts = 2> <OutPorts = 1>

 <State 10> : 4.37ns
ST_10 : Operation 100 [29/37] (4.36ns)   --->   "%tmp_8 = srem i32 %i_1_cast_mid2_cast, %Ky_read" [pool_stream/pool.cpp:130]   --->   Core 23 'DivnS' <Latency = 36> <II = 1> <Delay = 4.36> <FuncUnit> <Opcode : 'sdiv' 'srem' 'udiv' 'urem'> <InPorts = 2> <OutPorts = 1>

 <State 11> : 4.37ns
ST_11 : Operation 101 [28/37] (4.36ns)   --->   "%tmp_8 = srem i32 %i_1_cast_mid2_cast, %Ky_read" [pool_stream/pool.cpp:130]   --->   Core 23 'DivnS' <Latency = 36> <II = 1> <Delay = 4.36> <FuncUnit> <Opcode : 'sdiv' 'srem' 'udiv' 'urem'> <InPorts = 2> <OutPorts = 1>

 <State 12> : 4.37ns
ST_12 : Operation 102 [27/37] (4.36ns)   --->   "%tmp_8 = srem i32 %i_1_cast_mid2_cast, %Ky_read" [pool_stream/pool.cpp:130]   --->   Core 23 'DivnS' <Latency = 36> <II = 1> <Delay = 4.36> <FuncUnit> <Opcode : 'sdiv' 'srem' 'udiv' 'urem'> <InPorts = 2> <OutPorts = 1>

 <State 13> : 4.37ns
ST_13 : Operation 103 [26/37] (4.36ns)   --->   "%tmp_8 = srem i32 %i_1_cast_mid2_cast, %Ky_read" [pool_stream/pool.cpp:130]   --->   Core 23 'DivnS' <Latency = 36> <II = 1> <Delay = 4.36> <FuncUnit> <Opcode : 'sdiv' 'srem' 'udiv' 'urem'> <InPorts = 2> <OutPorts = 1>

 <State 14> : 4.37ns
ST_14 : Operation 104 [25/37] (4.36ns)   --->   "%tmp_8 = srem i32 %i_1_cast_mid2_cast, %Ky_read" [pool_stream/pool.cpp:130]   --->   Core 23 'DivnS' <Latency = 36> <II = 1> <Delay = 4.36> <FuncUnit> <Opcode : 'sdiv' 'srem' 'udiv' 'urem'> <InPorts = 2> <OutPorts = 1>

 <State 15> : 4.37ns
ST_15 : Operation 105 [24/37] (4.36ns)   --->   "%tmp_8 = srem i32 %i_1_cast_mid2_cast, %Ky_read" [pool_stream/pool.cpp:130]   --->   Core 23 'DivnS' <Latency = 36> <II = 1> <Delay = 4.36> <FuncUnit> <Opcode : 'sdiv' 'srem' 'udiv' 'urem'> <InPorts = 2> <OutPorts = 1>

 <State 16> : 4.37ns
ST_16 : Operation 106 [23/37] (4.36ns)   --->   "%tmp_8 = srem i32 %i_1_cast_mid2_cast, %Ky_read" [pool_stream/pool.cpp:130]   --->   Core 23 'DivnS' <Latency = 36> <II = 1> <Delay = 4.36> <FuncUnit> <Opcode : 'sdiv' 'srem' 'udiv' 'urem'> <InPorts = 2> <OutPorts = 1>

 <State 17> : 4.37ns
ST_17 : Operation 107 [22/37] (4.36ns)   --->   "%tmp_8 = srem i32 %i_1_cast_mid2_cast, %Ky_read" [pool_stream/pool.cpp:130]   --->   Core 23 'DivnS' <Latency = 36> <II = 1> <Delay = 4.36> <FuncUnit> <Opcode : 'sdiv' 'srem' 'udiv' 'urem'> <InPorts = 2> <OutPorts = 1>

 <State 18> : 4.37ns
ST_18 : Operation 108 [21/37] (4.36ns)   --->   "%tmp_8 = srem i32 %i_1_cast_mid2_cast, %Ky_read" [pool_stream/pool.cpp:130]   --->   Core 23 'DivnS' <Latency = 36> <II = 1> <Delay = 4.36> <FuncUnit> <Opcode : 'sdiv' 'srem' 'udiv' 'urem'> <InPorts = 2> <OutPorts = 1>

 <State 19> : 4.37ns
ST_19 : Operation 109 [20/37] (4.36ns)   --->   "%tmp_8 = srem i32 %i_1_cast_mid2_cast, %Ky_read" [pool_stream/pool.cpp:130]   --->   Core 23 'DivnS' <Latency = 36> <II = 1> <Delay = 4.36> <FuncUnit> <Opcode : 'sdiv' 'srem' 'udiv' 'urem'> <InPorts = 2> <OutPorts = 1>

 <State 20> : 4.37ns
ST_20 : Operation 110 [19/37] (4.36ns)   --->   "%tmp_8 = srem i32 %i_1_cast_mid2_cast, %Ky_read" [pool_stream/pool.cpp:130]   --->   Core 23 'DivnS' <Latency = 36> <II = 1> <Delay = 4.36> <FuncUnit> <Opcode : 'sdiv' 'srem' 'udiv' 'urem'> <InPorts = 2> <OutPorts = 1>

 <State 21> : 4.37ns
ST_21 : Operation 111 [18/37] (4.36ns)   --->   "%tmp_8 = srem i32 %i_1_cast_mid2_cast, %Ky_read" [pool_stream/pool.cpp:130]   --->   Core 23 'DivnS' <Latency = 36> <II = 1> <Delay = 4.36> <FuncUnit> <Opcode : 'sdiv' 'srem' 'udiv' 'urem'> <InPorts = 2> <OutPorts = 1>

 <State 22> : 4.37ns
ST_22 : Operation 112 [17/37] (4.36ns)   --->   "%tmp_8 = srem i32 %i_1_cast_mid2_cast, %Ky_read" [pool_stream/pool.cpp:130]   --->   Core 23 'DivnS' <Latency = 36> <II = 1> <Delay = 4.36> <FuncUnit> <Opcode : 'sdiv' 'srem' 'udiv' 'urem'> <InPorts = 2> <OutPorts = 1>

 <State 23> : 4.37ns
ST_23 : Operation 113 [16/37] (4.36ns)   --->   "%tmp_8 = srem i32 %i_1_cast_mid2_cast, %Ky_read" [pool_stream/pool.cpp:130]   --->   Core 23 'DivnS' <Latency = 36> <II = 1> <Delay = 4.36> <FuncUnit> <Opcode : 'sdiv' 'srem' 'udiv' 'urem'> <InPorts = 2> <OutPorts = 1>

 <State 24> : 4.37ns
ST_24 : Operation 114 [15/37] (4.36ns)   --->   "%tmp_8 = srem i32 %i_1_cast_mid2_cast, %Ky_read" [pool_stream/pool.cpp:130]   --->   Core 23 'DivnS' <Latency = 36> <II = 1> <Delay = 4.36> <FuncUnit> <Opcode : 'sdiv' 'srem' 'udiv' 'urem'> <InPorts = 2> <OutPorts = 1>

 <State 25> : 4.37ns
ST_25 : Operation 115 [14/37] (4.36ns)   --->   "%tmp_8 = srem i32 %i_1_cast_mid2_cast, %Ky_read" [pool_stream/pool.cpp:130]   --->   Core 23 'DivnS' <Latency = 36> <II = 1> <Delay = 4.36> <FuncUnit> <Opcode : 'sdiv' 'srem' 'udiv' 'urem'> <InPorts = 2> <OutPorts = 1>

 <State 26> : 4.37ns
ST_26 : Operation 116 [13/37] (4.36ns)   --->   "%tmp_8 = srem i32 %i_1_cast_mid2_cast, %Ky_read" [pool_stream/pool.cpp:130]   --->   Core 23 'DivnS' <Latency = 36> <II = 1> <Delay = 4.36> <FuncUnit> <Opcode : 'sdiv' 'srem' 'udiv' 'urem'> <InPorts = 2> <OutPorts = 1>

 <State 27> : 4.37ns
ST_27 : Operation 117 [12/37] (4.36ns)   --->   "%tmp_8 = srem i32 %i_1_cast_mid2_cast, %Ky_read" [pool_stream/pool.cpp:130]   --->   Core 23 'DivnS' <Latency = 36> <II = 1> <Delay = 4.36> <FuncUnit> <Opcode : 'sdiv' 'srem' 'udiv' 'urem'> <InPorts = 2> <OutPorts = 1>

 <State 28> : 4.37ns
ST_28 : Operation 118 [11/37] (4.36ns)   --->   "%tmp_8 = srem i32 %i_1_cast_mid2_cast, %Ky_read" [pool_stream/pool.cpp:130]   --->   Core 23 'DivnS' <Latency = 36> <II = 1> <Delay = 4.36> <FuncUnit> <Opcode : 'sdiv' 'srem' 'udiv' 'urem'> <InPorts = 2> <OutPorts = 1>

 <State 29> : 4.37ns
ST_29 : Operation 119 [10/37] (4.36ns)   --->   "%tmp_8 = srem i32 %i_1_cast_mid2_cast, %Ky_read" [pool_stream/pool.cpp:130]   --->   Core 23 'DivnS' <Latency = 36> <II = 1> <Delay = 4.36> <FuncUnit> <Opcode : 'sdiv' 'srem' 'udiv' 'urem'> <InPorts = 2> <OutPorts = 1>

 <State 30> : 4.37ns
ST_30 : Operation 120 [9/37] (4.36ns)   --->   "%tmp_8 = srem i32 %i_1_cast_mid2_cast, %Ky_read" [pool_stream/pool.cpp:130]   --->   Core 23 'DivnS' <Latency = 36> <II = 1> <Delay = 4.36> <FuncUnit> <Opcode : 'sdiv' 'srem' 'udiv' 'urem'> <InPorts = 2> <OutPorts = 1>

 <State 31> : 4.37ns
ST_31 : Operation 121 [8/37] (4.36ns)   --->   "%tmp_8 = srem i32 %i_1_cast_mid2_cast, %Ky_read" [pool_stream/pool.cpp:130]   --->   Core 23 'DivnS' <Latency = 36> <II = 1> <Delay = 4.36> <FuncUnit> <Opcode : 'sdiv' 'srem' 'udiv' 'urem'> <InPorts = 2> <OutPorts = 1>

 <State 32> : 4.37ns
ST_32 : Operation 122 [7/37] (4.36ns)   --->   "%tmp_8 = srem i32 %i_1_cast_mid2_cast, %Ky_read" [pool_stream/pool.cpp:130]   --->   Core 23 'DivnS' <Latency = 36> <II = 1> <Delay = 4.36> <FuncUnit> <Opcode : 'sdiv' 'srem' 'udiv' 'urem'> <InPorts = 2> <OutPorts = 1>

 <State 33> : 4.37ns
ST_33 : Operation 123 [6/37] (4.36ns)   --->   "%tmp_8 = srem i32 %i_1_cast_mid2_cast, %Ky_read" [pool_stream/pool.cpp:130]   --->   Core 23 'DivnS' <Latency = 36> <II = 1> <Delay = 4.36> <FuncUnit> <Opcode : 'sdiv' 'srem' 'udiv' 'urem'> <InPorts = 2> <OutPorts = 1>

 <State 34> : 4.37ns
ST_34 : Operation 124 [5/37] (4.36ns)   --->   "%tmp_8 = srem i32 %i_1_cast_mid2_cast, %Ky_read" [pool_stream/pool.cpp:130]   --->   Core 23 'DivnS' <Latency = 36> <II = 1> <Delay = 4.36> <FuncUnit> <Opcode : 'sdiv' 'srem' 'udiv' 'urem'> <InPorts = 2> <OutPorts = 1>

 <State 35> : 4.37ns
ST_35 : Operation 125 [4/37] (4.36ns)   --->   "%tmp_8 = srem i32 %i_1_cast_mid2_cast, %Ky_read" [pool_stream/pool.cpp:130]   --->   Core 23 'DivnS' <Latency = 36> <II = 1> <Delay = 4.36> <FuncUnit> <Opcode : 'sdiv' 'srem' 'udiv' 'urem'> <InPorts = 2> <OutPorts = 1>

 <State 36> : 4.37ns
ST_36 : Operation 126 [3/37] (4.36ns)   --->   "%tmp_8 = srem i32 %i_1_cast_mid2_cast, %Ky_read" [pool_stream/pool.cpp:130]   --->   Core 23 'DivnS' <Latency = 36> <II = 1> <Delay = 4.36> <FuncUnit> <Opcode : 'sdiv' 'srem' 'udiv' 'urem'> <InPorts = 2> <OutPorts = 1>

 <State 37> : 6.89ns
ST_37 : Operation 127 [1/1] (0.00ns)   --->   "%tmp_6 = sext i32 %ptr_tp to i64" [pool_stream/pool.cpp:128]
ST_37 : Operation 128 [1/1] (3.63ns)   --->   "%in_d0_V = call i128 @_ssdm_op_Read.ap_fifo.volatile.i128P(i128* %in_V_V)" [pool_stream/pool.cpp:128]   --->   Core 32 'FIFO' <Latency = 0> <II = 1> <Delay = 3.63> <Storage> <Opcode : 'read' 'write' 'nbread' 'nbwrite'> <Ports = 0> <Width = 128> <Depth = 2> <FIFO>
ST_37 : Operation 129 [1/1] (0.00ns)   --->   "%buf_V_addr = getelementptr [128 x i128]* %buf_V, i64 0, i64 %tmp_6" [pool_stream/pool.cpp:128]
ST_37 : Operation 130 [1/1] (3.25ns)   --->   "store i128 %in_d0_V, i128* %buf_V_addr, align 16" [pool_stream/pool.cpp:128]   --->   Core 37 'RAM' <Latency = 1> <II = 1> <Delay = 3.25> <Storage> <Opcode : 'load' 'store'> <Ports = 2> <Width = 128> <Depth = 128> <RAM>
ST_37 : Operation 131 [2/37] (4.36ns)   --->   "%tmp_8 = srem i32 %i_1_cast_mid2_cast, %Ky_read" [pool_stream/pool.cpp:130]   --->   Core 23 'DivnS' <Latency = 36> <II = 1> <Delay = 4.36> <FuncUnit> <Opcode : 'sdiv' 'srem' 'udiv' 'urem'> <InPorts = 2> <OutPorts = 1>

 <State 38> : 9.75ns
ST_38 : Operation 132 [1/1] (0.00ns)   --->   "call void (...)* @_ssdm_op_SpecLoopTripCount(i64 200, i64 200, i64 200)"
ST_38 : Operation 133 [1/1] (0.00ns)   --->   "%tmp_1 = call i32 (...)* @_ssdm_op_SpecRegionBegin([12 x i8]* @p_str11)" [pool_stream/pool.cpp:124]
ST_38 : Operation 134 [1/1] (0.00ns)   --->   "call void (...)* @_ssdm_op_SpecPipeline(i32 1, i32 1, i32 1, i32 0, [1 x i8]* @p_str1) nounwind" [pool_stream/pool.cpp:125]
ST_38 : Operation 135 [1/37] (4.36ns)   --->   "%tmp_8 = srem i32 %i_1_cast_mid2_cast, %Ky_read" [pool_stream/pool.cpp:130]   --->   Core 23 'DivnS' <Latency = 36> <II = 1> <Delay = 4.36> <FuncUnit> <Opcode : 'sdiv' 'srem' 'udiv' 'urem'> <InPorts = 2> <OutPorts = 1>
ST_38 : Operation 136 [1/1] (2.47ns)   --->   "%tmp_9 = icmp eq i32 %tmp_8, 0" [pool_stream/pool.cpp:130]   --->   Core 25 'Cmp' <Latency = 0> <II = 1> <Delay = 2.47> <FuncUnit> <Opcode : 'icmp'> <InPorts = 2> <OutPorts = 1>
ST_38 : Operation 137 [1/1] (0.00ns)   --->   "br i1 %tmp_9, label %_ifconv, label %._crit_edge" [pool_stream/pool.cpp:130]
ST_38 : Operation 138 [1/1] (2.47ns)   --->   "%tmp_s = icmp slt i32 %ptr_tp, %width_out_read" [pool_stream/pool.cpp:137]   --->   Core 25 'Cmp' <Latency = 0> <II = 1> <Delay = 2.47> <FuncUnit> <Opcode : 'icmp'> <InPorts = 2> <OutPorts = 1>
ST_38 : Operation 139 [1/1] (2.55ns)   --->   "%ptr_tp_3 = add i32 %tmp, %ptr_tp" [pool_stream/pool.cpp:138]   --->   Core 14 'AddSub' <Latency = 0> <II = 1> <Delay = 2.55> <FuncUnit> <Opcode : 'add' 'sub'> <InPorts = 2> <OutPorts = 1>
ST_38 : Operation 140 [1/1] (2.55ns)   --->   "%ptr_tp_4 = sub nsw i32 %ptr_tp, %width_out_read" [pool_stream/pool.cpp:140]   --->   Core 14 'AddSub' <Latency = 0> <II = 1> <Delay = 2.55> <FuncUnit> <Opcode : 'add' 'sub'> <InPorts = 2> <OutPorts = 1>
ST_38 : Operation 141 [1/1] (0.69ns)   --->   "%ptr_tp_5 = select i1 %tmp_s, i32 %ptr_tp_3, i32 %ptr_tp_4" [pool_stream/pool.cpp:137]   --->   Core 26 'Sel' <Latency = 0> <II = 1> <Delay = 1.48> <FuncUnit> <Opcode : 'select'> <InPorts = 3> <OutPorts = 1>
ST_38 : Operation 142 [1/1] (0.00ns)   --->   "%tmp_3 = sext i32 %ptr_tp_5 to i64" [pool_stream/pool.cpp:141]
ST_38 : Operation 143 [1/1] (0.00ns)   --->   "%buf_V_addr_1 = getelementptr [128 x i128]* %buf_V, i64 0, i64 %tmp_3" [pool_stream/pool.cpp:141]
ST_38 : Operation 144 [2/2] (3.25ns)   --->   "%in_d1_V = load i128* %buf_V_addr_1, align 16" [pool_stream/pool.cpp:141]   --->   Core 37 'RAM' <Latency = 1> <II = 1> <Delay = 3.25> <Storage> <Opcode : 'load' 'store'> <Ports = 2> <Width = 128> <Depth = 128> <RAM>
ST_38 : Operation 145 [1/1] (2.47ns)   --->   "%tmp_4 = icmp slt i32 %ptr_tp_5, %width_out_read" [pool_stream/pool.cpp:143]   --->   Core 25 'Cmp' <Latency = 0> <II = 1> <Delay = 2.47> <FuncUnit> <Opcode : 'icmp'> <InPorts = 2> <OutPorts = 1>
ST_38 : Operation 146 [1/1] (2.55ns)   --->   "%ptr_tp_6 = add i32 %tmp, %ptr_tp_5" [pool_stream/pool.cpp:144]   --->   Core 14 'AddSub' <Latency = 0> <II = 1> <Delay = 2.55> <FuncUnit> <Opcode : 'add' 'sub'> <InPorts = 2> <OutPorts = 1>
ST_38 : Operation 147 [1/1] (2.55ns)   --->   "%ptr_tp_7 = sub nsw i32 %ptr_tp_5, %width_out_read" [pool_stream/pool.cpp:146]   --->   Core 14 'AddSub' <Latency = 0> <II = 1> <Delay = 2.55> <FuncUnit> <Opcode : 'add' 'sub'> <InPorts = 2> <OutPorts = 1>
ST_38 : Operation 148 [1/1] (0.69ns)   --->   "%ptr_tp_1 = select i1 %tmp_4, i32 %ptr_tp_6, i32 %ptr_tp_7" [pool_stream/pool.cpp:143]   --->   Core 26 'Sel' <Latency = 0> <II = 1> <Delay = 1.48> <FuncUnit> <Opcode : 'select'> <InPorts = 3> <OutPorts = 1>
ST_38 : Operation 149 [1/1] (0.00ns)   --->   "%tmp_7 = sext i32 %ptr_tp_1 to i64" [pool_stream/pool.cpp:147]
ST_38 : Operation 150 [1/1] (0.00ns)   --->   "%buf_V_addr_2 = getelementptr [128 x i128]* %buf_V, i64 0, i64 %tmp_7" [pool_stream/pool.cpp:147]
ST_38 : Operation 151 [2/2] (3.25ns)   --->   "%in_d2_V = load i128* %buf_V_addr_2, align 16" [pool_stream/pool.cpp:147]   --->   Core 37 'RAM' <Latency = 1> <II = 1> <Delay = 3.25> <Storage> <Opcode : 'load' 'store'> <Ports = 2> <Width = 128> <Depth = 128> <RAM>
ST_38 : Operation 152 [1/1] (2.47ns)   --->   "%tmp_2 = icmp slt i32 %ptr_tp_1, %width_out_read" [pool_stream/pool.cpp:149]   --->   Core 25 'Cmp' <Latency = 0> <II = 1> <Delay = 2.47> <FuncUnit> <Opcode : 'icmp'> <InPorts = 2> <OutPorts = 1>
ST_38 : Operation 153 [1/1] (2.55ns)   --->   "%ptr_tp_8 = add i32 %tmp, %ptr_tp_1" [pool_stream/pool.cpp:150]   --->   Core 14 'AddSub' <Latency = 0> <II = 1> <Delay = 2.55> <FuncUnit> <Opcode : 'add' 'sub'> <InPorts = 2> <OutPorts = 1>
ST_38 : Operation 154 [1/1] (2.55ns)   --->   "%ptr_tp_9 = sub nsw i32 %ptr_tp_1, %width_out_read" [pool_stream/pool.cpp:152]   --->   Core 14 'AddSub' <Latency = 0> <II = 1> <Delay = 2.55> <FuncUnit> <Opcode : 'add' 'sub'> <InPorts = 2> <OutPorts = 1>
ST_38 : Operation 155 [1/1] (0.69ns)   --->   "%ptr_tp_2 = select i1 %tmp_2, i32 %ptr_tp_8, i32 %ptr_tp_9" [pool_stream/pool.cpp:149]   --->   Core 26 'Sel' <Latency = 0> <II = 1> <Delay = 1.48> <FuncUnit> <Opcode : 'select'> <InPorts = 3> <OutPorts = 1>
ST_38 : Operation 156 [1/1] (2.47ns)   --->   "%tmp_12 = icmp eq i32 %ptr_tp, 127" [pool_stream/pool.cpp:174]   --->   Core 25 'Cmp' <Latency = 0> <II = 1> <Delay = 2.47> <FuncUnit> <Opcode : 'icmp'> <InPorts = 2> <OutPorts = 1>
ST_38 : Operation 157 [1/1] (2.55ns)   --->   "%ptr = add nsw i32 %ptr_tp, 1" [pool_stream/pool.cpp:177]   --->   Core 14 'AddSub' <Latency = 0> <II = 1> <Delay = 2.55> <FuncUnit> <Opcode : 'add' 'sub'> <InPorts = 2> <OutPorts = 1>
ST_38 : Operation 158 [1/1] (0.69ns)   --->   "%ptr_1 = select i1 %tmp_12, i32 0, i32 %ptr" [pool_stream/pool.cpp:174]   --->   Core 26 'Sel' <Latency = 0> <II = 1> <Delay = 1.48> <FuncUnit> <Opcode : 'select'> <InPorts = 3> <OutPorts = 1>
ST_38 : Operation 159 [1/1] (0.00ns)   --->   "%empty = call i32 (...)* @_ssdm_op_SpecRegionEnd([12 x i8]* @p_str11, i32 %tmp_1)" [pool_stream/pool.cpp:178]
ST_38 : Operation 160 [1/1] (0.00ns)   --->   "br label %0" [pool_stream/pool.cpp:123]

 <State 39> : 3.25ns
ST_39 : Operation 161 [1/2] (3.25ns)   --->   "%in_d1_V = load i128* %buf_V_addr_1, align 16" [pool_stream/pool.cpp:141]   --->   Core 37 'RAM' <Latency = 1> <II = 1> <Delay = 3.25> <Storage> <Opcode : 'load' 'store'> <Ports = 2> <Width = 128> <Depth = 128> <RAM>
ST_39 : Operation 162 [1/2] (3.25ns)   --->   "%in_d2_V = load i128* %buf_V_addr_2, align 16" [pool_stream/pool.cpp:147]   --->   Core 37 'RAM' <Latency = 1> <II = 1> <Delay = 3.25> <Storage> <Opcode : 'load' 'store'> <Ports = 2> <Width = 128> <Depth = 128> <RAM>
ST_39 : Operation 163 [1/1] (0.00ns)   --->   "%tmp_10 = sext i32 %ptr_tp_2 to i64" [pool_stream/pool.cpp:153]
ST_39 : Operation 164 [1/1] (0.00ns)   --->   "%buf_V_addr_3 = getelementptr [128 x i128]* %buf_V, i64 0, i64 %tmp_10" [pool_stream/pool.cpp:153]
ST_39 : Operation 165 [2/2] (3.25ns)   --->   "%in_d3_V = load i128* %buf_V_addr_3, align 16" [pool_stream/pool.cpp:153]   --->   Core 37 'RAM' <Latency = 1> <II = 1> <Delay = 3.25> <Storage> <Opcode : 'load' 'store'> <Ports = 2> <Width = 128> <Depth = 128> <RAM>
ST_39 : Operation 166 [1/1] (0.00ns)   --->   "%tmp_22 = trunc i128 %in_d1_V to i16" [pool_stream/pool.cpp:159]
ST_39 : Operation 167 [1/1] (0.00ns)   --->   "%tmp_23 = trunc i128 %in_d2_V to i16" [pool_stream/pool.cpp:160]
ST_39 : Operation 168 [1/1] (0.00ns)   --->   "%p_Result_1_1 = call i16 @_ssdm_op_PartSelect.i16.i128.i32.i32(i128 %in_d1_V, i32 16, i32 31)" [pool_stream/pool.cpp:159]
ST_39 : Operation 169 [1/1] (0.00ns)   --->   "%p_Result_2_1 = call i16 @_ssdm_op_PartSelect.i16.i128.i32.i32(i128 %in_d2_V, i32 16, i32 31)" [pool_stream/pool.cpp:160]
ST_39 : Operation 170 [1/1] (0.00ns)   --->   "%p_Result_1_2 = call i16 @_ssdm_op_PartSelect.i16.i128.i32.i32(i128 %in_d1_V, i32 32, i32 47)" [pool_stream/pool.cpp:159]
ST_39 : Operation 171 [1/1] (0.00ns)   --->   "%p_Result_2_2 = call i16 @_ssdm_op_PartSelect.i16.i128.i32.i32(i128 %in_d2_V, i32 32, i32 47)" [pool_stream/pool.cpp:160]
ST_39 : Operation 172 [1/1] (0.00ns)   --->   "%p_Result_1_3 = call i16 @_ssdm_op_PartSelect.i16.i128.i32.i32(i128 %in_d1_V, i32 48, i32 63)" [pool_stream/pool.cpp:159]
ST_39 : Operation 173 [1/1] (0.00ns)   --->   "%p_Result_2_3 = call i16 @_ssdm_op_PartSelect.i16.i128.i32.i32(i128 %in_d2_V, i32 48, i32 63)" [pool_stream/pool.cpp:160]
ST_39 : Operation 174 [1/1] (0.00ns)   --->   "%p_Result_1_4 = call i16 @_ssdm_op_PartSelect.i16.i128.i32.i32(i128 %in_d1_V, i32 64, i32 79)" [pool_stream/pool.cpp:159]
ST_39 : Operation 175 [1/1] (0.00ns)   --->   "%p_Result_2_4 = call i16 @_ssdm_op_PartSelect.i16.i128.i32.i32(i128 %in_d2_V, i32 64, i32 79)" [pool_stream/pool.cpp:160]
ST_39 : Operation 176 [1/1] (0.00ns)   --->   "%p_Result_1_5 = call i16 @_ssdm_op_PartSelect.i16.i128.i32.i32(i128 %in_d1_V, i32 80, i32 95)" [pool_stream/pool.cpp:159]
ST_39 : Operation 177 [1/1] (0.00ns)   --->   "%p_Result_2_5 = call i16 @_ssdm_op_PartSelect.i16.i128.i32.i32(i128 %in_d2_V, i32 80, i32 95)" [pool_stream/pool.cpp:160]
ST_39 : Operation 178 [1/1] (0.00ns)   --->   "%p_Result_1_6 = call i16 @_ssdm_op_PartSelect.i16.i128.i32.i32(i128 %in_d1_V, i32 96, i32 111)" [pool_stream/pool.cpp:159]
ST_39 : Operation 179 [1/1] (0.00ns)   --->   "%p_Result_2_6 = call i16 @_ssdm_op_PartSelect.i16.i128.i32.i32(i128 %in_d2_V, i32 96, i32 111)" [pool_stream/pool.cpp:160]
ST_39 : Operation 180 [1/1] (0.00ns)   --->   "%p_Result_1_7 = call i16 @_ssdm_op_PartSelect.i16.i128.i32.i32(i128 %in_d1_V, i32 112, i32 127)" [pool_stream/pool.cpp:159]
ST_39 : Operation 181 [1/1] (0.00ns)   --->   "%p_Result_2_7 = call i16 @_ssdm_op_PartSelect.i16.i128.i32.i32(i128 %in_d2_V, i32 112, i32 127)" [pool_stream/pool.cpp:160]

 <State 40> : 42.92ns
ST_40 : Operation 182 [1/1] (0.00ns)   --->   "%tmp_V_load = load i128* %tmp_V"
ST_40 : Operation 183 [1/2] (3.25ns)   --->   "%in_d3_V = load i128* %buf_V_addr_3, align 16" [pool_stream/pool.cpp:153]   --->   Core 37 'RAM' <Latency = 1> <II = 1> <Delay = 3.25> <Storage> <Opcode : 'load' 'store'> <Ports = 2> <Width = 128> <Depth = 128> <RAM>
ST_40 : Operation 184 [1/1] (0.00ns)   --->   "%tmp_21 = trunc i128 %in_d0_V to i16" [pool_stream/pool.cpp:158]
ST_40 : Operation 185 [1/1] (0.00ns)   --->   "%tmp_24 = trunc i128 %in_d3_V to i16" [pool_stream/pool.cpp:161]
ST_40 : Operation 186 [1/1] (0.00ns) (grouped into LUT with out node p_0219_4)   --->   "%p_Result_4 = call i128 @llvm.part.set.i128.i16(i128 %tmp_V_load, i16 %tmp_21, i32 0, i32 15)" [pool_stream/pool.cpp:165]
ST_40 : Operation 187 [1/1] (2.42ns)   --->   "%tmp_11 = icmp sgt i16 %tmp_21, %tmp_22" [pool_stream/pool.cpp:166]   --->   Core 25 'Cmp' <Latency = 0> <II = 1> <Delay = 2.47> <FuncUnit> <Opcode : 'icmp'> <InPorts = 2> <OutPorts = 1>
ST_40 : Operation 188 [1/1] (0.00ns) (grouped into LUT with out node sel_tmp5)   --->   "%tmp_13 = select i1 %tmp_11, i16 %tmp_21, i16 %tmp_22" [pool_stream/pool.cpp:166]   --->   Core 26 'Sel' <Latency = 0> <II = 1> <Delay = 1.48> <FuncUnit> <Opcode : 'select'> <InPorts = 3> <OutPorts = 1>
ST_40 : Operation 189 [1/1] (0.00ns) (grouped into LUT with out node sel_tmp5)   --->   "%p_Result_5 = call i128 @llvm.part.set.i128.i16(i128 %tmp_V_load, i16 %tmp_13, i32 0, i32 15)" [pool_stream/pool.cpp:166]
ST_40 : Operation 190 [1/1] (2.42ns)   --->   "%tmp_14 = icmp sgt i16 %tmp_22, %tmp_23" [pool_stream/pool.cpp:167]   --->   Core 25 'Cmp' <Latency = 0> <II = 1> <Delay = 2.47> <FuncUnit> <Opcode : 'icmp'> <InPorts = 2> <OutPorts = 1>
ST_40 : Operation 191 [1/1] (0.80ns)   --->   "%tmp_15 = select i1 %tmp_14, i16 %tmp_22, i16 %tmp_23" [pool_stream/pool.cpp:167]   --->   Core 26 'Sel' <Latency = 0> <II = 1> <Delay = 1.48> <FuncUnit> <Opcode : 'select'> <InPorts = 3> <OutPorts = 1>
ST_40 : Operation 192 [1/1] (2.42ns)   --->   "%tmp_16 = icmp sgt i16 %tmp_21, %tmp_15" [pool_stream/pool.cpp:167]   --->   Core 25 'Cmp' <Latency = 0> <II = 1> <Delay = 2.47> <FuncUnit> <Opcode : 'icmp'> <InPorts = 2> <OutPorts = 1>
ST_40 : Operation 193 [1/1] (0.00ns) (grouped into LUT with out node sel_tmp3)   --->   "%tp_d0_V_1 = select i1 %tmp_16, i16 %tmp_21, i16 %tmp_15" [pool_stream/pool.cpp:167]   --->   Core 26 'Sel' <Latency = 0> <II = 1> <Delay = 1.48> <FuncUnit> <Opcode : 'select'> <InPorts = 3> <OutPorts = 1>
ST_40 : Operation 194 [1/1] (0.00ns) (grouped into LUT with out node sel_tmp3)   --->   "%p_Result_6 = call i128 @llvm.part.set.i128.i16(i128 %tmp_V_load, i16 %tp_d0_V_1, i32 0, i32 15)" [pool_stream/pool.cpp:167]
ST_40 : Operation 195 [1/1] (2.42ns)   --->   "%tmp_17 = icmp sgt i16 %tmp_23, %tmp_24" [pool_stream/pool.cpp:168]   --->   Core 25 'Cmp' <Latency = 0> <II = 1> <Delay = 2.47> <FuncUnit> <Opcode : 'icmp'> <InPorts = 2> <OutPorts = 1>
ST_40 : Operation 196 [1/1] (0.80ns)   --->   "%tmp_18 = select i1 %tmp_17, i16 %tmp_23, i16 %tmp_24" [pool_stream/pool.cpp:168]   --->   Core 26 'Sel' <Latency = 0> <II = 1> <Delay = 1.48> <FuncUnit> <Opcode : 'select'> <InPorts = 3> <OutPorts = 1>
ST_40 : Operation 197 [1/1] (2.42ns)   --->   "%tmp_19 = icmp sgt i16 %tmp_22, %tmp_18" [pool_stream/pool.cpp:168]   --->   Core 25 'Cmp' <Latency = 0> <II = 1> <Delay = 2.47> <FuncUnit> <Opcode : 'icmp'> <InPorts = 2> <OutPorts = 1>
ST_40 : Operation 198 [1/1] (0.80ns)   --->   "%tp_d1_V_1 = select i1 %tmp_19, i16 %tmp_22, i16 %tmp_18" [pool_stream/pool.cpp:168]   --->   Core 26 'Sel' <Latency = 0> <II = 1> <Delay = 1.48> <FuncUnit> <Opcode : 'select'> <InPorts = 3> <OutPorts = 1>
ST_40 : Operation 199 [1/1] (2.42ns)   --->   "%tmp_20 = icmp sgt i16 %tmp_21, %tp_d1_V_1" [pool_stream/pool.cpp:168]   --->   Core 25 'Cmp' <Latency = 0> <II = 1> <Delay = 2.47> <FuncUnit> <Opcode : 'icmp'> <InPorts = 2> <OutPorts = 1>
ST_40 : Operation 200 [1/1] (0.00ns) (grouped into LUT with out node sel_tmp1)   --->   "%p_in347_ld = select i1 %tmp_20, i16 %tmp_21, i16 %tp_d1_V_1" [pool_stream/pool.cpp:168]   --->   Core 26 'Sel' <Latency = 0> <II = 1> <Delay = 1.48> <FuncUnit> <Opcode : 'select'> <InPorts = 3> <OutPorts = 1>
ST_40 : Operation 201 [1/1] (0.00ns) (grouped into LUT with out node sel_tmp1)   --->   "%p_Result_7 = call i128 @llvm.part.set.i128.i16(i128 %tmp_V_load, i16 %p_in347_ld, i32 0, i32 15)" [pool_stream/pool.cpp:168]
ST_40 : Operation 202 [1/1] (1.92ns) (out node of the LUT)   --->   "%sel_tmp1 = select i1 %sel_tmp, i128 %p_Result_7, i128 %tmp_V_load" [pool_stream/pool.cpp:168]   --->   Core 26 'Sel' <Latency = 0> <II = 1> <Delay = 1.48> <FuncUnit> <Opcode : 'select'> <InPorts = 3> <OutPorts = 1>
ST_40 : Operation 203 [1/1] (1.92ns) (out node of the LUT)   --->   "%sel_tmp3 = select i1 %sel_tmp2, i128 %p_Result_6, i128 %sel_tmp1" [pool_stream/pool.cpp:167]   --->   Core 26 'Sel' <Latency = 0> <II = 1> <Delay = 1.48> <FuncUnit> <Opcode : 'select'> <InPorts = 3> <OutPorts = 1>
ST_40 : Operation 204 [1/1] (1.92ns) (out node of the LUT)   --->   "%sel_tmp5 = select i1 %sel_tmp4, i128 %p_Result_5, i128 %sel_tmp3" [pool_stream/pool.cpp:166]   --->   Core 26 'Sel' <Latency = 0> <II = 1> <Delay = 1.48> <FuncUnit> <Opcode : 'select'> <InPorts = 3> <OutPorts = 1>
ST_40 : Operation 205 [1/1] (1.92ns) (out node of the LUT)   --->   "%p_0219_4 = select i1 %sel_tmp6, i128 %p_Result_4, i128 %sel_tmp5" [pool_stream/pool.cpp:165]   --->   Core 26 'Sel' <Latency = 0> <II = 1> <Delay = 1.48> <FuncUnit> <Opcode : 'select'> <InPorts = 3> <OutPorts = 1>
ST_40 : Operation 206 [1/1] (0.00ns)   --->   "%p_Result_s = call i16 @_ssdm_op_PartSelect.i16.i128.i32.i32(i128 %in_d0_V, i32 16, i32 31)" [pool_stream/pool.cpp:158]
ST_40 : Operation 207 [1/1] (0.00ns)   --->   "%p_Result_3_1 = call i16 @_ssdm_op_PartSelect.i16.i128.i32.i32(i128 %in_d3_V, i32 16, i32 31)" [pool_stream/pool.cpp:161]
ST_40 : Operation 208 [1/1] (0.00ns) (grouped into LUT with out node p_0219_4_1)   --->   "%p_Result_4_1 = call i128 @llvm.part.set.i128.i16(i128 %p_0219_4, i16 %p_Result_s, i32 16, i32 31)" [pool_stream/pool.cpp:165]
ST_40 : Operation 209 [1/1] (2.42ns)   --->   "%tmp_13_1 = icmp sgt i16 %p_Result_s, %p_Result_1_1" [pool_stream/pool.cpp:166]   --->   Core 25 'Cmp' <Latency = 0> <II = 1> <Delay = 2.47> <FuncUnit> <Opcode : 'icmp'> <InPorts = 2> <OutPorts = 1>
ST_40 : Operation 210 [1/1] (0.00ns) (grouped into LUT with out node sel_tmp8)   --->   "%tmp_14_1 = select i1 %tmp_13_1, i16 %p_Result_s, i16 %p_Result_1_1" [pool_stream/pool.cpp:166]   --->   Core 26 'Sel' <Latency = 0> <II = 1> <Delay = 1.48> <FuncUnit> <Opcode : 'select'> <InPorts = 3> <OutPorts = 1>
ST_40 : Operation 211 [1/1] (0.00ns) (grouped into LUT with out node sel_tmp8)   --->   "%p_Result_5_1 = call i128 @llvm.part.set.i128.i16(i128 %p_0219_4, i16 %tmp_14_1, i32 16, i32 31)" [pool_stream/pool.cpp:166]
ST_40 : Operation 212 [1/1] (2.42ns)   --->   "%tmp_15_1 = icmp sgt i16 %p_Result_1_1, %p_Result_2_1" [pool_stream/pool.cpp:167]   --->   Core 25 'Cmp' <Latency = 0> <II = 1> <Delay = 2.47> <FuncUnit> <Opcode : 'icmp'> <InPorts = 2> <OutPorts = 1>
ST_40 : Operation 213 [1/1] (0.80ns)   --->   "%tmp_16_1 = select i1 %tmp_15_1, i16 %p_Result_1_1, i16 %p_Result_2_1" [pool_stream/pool.cpp:167]   --->   Core 26 'Sel' <Latency = 0> <II = 1> <Delay = 1.48> <FuncUnit> <Opcode : 'select'> <InPorts = 3> <OutPorts = 1>
ST_40 : Operation 214 [1/1] (2.42ns)   --->   "%tmp_17_1 = icmp sgt i16 %p_Result_s, %tmp_16_1" [pool_stream/pool.cpp:167]   --->   Core 25 'Cmp' <Latency = 0> <II = 1> <Delay = 2.47> <FuncUnit> <Opcode : 'icmp'> <InPorts = 2> <OutPorts = 1>
ST_40 : Operation 215 [1/1] (0.00ns) (grouped into LUT with out node sel_tmp7)   --->   "%tp_d0_V_1_1 = select i1 %tmp_17_1, i16 %p_Result_s, i16 %tmp_16_1" [pool_stream/pool.cpp:167]   --->   Core 26 'Sel' <Latency = 0> <II = 1> <Delay = 1.48> <FuncUnit> <Opcode : 'select'> <InPorts = 3> <OutPorts = 1>
ST_40 : Operation 216 [1/1] (0.00ns) (grouped into LUT with out node sel_tmp7)   --->   "%p_Result_6_1 = call i128 @llvm.part.set.i128.i16(i128 %p_0219_4, i16 %tp_d0_V_1_1, i32 16, i32 31)" [pool_stream/pool.cpp:167]
ST_40 : Operation 217 [1/1] (2.42ns)   --->   "%tmp_18_1 = icmp sgt i16 %p_Result_2_1, %p_Result_3_1" [pool_stream/pool.cpp:168]   --->   Core 25 'Cmp' <Latency = 0> <II = 1> <Delay = 2.47> <FuncUnit> <Opcode : 'icmp'> <InPorts = 2> <OutPorts = 1>
ST_40 : Operation 218 [1/1] (0.80ns)   --->   "%tmp_19_1 = select i1 %tmp_18_1, i16 %p_Result_2_1, i16 %p_Result_3_1" [pool_stream/pool.cpp:168]   --->   Core 26 'Sel' <Latency = 0> <II = 1> <Delay = 1.48> <FuncUnit> <Opcode : 'select'> <InPorts = 3> <OutPorts = 1>
ST_40 : Operation 219 [1/1] (2.42ns)   --->   "%tmp_20_1 = icmp sgt i16 %p_Result_1_1, %tmp_19_1" [pool_stream/pool.cpp:168]   --->   Core 25 'Cmp' <Latency = 0> <II = 1> <Delay = 2.47> <FuncUnit> <Opcode : 'icmp'> <InPorts = 2> <OutPorts = 1>
ST_40 : Operation 220 [1/1] (0.80ns)   --->   "%tp_d1_V_1_1 = select i1 %tmp_20_1, i16 %p_Result_1_1, i16 %tmp_19_1" [pool_stream/pool.cpp:168]   --->   Core 26 'Sel' <Latency = 0> <II = 1> <Delay = 1.48> <FuncUnit> <Opcode : 'select'> <InPorts = 3> <OutPorts = 1>
ST_40 : Operation 221 [1/1] (2.42ns)   --->   "%tmp_21_1 = icmp sgt i16 %p_Result_s, %tp_d1_V_1_1" [pool_stream/pool.cpp:168]   --->   Core 25 'Cmp' <Latency = 0> <II = 1> <Delay = 2.47> <FuncUnit> <Opcode : 'icmp'> <InPorts = 2> <OutPorts = 1>
ST_40 : Operation 222 [1/1] (0.00ns) (grouped into LUT with out node sel_tmp9)   --->   "%p_in347_ld_1 = select i1 %tmp_21_1, i16 %p_Result_s, i16 %tp_d1_V_1_1" [pool_stream/pool.cpp:168]   --->   Core 26 'Sel' <Latency = 0> <II = 1> <Delay = 1.48> <FuncUnit> <Opcode : 'select'> <InPorts = 3> <OutPorts = 1>
ST_40 : Operation 223 [1/1] (0.00ns) (grouped into LUT with out node sel_tmp9)   --->   "%p_Result_7_1 = call i128 @llvm.part.set.i128.i16(i128 %p_0219_4, i16 %p_in347_ld_1, i32 16, i32 31)" [pool_stream/pool.cpp:168]
ST_40 : Operation 224 [1/1] (1.92ns) (out node of the LUT)   --->   "%sel_tmp9 = select i1 %sel_tmp, i128 %p_Result_7_1, i128 %p_0219_4" [pool_stream/pool.cpp:168]   --->   Core 26 'Sel' <Latency = 0> <II = 1> <Delay = 1.48> <FuncUnit> <Opcode : 'select'> <InPorts = 3> <OutPorts = 1>
ST_40 : Operation 225 [1/1] (1.92ns) (out node of the LUT)   --->   "%sel_tmp7 = select i1 %sel_tmp2, i128 %p_Result_6_1, i128 %sel_tmp9" [pool_stream/pool.cpp:167]   --->   Core 26 'Sel' <Latency = 0> <II = 1> <Delay = 1.48> <FuncUnit> <Opcode : 'select'> <InPorts = 3> <OutPorts = 1>
ST_40 : Operation 226 [1/1] (1.92ns) (out node of the LUT)   --->   "%sel_tmp8 = select i1 %sel_tmp4, i128 %p_Result_5_1, i128 %sel_tmp7" [pool_stream/pool.cpp:166]   --->   Core 26 'Sel' <Latency = 0> <II = 1> <Delay = 1.48> <FuncUnit> <Opcode : 'select'> <InPorts = 3> <OutPorts = 1>
ST_40 : Operation 227 [1/1] (1.92ns) (out node of the LUT)   --->   "%p_0219_4_1 = select i1 %sel_tmp6, i128 %p_Result_4_1, i128 %sel_tmp8" [pool_stream/pool.cpp:165]   --->   Core 26 'Sel' <Latency = 0> <II = 1> <Delay = 1.48> <FuncUnit> <Opcode : 'select'> <InPorts = 3> <OutPorts = 1>
ST_40 : Operation 228 [1/1] (0.00ns)   --->   "%p_Result_8 = call i16 @_ssdm_op_PartSelect.i16.i128.i32.i32(i128 %in_d0_V, i32 32, i32 47)" [pool_stream/pool.cpp:158]
ST_40 : Operation 229 [1/1] (0.00ns)   --->   "%p_Result_3_2 = call i16 @_ssdm_op_PartSelect.i16.i128.i32.i32(i128 %in_d3_V, i32 32, i32 47)" [pool_stream/pool.cpp:161]
ST_40 : Operation 230 [1/1] (0.00ns) (grouped into LUT with out node p_0219_4_2)   --->   "%p_Result_4_2 = call i128 @llvm.part.set.i128.i16(i128 %p_0219_4_1, i16 %p_Result_8, i32 32, i32 47)" [pool_stream/pool.cpp:165]
ST_40 : Operation 231 [1/1] (2.42ns)   --->   "%tmp_13_2 = icmp sgt i16 %p_Result_8, %p_Result_1_2" [pool_stream/pool.cpp:166]   --->   Core 25 'Cmp' <Latency = 0> <II = 1> <Delay = 2.47> <FuncUnit> <Opcode : 'icmp'> <InPorts = 2> <OutPorts = 1>
ST_40 : Operation 232 [1/1] (0.00ns) (grouped into LUT with out node sel_tmp12)   --->   "%tmp_14_2 = select i1 %tmp_13_2, i16 %p_Result_8, i16 %p_Result_1_2" [pool_stream/pool.cpp:166]   --->   Core 26 'Sel' <Latency = 0> <II = 1> <Delay = 1.48> <FuncUnit> <Opcode : 'select'> <InPorts = 3> <OutPorts = 1>
ST_40 : Operation 233 [1/1] (0.00ns) (grouped into LUT with out node sel_tmp12)   --->   "%p_Result_5_2 = call i128 @llvm.part.set.i128.i16(i128 %p_0219_4_1, i16 %tmp_14_2, i32 32, i32 47)" [pool_stream/pool.cpp:166]
ST_40 : Operation 234 [1/1] (2.42ns)   --->   "%tmp_15_2 = icmp sgt i16 %p_Result_1_2, %p_Result_2_2" [pool_stream/pool.cpp:167]   --->   Core 25 'Cmp' <Latency = 0> <II = 1> <Delay = 2.47> <FuncUnit> <Opcode : 'icmp'> <InPorts = 2> <OutPorts = 1>
ST_40 : Operation 235 [1/1] (0.80ns)   --->   "%tmp_16_2 = select i1 %tmp_15_2, i16 %p_Result_1_2, i16 %p_Result_2_2" [pool_stream/pool.cpp:167]   --->   Core 26 'Sel' <Latency = 0> <II = 1> <Delay = 1.48> <FuncUnit> <Opcode : 'select'> <InPorts = 3> <OutPorts = 1>
ST_40 : Operation 236 [1/1] (2.42ns)   --->   "%tmp_17_2 = icmp sgt i16 %p_Result_8, %tmp_16_2" [pool_stream/pool.cpp:167]   --->   Core 25 'Cmp' <Latency = 0> <II = 1> <Delay = 2.47> <FuncUnit> <Opcode : 'icmp'> <InPorts = 2> <OutPorts = 1>
ST_40 : Operation 237 [1/1] (0.00ns) (grouped into LUT with out node sel_tmp11)   --->   "%tp_d0_V_1_2 = select i1 %tmp_17_2, i16 %p_Result_8, i16 %tmp_16_2" [pool_stream/pool.cpp:167]   --->   Core 26 'Sel' <Latency = 0> <II = 1> <Delay = 1.48> <FuncUnit> <Opcode : 'select'> <InPorts = 3> <OutPorts = 1>
ST_40 : Operation 238 [1/1] (0.00ns) (grouped into LUT with out node sel_tmp11)   --->   "%p_Result_6_2 = call i128 @llvm.part.set.i128.i16(i128 %p_0219_4_1, i16 %tp_d0_V_1_2, i32 32, i32 47)" [pool_stream/pool.cpp:167]
ST_40 : Operation 239 [1/1] (2.42ns)   --->   "%tmp_18_2 = icmp sgt i16 %p_Result_2_2, %p_Result_3_2" [pool_stream/pool.cpp:168]   --->   Core 25 'Cmp' <Latency = 0> <II = 1> <Delay = 2.47> <FuncUnit> <Opcode : 'icmp'> <InPorts = 2> <OutPorts = 1>
ST_40 : Operation 240 [1/1] (0.80ns)   --->   "%tmp_19_2 = select i1 %tmp_18_2, i16 %p_Result_2_2, i16 %p_Result_3_2" [pool_stream/pool.cpp:168]   --->   Core 26 'Sel' <Latency = 0> <II = 1> <Delay = 1.48> <FuncUnit> <Opcode : 'select'> <InPorts = 3> <OutPorts = 1>
ST_40 : Operation 241 [1/1] (2.42ns)   --->   "%tmp_20_2 = icmp sgt i16 %p_Result_1_2, %tmp_19_2" [pool_stream/pool.cpp:168]   --->   Core 25 'Cmp' <Latency = 0> <II = 1> <Delay = 2.47> <FuncUnit> <Opcode : 'icmp'> <InPorts = 2> <OutPorts = 1>
ST_40 : Operation 242 [1/1] (0.80ns)   --->   "%tp_d1_V_1_2 = select i1 %tmp_20_2, i16 %p_Result_1_2, i16 %tmp_19_2" [pool_stream/pool.cpp:168]   --->   Core 26 'Sel' <Latency = 0> <II = 1> <Delay = 1.48> <FuncUnit> <Opcode : 'select'> <InPorts = 3> <OutPorts = 1>
ST_40 : Operation 243 [1/1] (2.42ns)   --->   "%tmp_21_2 = icmp sgt i16 %p_Result_8, %tp_d1_V_1_2" [pool_stream/pool.cpp:168]   --->   Core 25 'Cmp' <Latency = 0> <II = 1> <Delay = 2.47> <FuncUnit> <Opcode : 'icmp'> <InPorts = 2> <OutPorts = 1>
ST_40 : Operation 244 [1/1] (0.00ns) (grouped into LUT with out node sel_tmp10)   --->   "%p_in347_ld_2 = select i1 %tmp_21_2, i16 %p_Result_8, i16 %tp_d1_V_1_2" [pool_stream/pool.cpp:168]   --->   Core 26 'Sel' <Latency = 0> <II = 1> <Delay = 1.48> <FuncUnit> <Opcode : 'select'> <InPorts = 3> <OutPorts = 1>
ST_40 : Operation 245 [1/1] (0.00ns) (grouped into LUT with out node sel_tmp10)   --->   "%p_Result_7_2 = call i128 @llvm.part.set.i128.i16(i128 %p_0219_4_1, i16 %p_in347_ld_2, i32 32, i32 47)" [pool_stream/pool.cpp:168]
ST_40 : Operation 246 [1/1] (1.92ns) (out node of the LUT)   --->   "%sel_tmp10 = select i1 %sel_tmp, i128 %p_Result_7_2, i128 %p_0219_4_1" [pool_stream/pool.cpp:168]   --->   Core 26 'Sel' <Latency = 0> <II = 1> <Delay = 1.48> <FuncUnit> <Opcode : 'select'> <InPorts = 3> <OutPorts = 1>
ST_40 : Operation 247 [1/1] (1.92ns) (out node of the LUT)   --->   "%sel_tmp11 = select i1 %sel_tmp2, i128 %p_Result_6_2, i128 %sel_tmp10" [pool_stream/pool.cpp:167]   --->   Core 26 'Sel' <Latency = 0> <II = 1> <Delay = 1.48> <FuncUnit> <Opcode : 'select'> <InPorts = 3> <OutPorts = 1>
ST_40 : Operation 248 [1/1] (1.92ns) (out node of the LUT)   --->   "%sel_tmp12 = select i1 %sel_tmp4, i128 %p_Result_5_2, i128 %sel_tmp11" [pool_stream/pool.cpp:166]   --->   Core 26 'Sel' <Latency = 0> <II = 1> <Delay = 1.48> <FuncUnit> <Opcode : 'select'> <InPorts = 3> <OutPorts = 1>
ST_40 : Operation 249 [1/1] (1.92ns) (out node of the LUT)   --->   "%p_0219_4_2 = select i1 %sel_tmp6, i128 %p_Result_4_2, i128 %sel_tmp12" [pool_stream/pool.cpp:165]   --->   Core 26 'Sel' <Latency = 0> <II = 1> <Delay = 1.48> <FuncUnit> <Opcode : 'select'> <InPorts = 3> <OutPorts = 1>
ST_40 : Operation 250 [1/1] (0.00ns)   --->   "%p_Result_9 = call i16 @_ssdm_op_PartSelect.i16.i128.i32.i32(i128 %in_d0_V, i32 48, i32 63)" [pool_stream/pool.cpp:158]
ST_40 : Operation 251 [1/1] (0.00ns)   --->   "%p_Result_3_3 = call i16 @_ssdm_op_PartSelect.i16.i128.i32.i32(i128 %in_d3_V, i32 48, i32 63)" [pool_stream/pool.cpp:161]
ST_40 : Operation 252 [1/1] (0.00ns) (grouped into LUT with out node p_0219_4_3)   --->   "%p_Result_4_3 = call i128 @llvm.part.set.i128.i16(i128 %p_0219_4_2, i16 %p_Result_9, i32 48, i32 63)" [pool_stream/pool.cpp:165]
ST_40 : Operation 253 [1/1] (2.42ns)   --->   "%tmp_13_3 = icmp sgt i16 %p_Result_9, %p_Result_1_3" [pool_stream/pool.cpp:166]   --->   Core 25 'Cmp' <Latency = 0> <II = 1> <Delay = 2.47> <FuncUnit> <Opcode : 'icmp'> <InPorts = 2> <OutPorts = 1>
ST_40 : Operation 254 [1/1] (0.00ns) (grouped into LUT with out node sel_tmp15)   --->   "%tmp_14_3 = select i1 %tmp_13_3, i16 %p_Result_9, i16 %p_Result_1_3" [pool_stream/pool.cpp:166]   --->   Core 26 'Sel' <Latency = 0> <II = 1> <Delay = 1.48> <FuncUnit> <Opcode : 'select'> <InPorts = 3> <OutPorts = 1>
ST_40 : Operation 255 [1/1] (0.00ns) (grouped into LUT with out node sel_tmp15)   --->   "%p_Result_5_3 = call i128 @llvm.part.set.i128.i16(i128 %p_0219_4_2, i16 %tmp_14_3, i32 48, i32 63)" [pool_stream/pool.cpp:166]
ST_40 : Operation 256 [1/1] (2.42ns)   --->   "%tmp_15_3 = icmp sgt i16 %p_Result_1_3, %p_Result_2_3" [pool_stream/pool.cpp:167]   --->   Core 25 'Cmp' <Latency = 0> <II = 1> <Delay = 2.47> <FuncUnit> <Opcode : 'icmp'> <InPorts = 2> <OutPorts = 1>
ST_40 : Operation 257 [1/1] (0.80ns)   --->   "%tmp_16_3 = select i1 %tmp_15_3, i16 %p_Result_1_3, i16 %p_Result_2_3" [pool_stream/pool.cpp:167]   --->   Core 26 'Sel' <Latency = 0> <II = 1> <Delay = 1.48> <FuncUnit> <Opcode : 'select'> <InPorts = 3> <OutPorts = 1>
ST_40 : Operation 258 [1/1] (2.42ns)   --->   "%tmp_17_3 = icmp sgt i16 %p_Result_9, %tmp_16_3" [pool_stream/pool.cpp:167]   --->   Core 25 'Cmp' <Latency = 0> <II = 1> <Delay = 2.47> <FuncUnit> <Opcode : 'icmp'> <InPorts = 2> <OutPorts = 1>
ST_40 : Operation 259 [1/1] (0.00ns) (grouped into LUT with out node sel_tmp14)   --->   "%tp_d0_V_1_3 = select i1 %tmp_17_3, i16 %p_Result_9, i16 %tmp_16_3" [pool_stream/pool.cpp:167]   --->   Core 26 'Sel' <Latency = 0> <II = 1> <Delay = 1.48> <FuncUnit> <Opcode : 'select'> <InPorts = 3> <OutPorts = 1>
ST_40 : Operation 260 [1/1] (0.00ns) (grouped into LUT with out node sel_tmp14)   --->   "%p_Result_6_3 = call i128 @llvm.part.set.i128.i16(i128 %p_0219_4_2, i16 %tp_d0_V_1_3, i32 48, i32 63)" [pool_stream/pool.cpp:167]
ST_40 : Operation 261 [1/1] (2.42ns)   --->   "%tmp_18_3 = icmp sgt i16 %p_Result_2_3, %p_Result_3_3" [pool_stream/pool.cpp:168]   --->   Core 25 'Cmp' <Latency = 0> <II = 1> <Delay = 2.47> <FuncUnit> <Opcode : 'icmp'> <InPorts = 2> <OutPorts = 1>
ST_40 : Operation 262 [1/1] (0.80ns)   --->   "%tmp_19_3 = select i1 %tmp_18_3, i16 %p_Result_2_3, i16 %p_Result_3_3" [pool_stream/pool.cpp:168]   --->   Core 26 'Sel' <Latency = 0> <II = 1> <Delay = 1.48> <FuncUnit> <Opcode : 'select'> <InPorts = 3> <OutPorts = 1>
ST_40 : Operation 263 [1/1] (2.42ns)   --->   "%tmp_20_3 = icmp sgt i16 %p_Result_1_3, %tmp_19_3" [pool_stream/pool.cpp:168]   --->   Core 25 'Cmp' <Latency = 0> <II = 1> <Delay = 2.47> <FuncUnit> <Opcode : 'icmp'> <InPorts = 2> <OutPorts = 1>
ST_40 : Operation 264 [1/1] (0.80ns)   --->   "%tp_d1_V_1_3 = select i1 %tmp_20_3, i16 %p_Result_1_3, i16 %tmp_19_3" [pool_stream/pool.cpp:168]   --->   Core 26 'Sel' <Latency = 0> <II = 1> <Delay = 1.48> <FuncUnit> <Opcode : 'select'> <InPorts = 3> <OutPorts = 1>
ST_40 : Operation 265 [1/1] (2.42ns)   --->   "%tmp_21_3 = icmp sgt i16 %p_Result_9, %tp_d1_V_1_3" [pool_stream/pool.cpp:168]   --->   Core 25 'Cmp' <Latency = 0> <II = 1> <Delay = 2.47> <FuncUnit> <Opcode : 'icmp'> <InPorts = 2> <OutPorts = 1>
ST_40 : Operation 266 [1/1] (0.00ns) (grouped into LUT with out node sel_tmp13)   --->   "%p_in347_ld_3 = select i1 %tmp_21_3, i16 %p_Result_9, i16 %tp_d1_V_1_3" [pool_stream/pool.cpp:168]   --->   Core 26 'Sel' <Latency = 0> <II = 1> <Delay = 1.48> <FuncUnit> <Opcode : 'select'> <InPorts = 3> <OutPorts = 1>
ST_40 : Operation 267 [1/1] (0.00ns) (grouped into LUT with out node sel_tmp13)   --->   "%p_Result_7_3 = call i128 @llvm.part.set.i128.i16(i128 %p_0219_4_2, i16 %p_in347_ld_3, i32 48, i32 63)" [pool_stream/pool.cpp:168]
ST_40 : Operation 268 [1/1] (1.92ns) (out node of the LUT)   --->   "%sel_tmp13 = select i1 %sel_tmp, i128 %p_Result_7_3, i128 %p_0219_4_2" [pool_stream/pool.cpp:168]   --->   Core 26 'Sel' <Latency = 0> <II = 1> <Delay = 1.48> <FuncUnit> <Opcode : 'select'> <InPorts = 3> <OutPorts = 1>
ST_40 : Operation 269 [1/1] (1.92ns) (out node of the LUT)   --->   "%sel_tmp14 = select i1 %sel_tmp2, i128 %p_Result_6_3, i128 %sel_tmp13" [pool_stream/pool.cpp:167]   --->   Core 26 'Sel' <Latency = 0> <II = 1> <Delay = 1.48> <FuncUnit> <Opcode : 'select'> <InPorts = 3> <OutPorts = 1>
ST_40 : Operation 270 [1/1] (1.92ns) (out node of the LUT)   --->   "%sel_tmp15 = select i1 %sel_tmp4, i128 %p_Result_5_3, i128 %sel_tmp14" [pool_stream/pool.cpp:166]   --->   Core 26 'Sel' <Latency = 0> <II = 1> <Delay = 1.48> <FuncUnit> <Opcode : 'select'> <InPorts = 3> <OutPorts = 1>
ST_40 : Operation 271 [1/1] (1.92ns) (out node of the LUT)   --->   "%p_0219_4_3 = select i1 %sel_tmp6, i128 %p_Result_4_3, i128 %sel_tmp15" [pool_stream/pool.cpp:165]   --->   Core 26 'Sel' <Latency = 0> <II = 1> <Delay = 1.48> <FuncUnit> <Opcode : 'select'> <InPorts = 3> <OutPorts = 1>
ST_40 : Operation 272 [1/1] (0.00ns)   --->   "%p_Result_1 = call i16 @_ssdm_op_PartSelect.i16.i128.i32.i32(i128 %in_d0_V, i32 64, i32 79)" [pool_stream/pool.cpp:158]
ST_40 : Operation 273 [1/1] (0.00ns)   --->   "%p_Result_3_4 = call i16 @_ssdm_op_PartSelect.i16.i128.i32.i32(i128 %in_d3_V, i32 64, i32 79)" [pool_stream/pool.cpp:161]
ST_40 : Operation 274 [1/1] (0.00ns)   --->   "%p_Result_2 = call i16 @_ssdm_op_PartSelect.i16.i128.i32.i32(i128 %in_d0_V, i32 80, i32 95)" [pool_stream/pool.cpp:158]
ST_40 : Operation 275 [1/1] (0.00ns)   --->   "%p_Result_3_5 = call i16 @_ssdm_op_PartSelect.i16.i128.i32.i32(i128 %in_d3_V, i32 80, i32 95)" [pool_stream/pool.cpp:161]
ST_40 : Operation 276 [1/1] (0.00ns)   --->   "%p_Result_3 = call i16 @_ssdm_op_PartSelect.i16.i128.i32.i32(i128 %in_d0_V, i32 96, i32 111)" [pool_stream/pool.cpp:158]
ST_40 : Operation 277 [1/1] (0.00ns)   --->   "%p_Result_3_6 = call i16 @_ssdm_op_PartSelect.i16.i128.i32.i32(i128 %in_d3_V, i32 96, i32 111)" [pool_stream/pool.cpp:161]
ST_40 : Operation 278 [1/1] (0.00ns)   --->   "%p_Result_10 = call i16 @_ssdm_op_PartSelect.i16.i128.i32.i32(i128 %in_d0_V, i32 112, i32 127)" [pool_stream/pool.cpp:158]
ST_40 : Operation 279 [1/1] (0.00ns)   --->   "%p_Result_3_7 = call i16 @_ssdm_op_PartSelect.i16.i128.i32.i32(i128 %in_d3_V, i32 112, i32 127)" [pool_stream/pool.cpp:161]

 <State 41> : 43.30ns
ST_41 : Operation 280 [1/1] (0.00ns) (grouped into LUT with out node p_0219_4_4)   --->   "%p_Result_4_4 = call i128 @llvm.part.set.i128.i16(i128 %p_0219_4_3, i16 %p_Result_1, i32 64, i32 79)" [pool_stream/pool.cpp:165]
ST_41 : Operation 281 [1/1] (2.42ns)   --->   "%tmp_13_4 = icmp sgt i16 %p_Result_1, %p_Result_1_4" [pool_stream/pool.cpp:166]   --->   Core 25 'Cmp' <Latency = 0> <II = 1> <Delay = 2.47> <FuncUnit> <Opcode : 'icmp'> <InPorts = 2> <OutPorts = 1>
ST_41 : Operation 282 [1/1] (0.00ns) (grouped into LUT with out node sel_tmp18)   --->   "%tmp_14_4 = select i1 %tmp_13_4, i16 %p_Result_1, i16 %p_Result_1_4" [pool_stream/pool.cpp:166]   --->   Core 26 'Sel' <Latency = 0> <II = 1> <Delay = 1.48> <FuncUnit> <Opcode : 'select'> <InPorts = 3> <OutPorts = 1>
ST_41 : Operation 283 [1/1] (0.00ns) (grouped into LUT with out node sel_tmp18)   --->   "%p_Result_5_4 = call i128 @llvm.part.set.i128.i16(i128 %p_0219_4_3, i16 %tmp_14_4, i32 64, i32 79)" [pool_stream/pool.cpp:166]
ST_41 : Operation 284 [1/1] (2.42ns)   --->   "%tmp_15_4 = icmp sgt i16 %p_Result_1_4, %p_Result_2_4" [pool_stream/pool.cpp:167]   --->   Core 25 'Cmp' <Latency = 0> <II = 1> <Delay = 2.47> <FuncUnit> <Opcode : 'icmp'> <InPorts = 2> <OutPorts = 1>
ST_41 : Operation 285 [1/1] (0.80ns)   --->   "%tmp_16_4 = select i1 %tmp_15_4, i16 %p_Result_1_4, i16 %p_Result_2_4" [pool_stream/pool.cpp:167]   --->   Core 26 'Sel' <Latency = 0> <II = 1> <Delay = 1.48> <FuncUnit> <Opcode : 'select'> <InPorts = 3> <OutPorts = 1>
ST_41 : Operation 286 [1/1] (2.42ns)   --->   "%tmp_17_4 = icmp sgt i16 %p_Result_1, %tmp_16_4" [pool_stream/pool.cpp:167]   --->   Core 25 'Cmp' <Latency = 0> <II = 1> <Delay = 2.47> <FuncUnit> <Opcode : 'icmp'> <InPorts = 2> <OutPorts = 1>
ST_41 : Operation 287 [1/1] (0.00ns) (grouped into LUT with out node sel_tmp17)   --->   "%tp_d0_V_1_4 = select i1 %tmp_17_4, i16 %p_Result_1, i16 %tmp_16_4" [pool_stream/pool.cpp:167]   --->   Core 26 'Sel' <Latency = 0> <II = 1> <Delay = 1.48> <FuncUnit> <Opcode : 'select'> <InPorts = 3> <OutPorts = 1>
ST_41 : Operation 288 [1/1] (0.00ns) (grouped into LUT with out node sel_tmp17)   --->   "%p_Result_6_4 = call i128 @llvm.part.set.i128.i16(i128 %p_0219_4_3, i16 %tp_d0_V_1_4, i32 64, i32 79)" [pool_stream/pool.cpp:167]
ST_41 : Operation 289 [1/1] (2.42ns)   --->   "%tmp_18_4 = icmp sgt i16 %p_Result_2_4, %p_Result_3_4" [pool_stream/pool.cpp:168]   --->   Core 25 'Cmp' <Latency = 0> <II = 1> <Delay = 2.47> <FuncUnit> <Opcode : 'icmp'> <InPorts = 2> <OutPorts = 1>
ST_41 : Operation 290 [1/1] (0.80ns)   --->   "%tmp_19_4 = select i1 %tmp_18_4, i16 %p_Result_2_4, i16 %p_Result_3_4" [pool_stream/pool.cpp:168]   --->   Core 26 'Sel' <Latency = 0> <II = 1> <Delay = 1.48> <FuncUnit> <Opcode : 'select'> <InPorts = 3> <OutPorts = 1>
ST_41 : Operation 291 [1/1] (2.42ns)   --->   "%tmp_20_4 = icmp sgt i16 %p_Result_1_4, %tmp_19_4" [pool_stream/pool.cpp:168]   --->   Core 25 'Cmp' <Latency = 0> <II = 1> <Delay = 2.47> <FuncUnit> <Opcode : 'icmp'> <InPorts = 2> <OutPorts = 1>
ST_41 : Operation 292 [1/1] (0.80ns)   --->   "%tp_d1_V_1_4 = select i1 %tmp_20_4, i16 %p_Result_1_4, i16 %tmp_19_4" [pool_stream/pool.cpp:168]   --->   Core 26 'Sel' <Latency = 0> <II = 1> <Delay = 1.48> <FuncUnit> <Opcode : 'select'> <InPorts = 3> <OutPorts = 1>
ST_41 : Operation 293 [1/1] (2.42ns)   --->   "%tmp_21_4 = icmp sgt i16 %p_Result_1, %tp_d1_V_1_4" [pool_stream/pool.cpp:168]   --->   Core 25 'Cmp' <Latency = 0> <II = 1> <Delay = 2.47> <FuncUnit> <Opcode : 'icmp'> <InPorts = 2> <OutPorts = 1>
ST_41 : Operation 294 [1/1] (0.00ns) (grouped into LUT with out node sel_tmp16)   --->   "%p_in347_ld_4 = select i1 %tmp_21_4, i16 %p_Result_1, i16 %tp_d1_V_1_4" [pool_stream/pool.cpp:168]   --->   Core 26 'Sel' <Latency = 0> <II = 1> <Delay = 1.48> <FuncUnit> <Opcode : 'select'> <InPorts = 3> <OutPorts = 1>
ST_41 : Operation 295 [1/1] (0.00ns) (grouped into LUT with out node sel_tmp16)   --->   "%p_Result_7_4 = call i128 @llvm.part.set.i128.i16(i128 %p_0219_4_3, i16 %p_in347_ld_4, i32 64, i32 79)" [pool_stream/pool.cpp:168]
ST_41 : Operation 296 [1/1] (1.92ns) (out node of the LUT)   --->   "%sel_tmp16 = select i1 %sel_tmp, i128 %p_Result_7_4, i128 %p_0219_4_3" [pool_stream/pool.cpp:168]   --->   Core 26 'Sel' <Latency = 0> <II = 1> <Delay = 1.48> <FuncUnit> <Opcode : 'select'> <InPorts = 3> <OutPorts = 1>
ST_41 : Operation 297 [1/1] (1.92ns) (out node of the LUT)   --->   "%sel_tmp17 = select i1 %sel_tmp2, i128 %p_Result_6_4, i128 %sel_tmp16" [pool_stream/pool.cpp:167]   --->   Core 26 'Sel' <Latency = 0> <II = 1> <Delay = 1.48> <FuncUnit> <Opcode : 'select'> <InPorts = 3> <OutPorts = 1>
ST_41 : Operation 298 [1/1] (1.92ns) (out node of the LUT)   --->   "%sel_tmp18 = select i1 %sel_tmp4, i128 %p_Result_5_4, i128 %sel_tmp17" [pool_stream/pool.cpp:166]   --->   Core 26 'Sel' <Latency = 0> <II = 1> <Delay = 1.48> <FuncUnit> <Opcode : 'select'> <InPorts = 3> <OutPorts = 1>
ST_41 : Operation 299 [1/1] (1.92ns) (out node of the LUT)   --->   "%p_0219_4_4 = select i1 %sel_tmp6, i128 %p_Result_4_4, i128 %sel_tmp18" [pool_stream/pool.cpp:165]   --->   Core 26 'Sel' <Latency = 0> <II = 1> <Delay = 1.48> <FuncUnit> <Opcode : 'select'> <InPorts = 3> <OutPorts = 1>
ST_41 : Operation 300 [1/1] (0.00ns) (grouped into LUT with out node p_0219_4_5)   --->   "%p_Result_4_5 = call i128 @llvm.part.set.i128.i16(i128 %p_0219_4_4, i16 %p_Result_2, i32 80, i32 95)" [pool_stream/pool.cpp:165]
ST_41 : Operation 301 [1/1] (2.42ns)   --->   "%tmp_13_5 = icmp sgt i16 %p_Result_2, %p_Result_1_5" [pool_stream/pool.cpp:166]   --->   Core 25 'Cmp' <Latency = 0> <II = 1> <Delay = 2.47> <FuncUnit> <Opcode : 'icmp'> <InPorts = 2> <OutPorts = 1>
ST_41 : Operation 302 [1/1] (0.00ns) (grouped into LUT with out node sel_tmp21)   --->   "%tmp_14_5 = select i1 %tmp_13_5, i16 %p_Result_2, i16 %p_Result_1_5" [pool_stream/pool.cpp:166]   --->   Core 26 'Sel' <Latency = 0> <II = 1> <Delay = 1.48> <FuncUnit> <Opcode : 'select'> <InPorts = 3> <OutPorts = 1>
ST_41 : Operation 303 [1/1] (0.00ns) (grouped into LUT with out node sel_tmp21)   --->   "%p_Result_5_5 = call i128 @llvm.part.set.i128.i16(i128 %p_0219_4_4, i16 %tmp_14_5, i32 80, i32 95)" [pool_stream/pool.cpp:166]
ST_41 : Operation 304 [1/1] (2.42ns)   --->   "%tmp_15_5 = icmp sgt i16 %p_Result_1_5, %p_Result_2_5" [pool_stream/pool.cpp:167]   --->   Core 25 'Cmp' <Latency = 0> <II = 1> <Delay = 2.47> <FuncUnit> <Opcode : 'icmp'> <InPorts = 2> <OutPorts = 1>
ST_41 : Operation 305 [1/1] (0.80ns)   --->   "%tmp_16_5 = select i1 %tmp_15_5, i16 %p_Result_1_5, i16 %p_Result_2_5" [pool_stream/pool.cpp:167]   --->   Core 26 'Sel' <Latency = 0> <II = 1> <Delay = 1.48> <FuncUnit> <Opcode : 'select'> <InPorts = 3> <OutPorts = 1>
ST_41 : Operation 306 [1/1] (2.42ns)   --->   "%tmp_17_5 = icmp sgt i16 %p_Result_2, %tmp_16_5" [pool_stream/pool.cpp:167]   --->   Core 25 'Cmp' <Latency = 0> <II = 1> <Delay = 2.47> <FuncUnit> <Opcode : 'icmp'> <InPorts = 2> <OutPorts = 1>
ST_41 : Operation 307 [1/1] (0.00ns) (grouped into LUT with out node sel_tmp20)   --->   "%tp_d0_V_1_5 = select i1 %tmp_17_5, i16 %p_Result_2, i16 %tmp_16_5" [pool_stream/pool.cpp:167]   --->   Core 26 'Sel' <Latency = 0> <II = 1> <Delay = 1.48> <FuncUnit> <Opcode : 'select'> <InPorts = 3> <OutPorts = 1>
ST_41 : Operation 308 [1/1] (0.00ns) (grouped into LUT with out node sel_tmp20)   --->   "%p_Result_6_5 = call i128 @llvm.part.set.i128.i16(i128 %p_0219_4_4, i16 %tp_d0_V_1_5, i32 80, i32 95)" [pool_stream/pool.cpp:167]
ST_41 : Operation 309 [1/1] (2.42ns)   --->   "%tmp_18_5 = icmp sgt i16 %p_Result_2_5, %p_Result_3_5" [pool_stream/pool.cpp:168]   --->   Core 25 'Cmp' <Latency = 0> <II = 1> <Delay = 2.47> <FuncUnit> <Opcode : 'icmp'> <InPorts = 2> <OutPorts = 1>
ST_41 : Operation 310 [1/1] (0.80ns)   --->   "%tmp_19_5 = select i1 %tmp_18_5, i16 %p_Result_2_5, i16 %p_Result_3_5" [pool_stream/pool.cpp:168]   --->   Core 26 'Sel' <Latency = 0> <II = 1> <Delay = 1.48> <FuncUnit> <Opcode : 'select'> <InPorts = 3> <OutPorts = 1>
ST_41 : Operation 311 [1/1] (2.42ns)   --->   "%tmp_20_5 = icmp sgt i16 %p_Result_1_5, %tmp_19_5" [pool_stream/pool.cpp:168]   --->   Core 25 'Cmp' <Latency = 0> <II = 1> <Delay = 2.47> <FuncUnit> <Opcode : 'icmp'> <InPorts = 2> <OutPorts = 1>
ST_41 : Operation 312 [1/1] (0.80ns)   --->   "%tp_d1_V_1_5 = select i1 %tmp_20_5, i16 %p_Result_1_5, i16 %tmp_19_5" [pool_stream/pool.cpp:168]   --->   Core 26 'Sel' <Latency = 0> <II = 1> <Delay = 1.48> <FuncUnit> <Opcode : 'select'> <InPorts = 3> <OutPorts = 1>
ST_41 : Operation 313 [1/1] (2.42ns)   --->   "%tmp_21_5 = icmp sgt i16 %p_Result_2, %tp_d1_V_1_5" [pool_stream/pool.cpp:168]   --->   Core 25 'Cmp' <Latency = 0> <II = 1> <Delay = 2.47> <FuncUnit> <Opcode : 'icmp'> <InPorts = 2> <OutPorts = 1>
ST_41 : Operation 314 [1/1] (0.00ns) (grouped into LUT with out node sel_tmp19)   --->   "%p_in347_ld_5 = select i1 %tmp_21_5, i16 %p_Result_2, i16 %tp_d1_V_1_5" [pool_stream/pool.cpp:168]   --->   Core 26 'Sel' <Latency = 0> <II = 1> <Delay = 1.48> <FuncUnit> <Opcode : 'select'> <InPorts = 3> <OutPorts = 1>
ST_41 : Operation 315 [1/1] (0.00ns) (grouped into LUT with out node sel_tmp19)   --->   "%p_Result_7_5 = call i128 @llvm.part.set.i128.i16(i128 %p_0219_4_4, i16 %p_in347_ld_5, i32 80, i32 95)" [pool_stream/pool.cpp:168]
ST_41 : Operation 316 [1/1] (1.92ns) (out node of the LUT)   --->   "%sel_tmp19 = select i1 %sel_tmp, i128 %p_Result_7_5, i128 %p_0219_4_4" [pool_stream/pool.cpp:168]   --->   Core 26 'Sel' <Latency = 0> <II = 1> <Delay = 1.48> <FuncUnit> <Opcode : 'select'> <InPorts = 3> <OutPorts = 1>
ST_41 : Operation 317 [1/1] (1.92ns) (out node of the LUT)   --->   "%sel_tmp20 = select i1 %sel_tmp2, i128 %p_Result_6_5, i128 %sel_tmp19" [pool_stream/pool.cpp:167]   --->   Core 26 'Sel' <Latency = 0> <II = 1> <Delay = 1.48> <FuncUnit> <Opcode : 'select'> <InPorts = 3> <OutPorts = 1>
ST_41 : Operation 318 [1/1] (1.92ns) (out node of the LUT)   --->   "%sel_tmp21 = select i1 %sel_tmp4, i128 %p_Result_5_5, i128 %sel_tmp20" [pool_stream/pool.cpp:166]   --->   Core 26 'Sel' <Latency = 0> <II = 1> <Delay = 1.48> <FuncUnit> <Opcode : 'select'> <InPorts = 3> <OutPorts = 1>
ST_41 : Operation 319 [1/1] (1.92ns) (out node of the LUT)   --->   "%p_0219_4_5 = select i1 %sel_tmp6, i128 %p_Result_4_5, i128 %sel_tmp21" [pool_stream/pool.cpp:165]   --->   Core 26 'Sel' <Latency = 0> <II = 1> <Delay = 1.48> <FuncUnit> <Opcode : 'select'> <InPorts = 3> <OutPorts = 1>
ST_41 : Operation 320 [1/1] (0.00ns) (grouped into LUT with out node p_0219_4_6)   --->   "%p_Result_4_6 = call i128 @llvm.part.set.i128.i16(i128 %p_0219_4_5, i16 %p_Result_3, i32 96, i32 111)" [pool_stream/pool.cpp:165]
ST_41 : Operation 321 [1/1] (2.42ns)   --->   "%tmp_13_6 = icmp sgt i16 %p_Result_3, %p_Result_1_6" [pool_stream/pool.cpp:166]   --->   Core 25 'Cmp' <Latency = 0> <II = 1> <Delay = 2.47> <FuncUnit> <Opcode : 'icmp'> <InPorts = 2> <OutPorts = 1>
ST_41 : Operation 322 [1/1] (0.00ns) (grouped into LUT with out node sel_tmp24)   --->   "%tmp_14_6 = select i1 %tmp_13_6, i16 %p_Result_3, i16 %p_Result_1_6" [pool_stream/pool.cpp:166]   --->   Core 26 'Sel' <Latency = 0> <II = 1> <Delay = 1.48> <FuncUnit> <Opcode : 'select'> <InPorts = 3> <OutPorts = 1>
ST_41 : Operation 323 [1/1] (0.00ns) (grouped into LUT with out node sel_tmp24)   --->   "%p_Result_5_6 = call i128 @llvm.part.set.i128.i16(i128 %p_0219_4_5, i16 %tmp_14_6, i32 96, i32 111)" [pool_stream/pool.cpp:166]
ST_41 : Operation 324 [1/1] (2.42ns)   --->   "%tmp_15_6 = icmp sgt i16 %p_Result_1_6, %p_Result_2_6" [pool_stream/pool.cpp:167]   --->   Core 25 'Cmp' <Latency = 0> <II = 1> <Delay = 2.47> <FuncUnit> <Opcode : 'icmp'> <InPorts = 2> <OutPorts = 1>
ST_41 : Operation 325 [1/1] (0.80ns)   --->   "%tmp_16_6 = select i1 %tmp_15_6, i16 %p_Result_1_6, i16 %p_Result_2_6" [pool_stream/pool.cpp:167]   --->   Core 26 'Sel' <Latency = 0> <II = 1> <Delay = 1.48> <FuncUnit> <Opcode : 'select'> <InPorts = 3> <OutPorts = 1>
ST_41 : Operation 326 [1/1] (2.42ns)   --->   "%tmp_17_6 = icmp sgt i16 %p_Result_3, %tmp_16_6" [pool_stream/pool.cpp:167]   --->   Core 25 'Cmp' <Latency = 0> <II = 1> <Delay = 2.47> <FuncUnit> <Opcode : 'icmp'> <InPorts = 2> <OutPorts = 1>
ST_41 : Operation 327 [1/1] (0.00ns) (grouped into LUT with out node sel_tmp23)   --->   "%tp_d0_V_1_6 = select i1 %tmp_17_6, i16 %p_Result_3, i16 %tmp_16_6" [pool_stream/pool.cpp:167]   --->   Core 26 'Sel' <Latency = 0> <II = 1> <Delay = 1.48> <FuncUnit> <Opcode : 'select'> <InPorts = 3> <OutPorts = 1>
ST_41 : Operation 328 [1/1] (0.00ns) (grouped into LUT with out node sel_tmp23)   --->   "%p_Result_6_6 = call i128 @llvm.part.set.i128.i16(i128 %p_0219_4_5, i16 %tp_d0_V_1_6, i32 96, i32 111)" [pool_stream/pool.cpp:167]
ST_41 : Operation 329 [1/1] (2.42ns)   --->   "%tmp_18_6 = icmp sgt i16 %p_Result_2_6, %p_Result_3_6" [pool_stream/pool.cpp:168]   --->   Core 25 'Cmp' <Latency = 0> <II = 1> <Delay = 2.47> <FuncUnit> <Opcode : 'icmp'> <InPorts = 2> <OutPorts = 1>
ST_41 : Operation 330 [1/1] (0.80ns)   --->   "%tmp_19_6 = select i1 %tmp_18_6, i16 %p_Result_2_6, i16 %p_Result_3_6" [pool_stream/pool.cpp:168]   --->   Core 26 'Sel' <Latency = 0> <II = 1> <Delay = 1.48> <FuncUnit> <Opcode : 'select'> <InPorts = 3> <OutPorts = 1>
ST_41 : Operation 331 [1/1] (2.42ns)   --->   "%tmp_20_6 = icmp sgt i16 %p_Result_1_6, %tmp_19_6" [pool_stream/pool.cpp:168]   --->   Core 25 'Cmp' <Latency = 0> <II = 1> <Delay = 2.47> <FuncUnit> <Opcode : 'icmp'> <InPorts = 2> <OutPorts = 1>
ST_41 : Operation 332 [1/1] (0.80ns)   --->   "%tp_d1_V_1_6 = select i1 %tmp_20_6, i16 %p_Result_1_6, i16 %tmp_19_6" [pool_stream/pool.cpp:168]   --->   Core 26 'Sel' <Latency = 0> <II = 1> <Delay = 1.48> <FuncUnit> <Opcode : 'select'> <InPorts = 3> <OutPorts = 1>
ST_41 : Operation 333 [1/1] (2.42ns)   --->   "%tmp_21_6 = icmp sgt i16 %p_Result_3, %tp_d1_V_1_6" [pool_stream/pool.cpp:168]   --->   Core 25 'Cmp' <Latency = 0> <II = 1> <Delay = 2.47> <FuncUnit> <Opcode : 'icmp'> <InPorts = 2> <OutPorts = 1>
ST_41 : Operation 334 [1/1] (0.00ns) (grouped into LUT with out node sel_tmp22)   --->   "%p_in347_ld_6 = select i1 %tmp_21_6, i16 %p_Result_3, i16 %tp_d1_V_1_6" [pool_stream/pool.cpp:168]   --->   Core 26 'Sel' <Latency = 0> <II = 1> <Delay = 1.48> <FuncUnit> <Opcode : 'select'> <InPorts = 3> <OutPorts = 1>
ST_41 : Operation 335 [1/1] (0.00ns) (grouped into LUT with out node sel_tmp22)   --->   "%p_Result_7_6 = call i128 @llvm.part.set.i128.i16(i128 %p_0219_4_5, i16 %p_in347_ld_6, i32 96, i32 111)" [pool_stream/pool.cpp:168]
ST_41 : Operation 336 [1/1] (1.92ns) (out node of the LUT)   --->   "%sel_tmp22 = select i1 %sel_tmp, i128 %p_Result_7_6, i128 %p_0219_4_5" [pool_stream/pool.cpp:168]   --->   Core 26 'Sel' <Latency = 0> <II = 1> <Delay = 1.48> <FuncUnit> <Opcode : 'select'> <InPorts = 3> <OutPorts = 1>
ST_41 : Operation 337 [1/1] (1.92ns) (out node of the LUT)   --->   "%sel_tmp23 = select i1 %sel_tmp2, i128 %p_Result_6_6, i128 %sel_tmp22" [pool_stream/pool.cpp:167]   --->   Core 26 'Sel' <Latency = 0> <II = 1> <Delay = 1.48> <FuncUnit> <Opcode : 'select'> <InPorts = 3> <OutPorts = 1>
ST_41 : Operation 338 [1/1] (1.92ns) (out node of the LUT)   --->   "%sel_tmp24 = select i1 %sel_tmp4, i128 %p_Result_5_6, i128 %sel_tmp23" [pool_stream/pool.cpp:166]   --->   Core 26 'Sel' <Latency = 0> <II = 1> <Delay = 1.48> <FuncUnit> <Opcode : 'select'> <InPorts = 3> <OutPorts = 1>
ST_41 : Operation 339 [1/1] (1.92ns) (out node of the LUT)   --->   "%p_0219_4_6 = select i1 %sel_tmp6, i128 %p_Result_4_6, i128 %sel_tmp24" [pool_stream/pool.cpp:165]   --->   Core 26 'Sel' <Latency = 0> <II = 1> <Delay = 1.48> <FuncUnit> <Opcode : 'select'> <InPorts = 3> <OutPorts = 1>
ST_41 : Operation 340 [1/1] (0.00ns) (grouped into LUT with out node tmp_V_2)   --->   "%p_Result_4_7 = call i128 @llvm.part.set.i128.i16(i128 %p_0219_4_6, i16 %p_Result_10, i32 112, i32 127)" [pool_stream/pool.cpp:165]
ST_41 : Operation 341 [1/1] (2.42ns)   --->   "%tmp_13_7 = icmp sgt i16 %p_Result_10, %p_Result_1_7" [pool_stream/pool.cpp:166]   --->   Core 25 'Cmp' <Latency = 0> <II = 1> <Delay = 2.47> <FuncUnit> <Opcode : 'icmp'> <InPorts = 2> <OutPorts = 1>
ST_41 : Operation 342 [1/1] (0.00ns) (grouped into LUT with out node sel_tmp27)   --->   "%tmp_14_7 = select i1 %tmp_13_7, i16 %p_Result_10, i16 %p_Result_1_7" [pool_stream/pool.cpp:166]   --->   Core 26 'Sel' <Latency = 0> <II = 1> <Delay = 1.48> <FuncUnit> <Opcode : 'select'> <InPorts = 3> <OutPorts = 1>
ST_41 : Operation 343 [1/1] (0.00ns) (grouped into LUT with out node sel_tmp27)   --->   "%p_Result_5_7 = call i128 @llvm.part.set.i128.i16(i128 %p_0219_4_6, i16 %tmp_14_7, i32 112, i32 127)" [pool_stream/pool.cpp:166]
ST_41 : Operation 344 [1/1] (2.42ns)   --->   "%tmp_15_7 = icmp sgt i16 %p_Result_1_7, %p_Result_2_7" [pool_stream/pool.cpp:167]   --->   Core 25 'Cmp' <Latency = 0> <II = 1> <Delay = 2.47> <FuncUnit> <Opcode : 'icmp'> <InPorts = 2> <OutPorts = 1>
ST_41 : Operation 345 [1/1] (0.80ns)   --->   "%tmp_16_7 = select i1 %tmp_15_7, i16 %p_Result_1_7, i16 %p_Result_2_7" [pool_stream/pool.cpp:167]   --->   Core 26 'Sel' <Latency = 0> <II = 1> <Delay = 1.48> <FuncUnit> <Opcode : 'select'> <InPorts = 3> <OutPorts = 1>
ST_41 : Operation 346 [1/1] (2.42ns)   --->   "%tmp_17_7 = icmp sgt i16 %p_Result_10, %tmp_16_7" [pool_stream/pool.cpp:167]   --->   Core 25 'Cmp' <Latency = 0> <II = 1> <Delay = 2.47> <FuncUnit> <Opcode : 'icmp'> <InPorts = 2> <OutPorts = 1>
ST_41 : Operation 347 [1/1] (0.00ns) (grouped into LUT with out node sel_tmp26)   --->   "%tp_d0_V_1_7 = select i1 %tmp_17_7, i16 %p_Result_10, i16 %tmp_16_7" [pool_stream/pool.cpp:167]   --->   Core 26 'Sel' <Latency = 0> <II = 1> <Delay = 1.48> <FuncUnit> <Opcode : 'select'> <InPorts = 3> <OutPorts = 1>
ST_41 : Operation 348 [1/1] (0.00ns) (grouped into LUT with out node sel_tmp26)   --->   "%p_Result_6_7 = call i128 @llvm.part.set.i128.i16(i128 %p_0219_4_6, i16 %tp_d0_V_1_7, i32 112, i32 127)" [pool_stream/pool.cpp:167]
ST_41 : Operation 349 [1/1] (2.42ns)   --->   "%tmp_18_7 = icmp sgt i16 %p_Result_2_7, %p_Result_3_7" [pool_stream/pool.cpp:168]   --->   Core 25 'Cmp' <Latency = 0> <II = 1> <Delay = 2.47> <FuncUnit> <Opcode : 'icmp'> <InPorts = 2> <OutPorts = 1>
ST_41 : Operation 350 [1/1] (0.80ns)   --->   "%tmp_19_7 = select i1 %tmp_18_7, i16 %p_Result_2_7, i16 %p_Result_3_7" [pool_stream/pool.cpp:168]   --->   Core 26 'Sel' <Latency = 0> <II = 1> <Delay = 1.48> <FuncUnit> <Opcode : 'select'> <InPorts = 3> <OutPorts = 1>
ST_41 : Operation 351 [1/1] (2.42ns)   --->   "%tmp_20_7 = icmp sgt i16 %p_Result_1_7, %tmp_19_7" [pool_stream/pool.cpp:168]   --->   Core 25 'Cmp' <Latency = 0> <II = 1> <Delay = 2.47> <FuncUnit> <Opcode : 'icmp'> <InPorts = 2> <OutPorts = 1>
ST_41 : Operation 352 [1/1] (0.80ns)   --->   "%tp_d1_V_1_7 = select i1 %tmp_20_7, i16 %p_Result_1_7, i16 %tmp_19_7" [pool_stream/pool.cpp:168]   --->   Core 26 'Sel' <Latency = 0> <II = 1> <Delay = 1.48> <FuncUnit> <Opcode : 'select'> <InPorts = 3> <OutPorts = 1>
ST_41 : Operation 353 [1/1] (2.42ns)   --->   "%tmp_21_7 = icmp sgt i16 %p_Result_10, %tp_d1_V_1_7" [pool_stream/pool.cpp:168]   --->   Core 25 'Cmp' <Latency = 0> <II = 1> <Delay = 2.47> <FuncUnit> <Opcode : 'icmp'> <InPorts = 2> <OutPorts = 1>
ST_41 : Operation 354 [1/1] (0.00ns) (grouped into LUT with out node sel_tmp25)   --->   "%p_in347_ld_7 = select i1 %tmp_21_7, i16 %p_Result_10, i16 %tp_d1_V_1_7" [pool_stream/pool.cpp:168]   --->   Core 26 'Sel' <Latency = 0> <II = 1> <Delay = 1.48> <FuncUnit> <Opcode : 'select'> <InPorts = 3> <OutPorts = 1>
ST_41 : Operation 355 [1/1] (0.00ns) (grouped into LUT with out node sel_tmp25)   --->   "%p_Result_7_7 = call i128 @llvm.part.set.i128.i16(i128 %p_0219_4_6, i16 %p_in347_ld_7, i32 112, i32 127)" [pool_stream/pool.cpp:168]
ST_41 : Operation 356 [1/1] (1.92ns) (out node of the LUT)   --->   "%sel_tmp25 = select i1 %sel_tmp, i128 %p_Result_7_7, i128 %p_0219_4_6" [pool_stream/pool.cpp:171]   --->   Core 26 'Sel' <Latency = 0> <II = 1> <Delay = 1.48> <FuncUnit> <Opcode : 'select'> <InPorts = 3> <OutPorts = 1>
ST_41 : Operation 357 [1/1] (1.92ns) (out node of the LUT)   --->   "%sel_tmp26 = select i1 %sel_tmp2, i128 %p_Result_6_7, i128 %sel_tmp25" [pool_stream/pool.cpp:171]   --->   Core 26 'Sel' <Latency = 0> <II = 1> <Delay = 1.48> <FuncUnit> <Opcode : 'select'> <InPorts = 3> <OutPorts = 1>
ST_41 : Operation 358 [1/1] (1.92ns) (out node of the LUT)   --->   "%sel_tmp27 = select i1 %sel_tmp4, i128 %p_Result_5_7, i128 %sel_tmp26" [pool_stream/pool.cpp:171]   --->   Core 26 'Sel' <Latency = 0> <II = 1> <Delay = 1.48> <FuncUnit> <Opcode : 'select'> <InPorts = 3> <OutPorts = 1>
ST_41 : Operation 359 [1/1] (1.92ns) (out node of the LUT)   --->   "%tmp_V_2 = select i1 %sel_tmp6, i128 %p_Result_4_7, i128 %sel_tmp27" [pool_stream/pool.cpp:171]   --->   Core 26 'Sel' <Latency = 0> <II = 1> <Delay = 1.48> <FuncUnit> <Opcode : 'select'> <InPorts = 3> <OutPorts = 1>
ST_41 : Operation 360 [1/1] (3.63ns)   --->   "call void @_ssdm_op_Write.ap_fifo.volatile.i128P(i128* %out_V_V, i128 %tmp_V_2)" [pool_stream/pool.cpp:171]   --->   Core 32 'FIFO' <Latency = 0> <II = 1> <Delay = 3.63> <Storage> <Opcode : 'read' 'write' 'nbread' 'nbwrite'> <Ports = 0> <Width = 128> <Depth = 2> <FIFO>
ST_41 : Operation 361 [1/1] (0.00ns)   --->   "store i128 %tmp_V_2, i128* %tmp_V" [pool_stream/pool.cpp:171]
ST_41 : Operation 362 [1/1] (0.00ns)   --->   "br label %._crit_edge" [pool_stream/pool.cpp:172]

 <State 42> : 0.00ns
ST_42 : Operation 363 [1/1] (0.00ns)   --->   "ret void" [pool_stream/pool.cpp:181]


============================================================
+ Verbose Summary: Timing violations
============================================================
Target clock period: 50ns, clock uncertainty: 6.25ns.

 <State 1>: 20.8ns
The critical path consists of the following:
	wire read on port 'width_out' [11]  (0 ns)
	'mul' operation ('bound') [26]  (8.51 ns)
	'mul' operation ('bound4') [29]  (12.3 ns)

 <State 2>: 11.1ns
The critical path consists of the following:
	'phi' operation ('indvar_flatten') with incoming values : ('indvar_flatten_next') [34]  (0 ns)
	'icmp' operation ('exitcond_flatten') [44]  (2.78 ns)
	'select' operation ('i_mid', pool_stream/pool.cpp:123) [45]  (0.733 ns)
	'add' operation ('i_1_mid1', pool_stream/pool.cpp:130) [50]  (2.52 ns)
	'select' operation ('i_1_cast_mid2', pool_stream/pool.cpp:130) [51]  (0.733 ns)
	'srem' operation ('tmp_8', pool_stream/pool.cpp:130) [60]  (4.37 ns)

 <State 3>: 4.37ns
The critical path consists of the following:
	'srem' operation ('tmp_8', pool_stream/pool.cpp:130) [60]  (4.37 ns)

 <State 4>: 4.37ns
The critical path consists of the following:
	'srem' operation ('tmp_8', pool_stream/pool.cpp:130) [60]  (4.37 ns)

 <State 5>: 4.37ns
The critical path consists of the following:
	'srem' operation ('tmp_8', pool_stream/pool.cpp:130) [60]  (4.37 ns)

 <State 6>: 4.37ns
The critical path consists of the following:
	'srem' operation ('tmp_8', pool_stream/pool.cpp:130) [60]  (4.37 ns)

 <State 7>: 4.37ns
The critical path consists of the following:
	'srem' operation ('tmp_8', pool_stream/pool.cpp:130) [60]  (4.37 ns)

 <State 8>: 4.37ns
The critical path consists of the following:
	'srem' operation ('tmp_8', pool_stream/pool.cpp:130) [60]  (4.37 ns)

 <State 9>: 4.37ns
The critical path consists of the following:
	'srem' operation ('tmp_8', pool_stream/pool.cpp:130) [60]  (4.37 ns)

 <State 10>: 4.37ns
The critical path consists of the following:
	'srem' operation ('tmp_8', pool_stream/pool.cpp:130) [60]  (4.37 ns)

 <State 11>: 4.37ns
The critical path consists of the following:
	'srem' operation ('tmp_8', pool_stream/pool.cpp:130) [60]  (4.37 ns)

 <State 12>: 4.37ns
The critical path consists of the following:
	'srem' operation ('tmp_8', pool_stream/pool.cpp:130) [60]  (4.37 ns)

 <State 13>: 4.37ns
The critical path consists of the following:
	'srem' operation ('tmp_8', pool_stream/pool.cpp:130) [60]  (4.37 ns)

 <State 14>: 4.37ns
The critical path consists of the following:
	'srem' operation ('tmp_8', pool_stream/pool.cpp:130) [60]  (4.37 ns)

 <State 15>: 4.37ns
The critical path consists of the following:
	'srem' operation ('tmp_8', pool_stream/pool.cpp:130) [60]  (4.37 ns)

 <State 16>: 4.37ns
The critical path consists of the following:
	'srem' operation ('tmp_8', pool_stream/pool.cpp:130) [60]  (4.37 ns)

 <State 17>: 4.37ns
The critical path consists of the following:
	'srem' operation ('tmp_8', pool_stream/pool.cpp:130) [60]  (4.37 ns)

 <State 18>: 4.37ns
The critical path consists of the following:
	'srem' operation ('tmp_8', pool_stream/pool.cpp:130) [60]  (4.37 ns)

 <State 19>: 4.37ns
The critical path consists of the following:
	'srem' operation ('tmp_8', pool_stream/pool.cpp:130) [60]  (4.37 ns)

 <State 20>: 4.37ns
The critical path consists of the following:
	'srem' operation ('tmp_8', pool_stream/pool.cpp:130) [60]  (4.37 ns)

 <State 21>: 4.37ns
The critical path consists of the following:
	'srem' operation ('tmp_8', pool_stream/pool.cpp:130) [60]  (4.37 ns)

 <State 22>: 4.37ns
The critical path consists of the following:
	'srem' operation ('tmp_8', pool_stream/pool.cpp:130) [60]  (4.37 ns)

 <State 23>: 4.37ns
The critical path consists of the following:
	'srem' operation ('tmp_8', pool_stream/pool.cpp:130) [60]  (4.37 ns)

 <State 24>: 4.37ns
The critical path consists of the following:
	'srem' operation ('tmp_8', pool_stream/pool.cpp:130) [60]  (4.37 ns)

 <State 25>: 4.37ns
The critical path consists of the following:
	'srem' operation ('tmp_8', pool_stream/pool.cpp:130) [60]  (4.37 ns)

 <State 26>: 4.37ns
The critical path consists of the following:
	'srem' operation ('tmp_8', pool_stream/pool.cpp:130) [60]  (4.37 ns)

 <State 27>: 4.37ns
The critical path consists of the following:
	'srem' operation ('tmp_8', pool_stream/pool.cpp:130) [60]  (4.37 ns)

 <State 28>: 4.37ns
The critical path consists of the following:
	'srem' operation ('tmp_8', pool_stream/pool.cpp:130) [60]  (4.37 ns)

 <State 29>: 4.37ns
The critical path consists of the following:
	'srem' operation ('tmp_8', pool_stream/pool.cpp:130) [60]  (4.37 ns)

 <State 30>: 4.37ns
The critical path consists of the following:
	'srem' operation ('tmp_8', pool_stream/pool.cpp:130) [60]  (4.37 ns)

 <State 31>: 4.37ns
The critical path consists of the following:
	'srem' operation ('tmp_8', pool_stream/pool.cpp:130) [60]  (4.37 ns)

 <State 32>: 4.37ns
The critical path consists of the following:
	'srem' operation ('tmp_8', pool_stream/pool.cpp:130) [60]  (4.37 ns)

 <State 33>: 4.37ns
The critical path consists of the following:
	'srem' operation ('tmp_8', pool_stream/pool.cpp:130) [60]  (4.37 ns)

 <State 34>: 4.37ns
The critical path consists of the following:
	'srem' operation ('tmp_8', pool_stream/pool.cpp:130) [60]  (4.37 ns)

 <State 35>: 4.37ns
The critical path consists of the following:
	'srem' operation ('tmp_8', pool_stream/pool.cpp:130) [60]  (4.37 ns)

 <State 36>: 4.37ns
The critical path consists of the following:
	'srem' operation ('tmp_8', pool_stream/pool.cpp:130) [60]  (4.37 ns)

 <State 37>: 6.89ns
The critical path consists of the following:
	fifo read on port 'in_V_V' (pool_stream/pool.cpp:128) [57]  (3.63 ns)
	'store' operation (pool_stream/pool.cpp:128) of variable 'tmp.V', pool_stream/pool.cpp:128 on array 'buf.V', pool_stream/pool.cpp:112 [59]  (3.25 ns)

 <State 38>: 9.75ns
The critical path consists of the following:
	'add' operation ('ptr_tp', pool_stream/pool.cpp:138) [66]  (2.55 ns)
	'select' operation ('ptr_tp', pool_stream/pool.cpp:137) [68]  (0.698 ns)
	'sub' operation ('ptr_tp', pool_stream/pool.cpp:146) [74]  (2.55 ns)
	'select' operation ('ptr_tp', pool_stream/pool.cpp:143) [75]  (0.698 ns)
	'getelementptr' operation ('buf_V_addr_2', pool_stream/pool.cpp:147) [77]  (0 ns)
	'load' operation ('in_d2.V', pool_stream/pool.cpp:147) on array 'buf.V', pool_stream/pool.cpp:112 [78]  (3.25 ns)

 <State 39>: 3.25ns
The critical path consists of the following:
	'load' operation ('in_d1.V', pool_stream/pool.cpp:141) on array 'buf.V', pool_stream/pool.cpp:112 [71]  (3.25 ns)

 <State 40>: 42.9ns
The critical path consists of the following:
	'load' operation ('in_d3.V', pool_stream/pool.cpp:153) on array 'buf.V', pool_stream/pool.cpp:112 [85]  (3.25 ns)
	'icmp' operation ('tmp_17', pool_stream/pool.cpp:168) [99]  (2.43 ns)
	'select' operation ('tmp_18', pool_stream/pool.cpp:168) [100]  (0.805 ns)
	'icmp' operation ('tmp_19', pool_stream/pool.cpp:168) [101]  (2.43 ns)
	'select' operation ('tp_d1_V_1', pool_stream/pool.cpp:168) [102]  (0.805 ns)
	'icmp' operation ('tmp_20', pool_stream/pool.cpp:168) [103]  (2.43 ns)
	'select' operation ('p_in347_ld', pool_stream/pool.cpp:168) [104]  (0 ns)
	'select' operation ('sel_tmp1', pool_stream/pool.cpp:168) [106]  (1.92 ns)
	'select' operation ('sel_tmp3', pool_stream/pool.cpp:167) [107]  (1.92 ns)
	'select' operation ('sel_tmp5', pool_stream/pool.cpp:166) [108]  (1.92 ns)
	'select' operation ('p_0219_4', pool_stream/pool.cpp:165) [109]  (1.92 ns)
	'select' operation ('sel_tmp9', pool_stream/pool.cpp:168) [130]  (1.92 ns)
	'select' operation ('sel_tmp7', pool_stream/pool.cpp:167) [131]  (1.92 ns)
	'select' operation ('sel_tmp8', pool_stream/pool.cpp:166) [132]  (1.92 ns)
	'select' operation ('p_0219_4_1', pool_stream/pool.cpp:165) [133]  (1.92 ns)
	'select' operation ('sel_tmp10', pool_stream/pool.cpp:168) [154]  (1.92 ns)
	'select' operation ('sel_tmp11', pool_stream/pool.cpp:167) [155]  (1.92 ns)
	'select' operation ('sel_tmp12', pool_stream/pool.cpp:166) [156]  (1.92 ns)
	'select' operation ('p_0219_4_2', pool_stream/pool.cpp:165) [157]  (1.92 ns)
	'select' operation ('sel_tmp13', pool_stream/pool.cpp:168) [178]  (1.92 ns)
	'select' operation ('sel_tmp14', pool_stream/pool.cpp:167) [179]  (1.92 ns)
	'select' operation ('sel_tmp15', pool_stream/pool.cpp:166) [180]  (1.92 ns)
	'select' operation ('p_0219_4_3', pool_stream/pool.cpp:165) [181]  (1.92 ns)

 <State 41>: 43.3ns
The critical path consists of the following:
	'icmp' operation ('tmp_18_4', pool_stream/pool.cpp:168) [195]  (2.43 ns)
	'select' operation ('tmp_19_4', pool_stream/pool.cpp:168) [196]  (0.805 ns)
	'icmp' operation ('tmp_20_4', pool_stream/pool.cpp:168) [197]  (2.43 ns)
	'select' operation ('tp_d1_V_1_4', pool_stream/pool.cpp:168) [198]  (0.805 ns)
	'icmp' operation ('tmp_21_4', pool_stream/pool.cpp:168) [199]  (2.43 ns)
	'select' operation ('p_in347_ld_4', pool_stream/pool.cpp:168) [200]  (0 ns)
	'select' operation ('sel_tmp16', pool_stream/pool.cpp:168) [202]  (1.92 ns)
	'select' operation ('sel_tmp17', pool_stream/pool.cpp:167) [203]  (1.92 ns)
	'select' operation ('sel_tmp18', pool_stream/pool.cpp:166) [204]  (1.92 ns)
	'select' operation ('p_0219_4_4', pool_stream/pool.cpp:165) [205]  (1.92 ns)
	'select' operation ('sel_tmp19', pool_stream/pool.cpp:168) [226]  (1.92 ns)
	'select' operation ('sel_tmp20', pool_stream/pool.cpp:167) [227]  (1.92 ns)
	'select' operation ('sel_tmp21', pool_stream/pool.cpp:166) [228]  (1.92 ns)
	'select' operation ('p_0219_4_5', pool_stream/pool.cpp:165) [229]  (1.92 ns)
	'select' operation ('sel_tmp22', pool_stream/pool.cpp:168) [250]  (1.92 ns)
	'select' operation ('sel_tmp23', pool_stream/pool.cpp:167) [251]  (1.92 ns)
	'select' operation ('sel_tmp24', pool_stream/pool.cpp:166) [252]  (1.92 ns)
	'select' operation ('p_0219_4_6', pool_stream/pool.cpp:165) [253]  (1.92 ns)
	'select' operation ('sel_tmp25', pool_stream/pool.cpp:171) [274]  (1.92 ns)
	'select' operation ('sel_tmp26', pool_stream/pool.cpp:171) [275]  (1.92 ns)
	'select' operation ('sel_tmp27', pool_stream/pool.cpp:171) [276]  (1.92 ns)
	'select' operation ('tmp.V', pool_stream/pool.cpp:171) [277]  (1.92 ns)
	fifo write on port 'out_V_V' (pool_stream/pool.cpp:171) [278]  (3.63 ns)

 <State 42>: 0ns
The critical path consists of the following:


============================================================
+ Verbose Summary: Binding
============================================================
N/A
* FSMD analyzer results:
  - Output states:
 - Input state : 
  - Chain level:
	State 1
	State 2
	State 3
	State 4
	State 5
	State 6
	State 7
	State 8
	State 9
	State 10
	State 11
	State 12
	State 13
	State 14
	State 15
	State 16
	State 17
	State 18
	State 19
	State 20
	State 21
	State 22
	State 23
	State 24
	State 25
	State 26
	State 27
	State 28
	State 29
	State 30
	State 31
	State 32
	State 33
	State 34
	State 35
	State 36
	State 37
	State 38
	State 39
	State 40
	State 41
	State 42


============================================================
+ Verbose Summary: Datapath Resource usage 
============================================================
N/A
