#-----------------------------------------------------------
# Vivado v2018.1 (64-bit)
# SW Build 2188600 on Wed Apr  4 18:40:38 MDT 2018
# IP Build 2185939 on Wed Apr  4 20:55:05 MDT 2018
# Start of session at: Tue Aug 13 09:54:59 2019
# Process ID: 3788
# Current directory: C:/Users/caiyujie/Desktop/gongkaike_hls/code/day5/pool_stream/pool_stream/solution1/sim/verilog
# Command line: vivado.exe -source open_wave.tcl
# Log file: C:/Users/caiyujie/Desktop/gongkaike_hls/code/day5/pool_stream/pool_stream/solution1/sim/verilog/vivado.log
# Journal file: C:/Users/caiyujie/Desktop/gongkaike_hls/code/day5/pool_stream/pool_stream/solution1/sim/verilog\vivado.jou
#-----------------------------------------------------------
start_gui
source open_wave.tcl
# current_fileset
INFO: [IP_Flow 19-234] Refreshing IP repositories
INFO: [IP_Flow 19-1704] No user IP repositories specified
INFO: [IP_Flow 19-2313] Loaded Vivado IP repository 'C:/Xilinx/Vivado/2018.1/data/ip'.
current_fileset: Time (s): cpu = 00:00:15 ; elapsed = 00:00:09 . Memory (MB): peak = 881.570 ; gain = 146.195
# open_wave_database pool.wdb
open_wave_config C:/Users/caiyujie/Desktop/gongkaike_hls/code/day5/pool_stream/pool_stream/solution1/sim/verilog/pool.wcfg
current_wave_config {pool.wcfg}
pool.wcfg
add_wave {{/apatb_pool_top/AESL_inst_pool/pool_1D_U0/in_V_V_TDATA}} {{/apatb_pool_top/AESL_inst_pool/pool_1D_U0/in_V_V_TVALID}} {{/apatb_pool_top/AESL_inst_pool/pool_1D_U0/in_V_V_TREADY}} 
current_wave_config {pool.wcfg}
pool.wcfg
add_wave {{/apatb_pool_top/AESL_inst_pool/pool_2D_U0/in_V_V_dout}} {{/apatb_pool_top/AESL_inst_pool/pool_2D_U0/in_V_V_empty_n}} {{/apatb_pool_top/AESL_inst_pool/pool_2D_U0/in_V_V_read}} 
current_wave_config {pool.wcfg*}
WARNING: [Wavedata 42-16] Error Unable to get wave configuration 'pool.wcfg*'.
pool.wcfg
add_wave {{/apatb_pool_top/AESL_inst_pool/hs2axis_U0/out_r_TDATA}} {{/apatb_pool_top/AESL_inst_pool/hs2axis_U0/out_r_TVALID}} {{/apatb_pool_top/AESL_inst_pool/hs2axis_U0/out_r_TREADY}} {{/apatb_pool_top/AESL_inst_pool/hs2axis_U0/out_r_TLAST}} 
close_sim
INFO: [Simtcl 6-16] Simulation closed
exit
INFO: [Common 17-206] Exiting Vivado at Tue Aug 13 09:57:27 2019...
