INFO: [SIM 2] *************** CSIM start ***************
INFO: [SIM 4] CSIM will launch GCC as the compiler.
   Compiling ../../../main.cpp in debug mode
   Generating csim.exe
out:0,0:0,last=0
out:0,1:0x010001000100010001000100010001,last=0
out:0,2:0x020002000200020002000200020002,last=0
out:0,3:0x030003000300030003000300030003,last=0
out:0,4:0x040004000400040004000400040004,last=0
out:0,5:0x050005000500050005000500050005,last=0
out:0,6:0x060006000600060006000600060006,last=0
out:0,7:0x070007000700070007000700070007,last=0
out:0,8:0x080008000800080008000800080008,last=0
out:0,9:0x090009000900090009000900090009,last=0
out:0,10:0x0A000A000A000A000A000A000A000A,last=0
out:0,11:0x0B000B000B000B000B000B000B000B,last=0
out:0,12:0x0C000C000C000C000C000C000C000C,last=0
out:0,13:0x0D000D000D000D000D000D000D000D,last=0
out:0,14:0x0E000E000E000E000E000E000E000E,last=0
out:0,15:0x0F000F000F000F000F000F000F000F,last=0
out:0,16:0x0100010001000100010001000100010,last=0
out:0,17:0x0110011001100110011001100110011,last=0
out:0,18:0x0120012001200120012001200120012,last=0
out:0,19:0x0130013001300130013001300130013,last=0
out:0,20:0x0140014001400140014001400140014,last=0
out:0,21:0x0150015001500150015001500150015,last=0
out:0,22:0x0160016001600160016001600160016,last=0
out:0,23:0x0170017001700170017001700170017,last=0
out:0,24:0x0180018001800180018001800180018,last=0
out:0,25:0x0190019001900190019001900190019,last=0
out:0,26:0x01A001A001A001A001A001A001A001A,last=0
out:0,27:0x01B001B001B001B001B001B001B001B,last=0
out:0,28:0x01C001C001C001C001C001C001C001C,last=0
out:0,29:0x01D001D001D001D001D001D001D001D,last=0
out:0,30:0x01E001E001E001E001E001E001E001E,last=0
out:0,31:0x01F001F001F001F001F001F001F001F,last=0
out:0,32:0x0200020002000200020002000200020,last=0
out:0,33:0x0210021002100210021002100210021,last=0
out:0,34:0x0220022002200220022002200220022,last=0
out:0,35:0x0230023002300230023002300230023,last=0
out:0,36:0x0240024002400240024002400240024,last=0
out:0,37:0x0250025002500250025002500250025,last=0
out:0,38:0x0260026002600260026002600260026,last=0
out:0,39:0x0270027002700270027002700270027,last=0
out:1,0:0x0280028002800280028002800280028,last=0
out:1,1:0x0290029002900290029002900290029,last=0
out:1,2:0x02A002A002A002A002A002A002A002A,last=0
out:1,3:0x02B002B002B002B002B002B002B002B,last=0
out:1,4:0x02C002C002C002C002C002C002C002C,last=0
out:1,5:0x02D002D002D002D002D002D002D002D,last=0
out:1,6:0x02E002E002E002E002E002E002E002E,last=0
out:1,7:0x02F002F002F002F002F002F002F002F,last=0
out:1,8:0x0300030003000300030003000300030,last=0
out:1,9:0x0310031003100310031003100310031,last=0
out:1,10:0x0320032003200320032003200320032,last=0
out:1,11:0x0330033003300330033003300330033,last=0
out:1,12:0x0340034003400340034003400340034,last=0
out:1,13:0x0350035003500350035003500350035,last=0
out:1,14:0x0360036003600360036003600360036,last=0
out:1,15:0x0370037003700370037003700370037,last=0
out:1,16:0x0380038003800380038003800380038,last=0
out:1,17:0x0390039003900390039003900390039,last=0
out:1,18:0x03A003A003A003A003A003A003A003A,last=0
out:1,19:0x03B003B003B003B003B003B003B003B,last=0
out:1,20:0x03C003C003C003C003C003C003C003C,last=0
out:1,21:0x03D003D003D003D003D003D003D003D,last=0
out:1,22:0x03E003E003E003E003E003E003E003E,last=0
out:1,23:0x03F003F003F003F003F003F003F003F,last=0
out:1,24:0x0400040004000400040004000400040,last=0
out:1,25:0x0410041004100410041004100410041,last=0
out:1,26:0x0420042004200420042004200420042,last=0
out:1,27:0x0430043004300430043004300430043,last=0
out:1,28:0x0440044004400440044004400440044,last=0
out:1,29:0x0450045004500450045004500450045,last=0
out:1,30:0x0460046004600460046004600460046,last=0
out:1,31:0x0470047004700470047004700470047,last=0
out:1,32:0x0480048004800480048004800480048,last=0
out:1,33:0x0490049004900490049004900490049,last=0
out:1,34:0x04A004A004A004A004A004A004A004A,last=0
out:1,35:0x04B004B004B004B004B004B004B004B,last=0
out:1,36:0x04C004C004C004C004C004C004C004C,last=0
out:1,37:0x04D004D004D004D004D004D004D004D,last=0
out:1,38:0x04E004E004E004E004E004E004E004E,last=0
out:1,39:0x04F004F004F004F004F004F004F004F,last=0
out:2,0:0x0500050005000500050005000500050,last=0
out:2,1:0x0510051005100510051005100510051,last=0
out:2,2:0x0520052005200520052005200520052,last=0
out:2,3:0x0530053005300530053005300530053,last=0
out:2,4:0x0540054005400540054005400540054,last=0
out:2,5:0x0550055005500550055005500550055,last=0
out:2,6:0x0560056005600560056005600560056,last=0
out:2,7:0x0570057005700570057005700570057,last=0
out:2,8:0x0580058005800580058005800580058,last=0
out:2,9:0x0590059005900590059005900590059,last=0
out:2,10:0x05A005A005A005A005A005A005A005A,last=0
out:2,11:0x05B005B005B005B005B005B005B005B,last=0
out:2,12:0x05C005C005C005C005C005C005C005C,last=0
out:2,13:0x05D005D005D005D005D005D005D005D,last=0
out:2,14:0x05E005E005E005E005E005E005E005E,last=0
out:2,15:0x05F005F005F005F005F005F005F005F,last=0
out:2,16:0x0600060006000600060006000600060,last=0
out:2,17:0x0610061006100610061006100610061,last=0
out:2,18:0x0620062006200620062006200620062,last=0
out:2,19:0x0630063006300630063006300630063,last=0
out:2,20:0x0640064006400640064006400640064,last=0
out:2,21:0x0650065006500650065006500650065,last=0
out:2,22:0x0660066006600660066006600660066,last=0
out:2,23:0x0670067006700670067006700670067,last=0
out:2,24:0x0680068006800680068006800680068,last=0
out:2,25:0x0690069006900690069006900690069,last=0
out:2,26:0x06A006A006A006A006A006A006A006A,last=0
out:2,27:0x06B006B006B006B006B006B006B006B,last=0
out:2,28:0x06C006C006C006C006C006C006C006C,last=0
out:2,29:0x06D006D006D006D006D006D006D006D,last=0
out:2,30:0x06E006E006E006E006E006E006E006E,last=0
out:2,31:0x06F006F006F006F006F006F006F006F,last=0
out:2,32:0x0700070007000700070007000700070,last=0
out:2,33:0x0710071007100710071007100710071,last=0
out:2,34:0x0720072007200720072007200720072,last=0
out:2,35:0x0730073007300730073007300730073,last=0
out:2,36:0x0740074007400740074007400740074,last=0
out:2,37:0x0750075007500750075007500750075,last=0
out:2,38:0x0760076007600760076007600760076,last=0
out:2,39:0x0770077007700770077007700770077,last=0
out:3,0:0x0780078007800780078007800780078,last=0
out:3,1:0x0790079007900790079007900790079,last=0
out:3,2:0x07A007A007A007A007A007A007A007A,last=0
out:3,3:0x07B007B007B007B007B007B007B007B,last=0
out:3,4:0x07C007C007C007C007C007C007C007C,last=0
out:3,5:0x07D007D007D007D007D007D007D007D,last=0
out:3,6:0x07E007E007E007E007E007E007E007E,last=0
out:3,7:0x07F007F007F007F007F007F007F007F,last=0
out:3,8:0x0800080008000800080008000800080,last=0
out:3,9:0x0810081008100810081008100810081,last=0
out:3,10:0x0820082008200820082008200820082,last=0
out:3,11:0x0830083008300830083008300830083,last=0
out:3,12:0x0840084008400840084008400840084,last=0
out:3,13:0x0850085008500850085008500850085,last=0
out:3,14:0x0860086008600860086008600860086,last=0
out:3,15:0x0870087008700870087008700870087,last=0
out:3,16:0x0880088008800880088008800880088,last=0
out:3,17:0x0890089008900890089008900890089,last=0
out:3,18:0x08A008A008A008A008A008A008A008A,last=0
out:3,19:0x08B008B008B008B008B008B008B008B,last=0
out:3,20:0x08C008C008C008C008C008C008C008C,last=0
out:3,21:0x08D008D008D008D008D008D008D008D,last=0
out:3,22:0x08E008E008E008E008E008E008E008E,last=0
out:3,23:0x08F008F008F008F008F008F008F008F,last=0
out:3,24:0x0900090009000900090009000900090,last=0
out:3,25:0x0910091009100910091009100910091,last=0
out:3,26:0x0920092009200920092009200920092,last=0
out:3,27:0x0930093009300930093009300930093,last=0
out:3,28:0x0940094009400940094009400940094,last=0
out:3,29:0x0950095009500950095009500950095,last=0
out:3,30:0x0960096009600960096009600960096,last=0
out:3,31:0x0970097009700970097009700970097,last=0
out:3,32:0x0980098009800980098009800980098,last=0
out:3,33:0x0990099009900990099009900990099,last=0
out:3,34:0x09A009A009A009A009A009A009A009A,last=0
out:3,35:0x09B009B009B009B009B009B009B009B,last=0
out:3,36:0x09C009C009C009C009C009C009C009C,last=0
out:3,37:0x09D009D009D009D009D009D009D009D,last=0
out:3,38:0x09E009E009E009E009E009E009E009E,last=0
out:3,39:0x09F009F009F009F009F009F009F009F,last=0
out:4,0:0x0A000A000A000A000A000A000A000A0,last=0
out:4,1:0x0A100A100A100A100A100A100A100A1,last=0
out:4,2:0x0A200A200A200A200A200A200A200A2,last=0
out:4,3:0x0A300A300A300A300A300A300A300A3,last=0
out:4,4:0x0A400A400A400A400A400A400A400A4,last=0
out:4,5:0x0A500A500A500A500A500A500A500A5,last=0
out:4,6:0x0A600A600A600A600A600A600A600A6,last=0
out:4,7:0x0A700A700A700A700A700A700A700A7,last=0
out:4,8:0x0A800A800A800A800A800A800A800A8,last=0
out:4,9:0x0A900A900A900A900A900A900A900A9,last=0
out:4,10:0x0AA00AA00AA00AA00AA00AA00AA00AA,last=0
out:4,11:0x0AB00AB00AB00AB00AB00AB00AB00AB,last=0
out:4,12:0x0AC00AC00AC00AC00AC00AC00AC00AC,last=0
out:4,13:0x0AD00AD00AD00AD00AD00AD00AD00AD,last=0
out:4,14:0x0AE00AE00AE00AE00AE00AE00AE00AE,last=0
out:4,15:0x0AF00AF00AF00AF00AF00AF00AF00AF,last=0
out:4,16:0x0B000B000B000B000B000B000B000B0,last=0
out:4,17:0x0B100B100B100B100B100B100B100B1,last=0
out:4,18:0x0B200B200B200B200B200B200B200B2,last=0
out:4,19:0x0B300B300B300B300B300B300B300B3,last=0
out:4,20:0x0B400B400B400B400B400B400B400B4,last=0
out:4,21:0x0B500B500B500B500B500B500B500B5,last=0
out:4,22:0x0B600B600B600B600B600B600B600B6,last=0
out:4,23:0x0B700B700B700B700B700B700B700B7,last=0
out:4,24:0x0B800B800B800B800B800B800B800B8,last=0
out:4,25:0x0B900B900B900B900B900B900B900B9,last=0
out:4,26:0x0BA00BA00BA00BA00BA00BA00BA00BA,last=0
out:4,27:0x0BB00BB00BB00BB00BB00BB00BB00BB,last=0
out:4,28:0x0BC00BC00BC00BC00BC00BC00BC00BC,last=0
out:4,29:0x0BD00BD00BD00BD00BD00BD00BD00BD,last=0
out:4,30:0x0BE00BE00BE00BE00BE00BE00BE00BE,last=0
out:4,31:0x0BF00BF00BF00BF00BF00BF00BF00BF,last=0
out:4,32:0x0C000C000C000C000C000C000C000C0,last=0
out:4,33:0x0C100C100C100C100C100C100C100C1,last=0
out:4,34:0x0C200C200C200C200C200C200C200C2,last=0
out:4,35:0x0C300C300C300C300C300C300C300C3,last=0
out:4,36:0x0C400C400C400C400C400C400C400C4,last=0
out:4,37:0x0C500C500C500C500C500C500C500C5,last=0
out:4,38:0x0C600C600C600C600C600C600C600C6,last=0
out:4,39:0x0C700C700C700C700C700C700C700C7,last=0
out:5,0:0x0C800C800C800C800C800C800C800C8,last=0
out:5,1:0x0C900C900C900C900C900C900C900C9,last=0
out:5,2:0x0CA00CA00CA00CA00CA00CA00CA00CA,last=0
out:5,3:0x0CB00CB00CB00CB00CB00CB00CB00CB,last=0
out:5,4:0x0CC00CC00CC00CC00CC00CC00CC00CC,last=0
out:5,5:0x0CD00CD00CD00CD00CD00CD00CD00CD,last=0
out:5,6:0x0CE00CE00CE00CE00CE00CE00CE00CE,last=0
out:5,7:0x0CF00CF00CF00CF00CF00CF00CF00CF,last=0
out:5,8:0x0D000D000D000D000D000D000D000D0,last=0
out:5,9:0x0D100D100D100D100D100D100D100D1,last=0
out:5,10:0x0D200D200D200D200D200D200D200D2,last=0
out:5,11:0x0D300D300D300D300D300D300D300D3,last=0
out:5,12:0x0D400D400D400D400D400D400D400D4,last=0
out:5,13:0x0D500D500D500D500D500D500D500D5,last=0
out:5,14:0x0D600D600D600D600D600D600D600D6,last=0
out:5,15:0x0D700D700D700D700D700D700D700D7,last=0
out:5,16:0x0D800D800D800D800D800D800D800D8,last=0
out:5,17:0x0D900D900D900D900D900D900D900D9,last=0
out:5,18:0x0DA00DA00DA00DA00DA00DA00DA00DA,last=0
out:5,19:0x0DB00DB00DB00DB00DB00DB00DB00DB,last=0
out:5,20:0x0DC00DC00DC00DC00DC00DC00DC00DC,last=0
out:5,21:0x0DD00DD00DD00DD00DD00DD00DD00DD,last=0
out:5,22:0x0DE00DE00DE00DE00DE00DE00DE00DE,last=0
out:5,23:0x0DF00DF00DF00DF00DF00DF00DF00DF,last=0
out:5,24:0x0E000E000E000E000E000E000E000E0,last=0
out:5,25:0x0E100E100E100E100E100E100E100E1,last=0
out:5,26:0x0E200E200E200E200E200E200E200E2,last=0
out:5,27:0x0E300E300E300E300E300E300E300E3,last=0
out:5,28:0x0E400E400E400E400E400E400E400E4,last=0
out:5,29:0x0E500E500E500E500E500E500E500E5,last=0
out:5,30:0x0E600E600E600E600E600E600E600E6,last=0
out:5,31:0x0E700E700E700E700E700E700E700E7,last=0
out:5,32:0x0E800E800E800E800E800E800E800E8,last=0
out:5,33:0x0E900E900E900E900E900E900E900E9,last=0
out:5,34:0x0EA00EA00EA00EA00EA00EA00EA00EA,last=0
out:5,35:0x0EB00EB00EB00EB00EB00EB00EB00EB,last=0
out:5,36:0x0EC00EC00EC00EC00EC00EC00EC00EC,last=0
out:5,37:0x0ED00ED00ED00ED00ED00ED00ED00ED,last=0
out:5,38:0x0EE00EE00EE00EE00EE00EE00EE00EE,last=0
out:5,39:0x0EF00EF00EF00EF00EF00EF00EF00EF,last=0
out:6,0:0x0F000F000F000F000F000F000F000F0,last=0
out:6,1:0x0F100F100F100F100F100F100F100F1,last=0
out:6,2:0x0F200F200F200F200F200F200F200F2,last=0
out:6,3:0x0F300F300F300F300F300F300F300F3,last=0
out:6,4:0x0F400F400F400F400F400F400F400F4,last=0
out:6,5:0x0F500F500F500F500F500F500F500F5,last=0
out:6,6:0x0F600F600F600F600F600F600F600F6,last=0
out:6,7:0x0F700F700F700F700F700F700F700F7,last=0
out:6,8:0x0F800F800F800F800F800F800F800F8,last=0
out:6,9:0x0F900F900F900F900F900F900F900F9,last=0
out:6,10:0x0FA00FA00FA00FA00FA00FA00FA00FA,last=0
out:6,11:0x0FB00FB00FB00FB00FB00FB00FB00FB,last=0
out:6,12:0x0FC00FC00FC00FC00FC00FC00FC00FC,last=0
out:6,13:0x0FD00FD00FD00FD00FD00FD00FD00FD,last=0
out:6,14:0x0FE00FE00FE00FE00FE00FE00FE00FE,last=0
out:6,15:0x0FF00FF00FF00FF00FF00FF00FF00FF,last=0
out:6,16:0x01000100010001000100010001000100,last=0
out:6,17:0x01010101010101010101010101010101,last=0
out:6,18:0x01020102010201020102010201020102,last=0
out:6,19:0x01030103010301030103010301030103,last=0
out:6,20:0x01040104010401040104010401040104,last=0
out:6,21:0x01050105010501050105010501050105,last=0
out:6,22:0x01060106010601060106010601060106,last=0
out:6,23:0x01070107010701070107010701070107,last=0
out:6,24:0x01080108010801080108010801080108,last=0
out:6,25:0x01090109010901090109010901090109,last=0
out:6,26:0x010A010A010A010A010A010A010A010A,last=0
out:6,27:0x010B010B010B010B010B010B010B010B,last=0
out:6,28:0x010C010C010C010C010C010C010C010C,last=0
out:6,29:0x010D010D010D010D010D010D010D010D,last=0
out:6,30:0x010E010E010E010E010E010E010E010E,last=0
out:6,31:0x010F010F010F010F010F010F010F010F,last=0
out:6,32:0x01100110011001100110011001100110,last=0
out:6,33:0x01110111011101110111011101110111,last=0
out:6,34:0x01120112011201120112011201120112,last=0
out:6,35:0x01130113011301130113011301130113,last=0
out:6,36:0x01140114011401140114011401140114,last=0
out:6,37:0x01150115011501150115011501150115,last=0
out:6,38:0x01160116011601160116011601160116,last=0
out:6,39:0x01170117011701170117011701170117,last=0
out:7,0:0x01180118011801180118011801180118,last=0
out:7,1:0x01190119011901190119011901190119,last=0
out:7,2:0x011A011A011A011A011A011A011A011A,last=0
out:7,3:0x011B011B011B011B011B011B011B011B,last=0
out:7,4:0x011C011C011C011C011C011C011C011C,last=0
out:7,5:0x011D011D011D011D011D011D011D011D,last=0
out:7,6:0x011E011E011E011E011E011E011E011E,last=0
out:7,7:0x011F011F011F011F011F011F011F011F,last=0
out:7,8:0x01200120012001200120012001200120,last=0
out:7,9:0x01210121012101210121012101210121,last=0
out:7,10:0x01220122012201220122012201220122,last=0
out:7,11:0x01230123012301230123012301230123,last=0
out:7,12:0x01240124012401240124012401240124,last=0
out:7,13:0x01250125012501250125012501250125,last=0
out:7,14:0x01260126012601260126012601260126,last=0
out:7,15:0x01270127012701270127012701270127,last=0
out:7,16:0x01280128012801280128012801280128,last=0
out:7,17:0x01290129012901290129012901290129,last=0
out:7,18:0x012A012A012A012A012A012A012A012A,last=0
out:7,19:0x012B012B012B012B012B012B012B012B,last=0
out:7,20:0x012C012C012C012C012C012C012C012C,last=0
out:7,21:0x012D012D012D012D012D012D012D012D,last=0
out:7,22:0x012E012E012E012E012E012E012E012E,last=0
out:7,23:0x012F012F012F012F012F012F012F012F,last=0
out:7,24:0x01300130013001300130013001300130,last=0
out:7,25:0x01310131013101310131013101310131,last=0
out:7,26:0x01320132013201320132013201320132,last=0
out:7,27:0x01330133013301330133013301330133,last=0
out:7,28:0x01340134013401340134013401340134,last=0
out:7,29:0x01350135013501350135013501350135,last=0
out:7,30:0x01360136013601360136013601360136,last=0
out:7,31:0x01370137013701370137013701370137,last=0
out:7,32:0x01380138013801380138013801380138,last=0
out:7,33:0x01390139013901390139013901390139,last=0
out:7,34:0x013A013A013A013A013A013A013A013A,last=0
out:7,35:0x013B013B013B013B013B013B013B013B,last=0
out:7,36:0x013C013C013C013C013C013C013C013C,last=0
out:7,37:0x013D013D013D013D013D013D013D013D,last=0
out:7,38:0x013E013E013E013E013E013E013E013E,last=0
out:7,39:0x013F013F013F013F013F013F013F013F,last=0
out:8,0:0x01400140014001400140014001400140,last=0
out:8,1:0x01410141014101410141014101410141,last=0
out:8,2:0x01420142014201420142014201420142,last=0
out:8,3:0x01430143014301430143014301430143,last=0
out:8,4:0x01440144014401440144014401440144,last=0
out:8,5:0x01450145014501450145014501450145,last=0
out:8,6:0x01460146014601460146014601460146,last=0
out:8,7:0x01470147014701470147014701470147,last=0
out:8,8:0x01480148014801480148014801480148,last=0
out:8,9:0x01490149014901490149014901490149,last=0
out:8,10:0x014A014A014A014A014A014A014A014A,last=0
out:8,11:0x014B014B014B014B014B014B014B014B,last=0
out:8,12:0x014C014C014C014C014C014C014C014C,last=0
out:8,13:0x014D014D014D014D014D014D014D014D,last=0
out:8,14:0x014E014E014E014E014E014E014E014E,last=0
out:8,15:0x014F014F014F014F014F014F014F014F,last=0
out:8,16:0x01500150015001500150015001500150,last=0
out:8,17:0x01510151015101510151015101510151,last=0
out:8,18:0x01520152015201520152015201520152,last=0
out:8,19:0x01530153015301530153015301530153,last=0
out:8,20:0x01540154015401540154015401540154,last=0
out:8,21:0x01550155015501550155015501550155,last=0
out:8,22:0x01560156015601560156015601560156,last=0
out:8,23:0x01570157015701570157015701570157,last=0
out:8,24:0x01580158015801580158015801580158,last=0
out:8,25:0x01590159015901590159015901590159,last=0
out:8,26:0x015A015A015A015A015A015A015A015A,last=0
out:8,27:0x015B015B015B015B015B015B015B015B,last=0
out:8,28:0x015C015C015C015C015C015C015C015C,last=0
out:8,29:0x015D015D015D015D015D015D015D015D,last=0
out:8,30:0x015E015E015E015E015E015E015E015E,last=0
out:8,31:0x015F015F015F015F015F015F015F015F,last=0
out:8,32:0x01600160016001600160016001600160,last=0
out:8,33:0x01610161016101610161016101610161,last=0
out:8,34:0x01620162016201620162016201620162,last=0
out:8,35:0x01630163016301630163016301630163,last=0
out:8,36:0x01640164016401640164016401640164,last=0
out:8,37:0x01650165016501650165016501650165,last=0
out:8,38:0x01660166016601660166016601660166,last=0
out:8,39:0x01670167016701670167016701670167,last=0
out:9,0:0x01680168016801680168016801680168,last=0
out:9,1:0x01690169016901690169016901690169,last=0
out:9,2:0x016A016A016A016A016A016A016A016A,last=0
out:9,3:0x016B016B016B016B016B016B016B016B,last=0
out:9,4:0x016C016C016C016C016C016C016C016C,last=0
out:9,5:0x016D016D016D016D016D016D016D016D,last=0
out:9,6:0x016E016E016E016E016E016E016E016E,last=0
out:9,7:0x016F016F016F016F016F016F016F016F,last=0
out:9,8:0x01700170017001700170017001700170,last=0
out:9,9:0x01710171017101710171017101710171,last=0
out:9,10:0x01720172017201720172017201720172,last=0
out:9,11:0x01730173017301730173017301730173,last=0
out:9,12:0x01740174017401740174017401740174,last=0
out:9,13:0x01750175017501750175017501750175,last=0
out:9,14:0x01760176017601760176017601760176,last=0
out:9,15:0x01770177017701770177017701770177,last=0
out:9,16:0x01780178017801780178017801780178,last=0
out:9,17:0x01790179017901790179017901790179,last=0
out:9,18:0x017A017A017A017A017A017A017A017A,last=0
out:9,19:0x017B017B017B017B017B017B017B017B,last=0
out:9,20:0x017C017C017C017C017C017C017C017C,last=0
out:9,21:0x017D017D017D017D017D017D017D017D,last=0
out:9,22:0x017E017E017E017E017E017E017E017E,last=0
out:9,23:0x017F017F017F017F017F017F017F017F,last=0
out:9,24:0x01800180018001800180018001800180,last=0
out:9,25:0x01810181018101810181018101810181,last=0
out:9,26:0x01820182018201820182018201820182,last=0
out:9,27:0x01830183018301830183018301830183,last=0
out:9,28:0x01840184018401840184018401840184,last=0
out:9,29:0x01850185018501850185018501850185,last=0
out:9,30:0x01860186018601860186018601860186,last=0
out:9,31:0x01870187018701870187018701870187,last=0
out:9,32:0x01880188018801880188018801880188,last=0
out:9,33:0x01890189018901890189018901890189,last=0
out:9,34:0x018A018A018A018A018A018A018A018A,last=0
out:9,35:0x018B018B018B018B018B018B018B018B,last=0
out:9,36:0x018C018C018C018C018C018C018C018C,last=0
out:9,37:0x018D018D018D018D018D018D018D018D,last=0
out:9,38:0x018E018E018E018E018E018E018E018E,last=0
out:9,39:0x018F018F018F018F018F018F018F018F,last=0
out:10,0:0x01900190019001900190019001900190,last=0
out:10,1:0x01910191019101910191019101910191,last=0
out:10,2:0x01920192019201920192019201920192,last=0
out:10,3:0x01930193019301930193019301930193,last=0
out:10,4:0x01940194019401940194019401940194,last=0
out:10,5:0x01950195019501950195019501950195,last=0
out:10,6:0x01960196019601960196019601960196,last=0
out:10,7:0x01970197019701970197019701970197,last=0
out:10,8:0x01980198019801980198019801980198,last=0
out:10,9:0x01990199019901990199019901990199,last=0
out:10,10:0x019A019A019A019A019A019A019A019A,last=0
out:10,11:0x019B019B019B019B019B019B019B019B,last=0
out:10,12:0x019C019C019C019C019C019C019C019C,last=0
out:10,13:0x019D019D019D019D019D019D019D019D,last=0
out:10,14:0x019E019E019E019E019E019E019E019E,last=0
out:10,15:0x019F019F019F019F019F019F019F019F,last=0
out:10,16:0x01A001A001A001A001A001A001A001A0,last=0
out:10,17:0x01A101A101A101A101A101A101A101A1,last=0
out:10,18:0x01A201A201A201A201A201A201A201A2,last=0
out:10,19:0x01A301A301A301A301A301A301A301A3,last=0
out:10,20:0x01A401A401A401A401A401A401A401A4,last=0
out:10,21:0x01A501A501A501A501A501A501A501A5,last=0
out:10,22:0x01A601A601A601A601A601A601A601A6,last=0
out:10,23:0x01A701A701A701A701A701A701A701A7,last=0
out:10,24:0x01A801A801A801A801A801A801A801A8,last=0
out:10,25:0x01A901A901A901A901A901A901A901A9,last=0
out:10,26:0x01AA01AA01AA01AA01AA01AA01AA01AA,last=0
out:10,27:0x01AB01AB01AB01AB01AB01AB01AB01AB,last=0
out:10,28:0x01AC01AC01AC01AC01AC01AC01AC01AC,last=0
out:10,29:0x01AD01AD01AD01AD01AD01AD01AD01AD,last=0
out:10,30:0x01AE01AE01AE01AE01AE01AE01AE01AE,last=0
out:10,31:0x01AF01AF01AF01AF01AF01AF01AF01AF,last=0
out:10,32:0x01B001B001B001B001B001B001B001B0,last=0
out:10,33:0x01B101B101B101B101B101B101B101B1,last=0
out:10,34:0x01B201B201B201B201B201B201B201B2,last=0
out:10,35:0x01B301B301B301B301B301B301B301B3,last=0
out:10,36:0x01B401B401B401B401B401B401B401B4,last=0
out:10,37:0x01B501B501B501B501B501B501B501B5,last=0
out:10,38:0x01B601B601B601B601B601B601B601B6,last=0
out:10,39:0x01B701B701B701B701B701B701B701B7,last=0
out:11,0:0x01B801B801B801B801B801B801B801B8,last=0
out:11,1:0x01B901B901B901B901B901B901B901B9,last=0
out:11,2:0x01BA01BA01BA01BA01BA01BA01BA01BA,last=0
out:11,3:0x01BB01BB01BB01BB01BB01BB01BB01BB,last=0
out:11,4:0x01BC01BC01BC01BC01BC01BC01BC01BC,last=0
out:11,5:0x01BD01BD01BD01BD01BD01BD01BD01BD,last=0
out:11,6:0x01BE01BE01BE01BE01BE01BE01BE01BE,last=0
out:11,7:0x01BF01BF01BF01BF01BF01BF01BF01BF,last=0
out:11,8:0x01C001C001C001C001C001C001C001C0,last=0
out:11,9:0x01C101C101C101C101C101C101C101C1,last=0
out:11,10:0x01C201C201C201C201C201C201C201C2,last=0
out:11,11:0x01C301C301C301C301C301C301C301C3,last=0
out:11,12:0x01C401C401C401C401C401C401C401C4,last=0
out:11,13:0x01C501C501C501C501C501C501C501C5,last=0
out:11,14:0x01C601C601C601C601C601C601C601C6,last=0
out:11,15:0x01C701C701C701C701C701C701C701C7,last=0
out:11,16:0x01C801C801C801C801C801C801C801C8,last=0
out:11,17:0x01C901C901C901C901C901C901C901C9,last=0
out:11,18:0x01CA01CA01CA01CA01CA01CA01CA01CA,last=0
out:11,19:0x01CB01CB01CB01CB01CB01CB01CB01CB,last=0
out:11,20:0x01CC01CC01CC01CC01CC01CC01CC01CC,last=0
out:11,21:0x01CD01CD01CD01CD01CD01CD01CD01CD,last=0
out:11,22:0x01CE01CE01CE01CE01CE01CE01CE01CE,last=0
out:11,23:0x01CF01CF01CF01CF01CF01CF01CF01CF,last=0
out:11,24:0x01D001D001D001D001D001D001D001D0,last=0
out:11,25:0x01D101D101D101D101D101D101D101D1,last=0
out:11,26:0x01D201D201D201D201D201D201D201D2,last=0
out:11,27:0x01D301D301D301D301D301D301D301D3,last=0
out:11,28:0x01D401D401D401D401D401D401D401D4,last=0
out:11,29:0x01D501D501D501D501D501D501D501D5,last=0
out:11,30:0x01D601D601D601D601D601D601D601D6,last=0
out:11,31:0x01D701D701D701D701D701D701D701D7,last=0
out:11,32:0x01D801D801D801D801D801D801D801D8,last=0
out:11,33:0x01D901D901D901D901D901D901D901D9,last=0
out:11,34:0x01DA01DA01DA01DA01DA01DA01DA01DA,last=0
out:11,35:0x01DB01DB01DB01DB01DB01DB01DB01DB,last=0
out:11,36:0x01DC01DC01DC01DC01DC01DC01DC01DC,last=0
out:11,37:0x01DD01DD01DD01DD01DD01DD01DD01DD,last=0
out:11,38:0x01DE01DE01DE01DE01DE01DE01DE01DE,last=0
out:11,39:0x01DF01DF01DF01DF01DF01DF01DF01DF,last=0
out:12,0:0x01E001E001E001E001E001E001E001E0,last=0
out:12,1:0x01E101E101E101E101E101E101E101E1,last=0
out:12,2:0x01E201E201E201E201E201E201E201E2,last=0
out:12,3:0x01E301E301E301E301E301E301E301E3,last=0
out:12,4:0x01E401E401E401E401E401E401E401E4,last=0
out:12,5:0x01E501E501E501E501E501E501E501E5,last=0
out:12,6:0x01E601E601E601E601E601E601E601E6,last=0
out:12,7:0x01E701E701E701E701E701E701E701E7,last=0
out:12,8:0x01E801E801E801E801E801E801E801E8,last=0
out:12,9:0x01E901E901E901E901E901E901E901E9,last=0
out:12,10:0x01EA01EA01EA01EA01EA01EA01EA01EA,last=0
out:12,11:0x01EB01EB01EB01EB01EB01EB01EB01EB,last=0
out:12,12:0x01EC01EC01EC01EC01EC01EC01EC01EC,last=0
out:12,13:0x01ED01ED01ED01ED01ED01ED01ED01ED,last=0
out:12,14:0x01EE01EE01EE01EE01EE01EE01EE01EE,last=0
out:12,15:0x01EF01EF01EF01EF01EF01EF01EF01EF,last=0
out:12,16:0x01F001F001F001F001F001F001F001F0,last=0
out:12,17:0x01F101F101F101F101F101F101F101F1,last=0
out:12,18:0x01F201F201F201F201F201F201F201F2,last=0
out:12,19:0x01F301F301F301F301F301F301F301F3,last=0
out:12,20:0x01F401F401F401F401F401F401F401F4,last=0
out:12,21:0x01F501F501F501F501F501F501F501F5,last=0
out:12,22:0x01F601F601F601F601F601F601F601F6,last=0
out:12,23:0x01F701F701F701F701F701F701F701F7,last=0
out:12,24:0x01F801F801F801F801F801F801F801F8,last=0
out:12,25:0x01F901F901F901F901F901F901F901F9,last=0
out:12,26:0x01FA01FA01FA01FA01FA01FA01FA01FA,last=0
out:12,27:0x01FB01FB01FB01FB01FB01FB01FB01FB,last=0
out:12,28:0x01FC01FC01FC01FC01FC01FC01FC01FC,last=0
out:12,29:0x01FD01FD01FD01FD01FD01FD01FD01FD,last=0
out:12,30:0x01FE01FE01FE01FE01FE01FE01FE01FE,last=0
out:12,31:0x01FF01FF01FF01FF01FF01FF01FF01FF,last=0
out:12,32:0x02000200020002000200020002000200,last=0
out:12,33:0x02010201020102010201020102010201,last=0
out:12,34:0x02020202020202020202020202020202,last=0
out:12,35:0x02030203020302030203020302030203,last=0
out:12,36:0x02040204020402040204020402040204,last=0
out:12,37:0x02050205020502050205020502050205,last=0
out:12,38:0x02060206020602060206020602060206,last=0
out:12,39:0x02070207020702070207020702070207,last=0
out:13,0:0x02080208020802080208020802080208,last=0
out:13,1:0x02090209020902090209020902090209,last=0
out:13,2:0x020A020A020A020A020A020A020A020A,last=0
out:13,3:0x020B020B020B020B020B020B020B020B,last=0
out:13,4:0x020C020C020C020C020C020C020C020C,last=0
out:13,5:0x020D020D020D020D020D020D020D020D,last=0
out:13,6:0x020E020E020E020E020E020E020E020E,last=0
out:13,7:0x020F020F020F020F020F020F020F020F,last=0
out:13,8:0x02100210021002100210021002100210,last=0
out:13,9:0x02110211021102110211021102110211,last=0
out:13,10:0x02120212021202120212021202120212,last=0
out:13,11:0x02130213021302130213021302130213,last=0
out:13,12:0x02140214021402140214021402140214,last=0
out:13,13:0x02150215021502150215021502150215,last=0
out:13,14:0x02160216021602160216021602160216,last=0
out:13,15:0x02170217021702170217021702170217,last=0
out:13,16:0x02180218021802180218021802180218,last=0
out:13,17:0x02190219021902190219021902190219,last=0
out:13,18:0x021A021A021A021A021A021A021A021A,last=0
out:13,19:0x021B021B021B021B021B021B021B021B,last=0
out:13,20:0x021C021C021C021C021C021C021C021C,last=0
out:13,21:0x021D021D021D021D021D021D021D021D,last=0
out:13,22:0x021E021E021E021E021E021E021E021E,last=0
out:13,23:0x021F021F021F021F021F021F021F021F,last=0
out:13,24:0x02200220022002200220022002200220,last=0
out:13,25:0x02210221022102210221022102210221,last=0
out:13,26:0x02220222022202220222022202220222,last=0
out:13,27:0x02230223022302230223022302230223,last=0
out:13,28:0x02240224022402240224022402240224,last=0
out:13,29:0x02250225022502250225022502250225,last=0
out:13,30:0x02260226022602260226022602260226,last=0
out:13,31:0x02270227022702270227022702270227,last=0
out:13,32:0x02280228022802280228022802280228,last=0
out:13,33:0x02290229022902290229022902290229,last=0
out:13,34:0x022A022A022A022A022A022A022A022A,last=0
out:13,35:0x022B022B022B022B022B022B022B022B,last=0
out:13,36:0x022C022C022C022C022C022C022C022C,last=0
out:13,37:0x022D022D022D022D022D022D022D022D,last=0
out:13,38:0x022E022E022E022E022E022E022E022E,last=0
out:13,39:0x022F022F022F022F022F022F022F022F,last=0
out:14,0:0x02300230023002300230023002300230,last=0
out:14,1:0x02310231023102310231023102310231,last=0
out:14,2:0x02320232023202320232023202320232,last=0
out:14,3:0x02330233023302330233023302330233,last=0
out:14,4:0x02340234023402340234023402340234,last=0
out:14,5:0x02350235023502350235023502350235,last=0
out:14,6:0x02360236023602360236023602360236,last=0
out:14,7:0x02370237023702370237023702370237,last=0
out:14,8:0x02380238023802380238023802380238,last=0
out:14,9:0x02390239023902390239023902390239,last=0
out:14,10:0x023A023A023A023A023A023A023A023A,last=0
out:14,11:0x023B023B023B023B023B023B023B023B,last=0
out:14,12:0x023C023C023C023C023C023C023C023C,last=0
out:14,13:0x023D023D023D023D023D023D023D023D,last=0
out:14,14:0x023E023E023E023E023E023E023E023E,last=0
out:14,15:0x023F023F023F023F023F023F023F023F,last=0
out:14,16:0x02400240024002400240024002400240,last=0
out:14,17:0x02410241024102410241024102410241,last=0
out:14,18:0x02420242024202420242024202420242,last=0
out:14,19:0x02430243024302430243024302430243,last=0
out:14,20:0x02440244024402440244024402440244,last=0
out:14,21:0x02450245024502450245024502450245,last=0
out:14,22:0x02460246024602460246024602460246,last=0
out:14,23:0x02470247024702470247024702470247,last=0
out:14,24:0x02480248024802480248024802480248,last=0
out:14,25:0x02490249024902490249024902490249,last=0
out:14,26:0x024A024A024A024A024A024A024A024A,last=0
out:14,27:0x024B024B024B024B024B024B024B024B,last=0
out:14,28:0x024C024C024C024C024C024C024C024C,last=0
out:14,29:0x024D024D024D024D024D024D024D024D,last=0
out:14,30:0x024E024E024E024E024E024E024E024E,last=0
out:14,31:0x024F024F024F024F024F024F024F024F,last=0
out:14,32:0x02500250025002500250025002500250,last=0
out:14,33:0x02510251025102510251025102510251,last=0
out:14,34:0x02520252025202520252025202520252,last=0
out:14,35:0x02530253025302530253025302530253,last=0
out:14,36:0x02540254025402540254025402540254,last=0
out:14,37:0x02550255025502550255025502550255,last=0
out:14,38:0x02560256025602560256025602560256,last=0
out:14,39:0x02570257025702570257025702570257,last=0
out:15,0:0x02580258025802580258025802580258,last=0
out:15,1:0x02590259025902590259025902590259,last=0
out:15,2:0x025A025A025A025A025A025A025A025A,last=0
out:15,3:0x025B025B025B025B025B025B025B025B,last=0
out:15,4:0x025C025C025C025C025C025C025C025C,last=0
out:15,5:0x025D025D025D025D025D025D025D025D,last=0
out:15,6:0x025E025E025E025E025E025E025E025E,last=0
out:15,7:0x025F025F025F025F025F025F025F025F,last=0
out:15,8:0x02600260026002600260026002600260,last=0
out:15,9:0x02610261026102610261026102610261,last=0
out:15,10:0x02620262026202620262026202620262,last=0
out:15,11:0x02630263026302630263026302630263,last=0
out:15,12:0x02640264026402640264026402640264,last=0
out:15,13:0x02650265026502650265026502650265,last=0
out:15,14:0x02660266026602660266026602660266,last=0
out:15,15:0x02670267026702670267026702670267,last=0
out:15,16:0x02680268026802680268026802680268,last=0
out:15,17:0x02690269026902690269026902690269,last=0
out:15,18:0x026A026A026A026A026A026A026A026A,last=0
out:15,19:0x026B026B026B026B026B026B026B026B,last=0
out:15,20:0x026C026C026C026C026C026C026C026C,last=0
out:15,21:0x026D026D026D026D026D026D026D026D,last=0
out:15,22:0x026E026E026E026E026E026E026E026E,last=0
out:15,23:0x026F026F026F026F026F026F026F026F,last=0
out:15,24:0x02700270027002700270027002700270,last=0
out:15,25:0x02710271027102710271027102710271,last=0
out:15,26:0x02720272027202720272027202720272,last=0
out:15,27:0x02730273027302730273027302730273,last=0
out:15,28:0x02740274027402740274027402740274,last=0
out:15,29:0x02750275027502750275027502750275,last=0
out:15,30:0x02760276027602760276027602760276,last=0
out:15,31:0x02770277027702770277027702770277,last=0
out:15,32:0x02780278027802780278027802780278,last=0
out:15,33:0x02790279027902790279027902790279,last=0
out:15,34:0x027A027A027A027A027A027A027A027A,last=0
out:15,35:0x027B027B027B027B027B027B027B027B,last=0
out:15,36:0x027C027C027C027C027C027C027C027C,last=0
out:15,37:0x027D027D027D027D027D027D027D027D,last=0
out:15,38:0x027E027E027E027E027E027E027E027E,last=0
out:15,39:0x027F027F027F027F027F027F027F027F,last=0
out:16,0:0x02800280028002800280028002800280,last=0
out:16,1:0x02810281028102810281028102810281,last=0
out:16,2:0x02820282028202820282028202820282,last=0
out:16,3:0x02830283028302830283028302830283,last=0
out:16,4:0x02840284028402840284028402840284,last=0
out:16,5:0x02850285028502850285028502850285,last=0
out:16,6:0x02860286028602860286028602860286,last=0
out:16,7:0x02870287028702870287028702870287,last=0
out:16,8:0x02880288028802880288028802880288,last=0
out:16,9:0x02890289028902890289028902890289,last=0
out:16,10:0x028A028A028A028A028A028A028A028A,last=0
out:16,11:0x028B028B028B028B028B028B028B028B,last=0
out:16,12:0x028C028C028C028C028C028C028C028C,last=0
out:16,13:0x028D028D028D028D028D028D028D028D,last=0
out:16,14:0x028E028E028E028E028E028E028E028E,last=0
out:16,15:0x028F028F028F028F028F028F028F028F,last=0
out:16,16:0x02900290029002900290029002900290,last=0
out:16,17:0x02910291029102910291029102910291,last=0
out:16,18:0x02920292029202920292029202920292,last=0
out:16,19:0x02930293029302930293029302930293,last=0
out:16,20:0x02940294029402940294029402940294,last=0
out:16,21:0x02950295029502950295029502950295,last=0
out:16,22:0x02960296029602960296029602960296,last=0
out:16,23:0x02970297029702970297029702970297,last=0
out:16,24:0x02980298029802980298029802980298,last=0
out:16,25:0x02990299029902990299029902990299,last=0
out:16,26:0x029A029A029A029A029A029A029A029A,last=0
out:16,27:0x029B029B029B029B029B029B029B029B,last=0
out:16,28:0x029C029C029C029C029C029C029C029C,last=0
out:16,29:0x029D029D029D029D029D029D029D029D,last=0
out:16,30:0x029E029E029E029E029E029E029E029E,last=0
out:16,31:0x029F029F029F029F029F029F029F029F,last=0
out:16,32:0x02A002A002A002A002A002A002A002A0,last=0
out:16,33:0x02A102A102A102A102A102A102A102A1,last=0
out:16,34:0x02A202A202A202A202A202A202A202A2,last=0
out:16,35:0x02A302A302A302A302A302A302A302A3,last=0
out:16,36:0x02A402A402A402A402A402A402A402A4,last=0
out:16,37:0x02A502A502A502A502A502A502A502A5,last=0
out:16,38:0x02A602A602A602A602A602A602A602A6,last=0
out:16,39:0x02A702A702A702A702A702A702A702A7,last=0
out:17,0:0x02A802A802A802A802A802A802A802A8,last=0
out:17,1:0x02A902A902A902A902A902A902A902A9,last=0
out:17,2:0x02AA02AA02AA02AA02AA02AA02AA02AA,last=0
out:17,3:0x02AB02AB02AB02AB02AB02AB02AB02AB,last=0
out:17,4:0x02AC02AC02AC02AC02AC02AC02AC02AC,last=0
out:17,5:0x02AD02AD02AD02AD02AD02AD02AD02AD,last=0
out:17,6:0x02AE02AE02AE02AE02AE02AE02AE02AE,last=0
out:17,7:0x02AF02AF02AF02AF02AF02AF02AF02AF,last=0
out:17,8:0x02B002B002B002B002B002B002B002B0,last=0
out:17,9:0x02B102B102B102B102B102B102B102B1,last=0
out:17,10:0x02B202B202B202B202B202B202B202B2,last=0
out:17,11:0x02B302B302B302B302B302B302B302B3,last=0
out:17,12:0x02B402B402B402B402B402B402B402B4,last=0
out:17,13:0x02B502B502B502B502B502B502B502B5,last=0
out:17,14:0x02B602B602B602B602B602B602B602B6,last=0
out:17,15:0x02B702B702B702B702B702B702B702B7,last=0
out:17,16:0x02B802B802B802B802B802B802B802B8,last=0
out:17,17:0x02B902B902B902B902B902B902B902B9,last=0
out:17,18:0x02BA02BA02BA02BA02BA02BA02BA02BA,last=0
out:17,19:0x02BB02BB02BB02BB02BB02BB02BB02BB,last=0
out:17,20:0x02BC02BC02BC02BC02BC02BC02BC02BC,last=0
out:17,21:0x02BD02BD02BD02BD02BD02BD02BD02BD,last=0
out:17,22:0x02BE02BE02BE02BE02BE02BE02BE02BE,last=0
out:17,23:0x02BF02BF02BF02BF02BF02BF02BF02BF,last=0
out:17,24:0x02C002C002C002C002C002C002C002C0,last=0
out:17,25:0x02C102C102C102C102C102C102C102C1,last=0
out:17,26:0x02C202C202C202C202C202C202C202C2,last=0
out:17,27:0x02C302C302C302C302C302C302C302C3,last=0
out:17,28:0x02C402C402C402C402C402C402C402C4,last=0
out:17,29:0x02C502C502C502C502C502C502C502C5,last=0
out:17,30:0x02C602C602C602C602C602C602C602C6,last=0
out:17,31:0x02C702C702C702C702C702C702C702C7,last=0
out:17,32:0x02C802C802C802C802C802C802C802C8,last=0
out:17,33:0x02C902C902C902C902C902C902C902C9,last=0
out:17,34:0x02CA02CA02CA02CA02CA02CA02CA02CA,last=0
out:17,35:0x02CB02CB02CB02CB02CB02CB02CB02CB,last=0
out:17,36:0x02CC02CC02CC02CC02CC02CC02CC02CC,last=0
out:17,37:0x02CD02CD02CD02CD02CD02CD02CD02CD,last=0
out:17,38:0x02CE02CE02CE02CE02CE02CE02CE02CE,last=0
out:17,39:0x02CF02CF02CF02CF02CF02CF02CF02CF,last=0
out:18,0:0x02D002D002D002D002D002D002D002D0,last=0
out:18,1:0x02D102D102D102D102D102D102D102D1,last=0
out:18,2:0x02D202D202D202D202D202D202D202D2,last=0
out:18,3:0x02D302D302D302D302D302D302D302D3,last=0
out:18,4:0x02D402D402D402D402D402D402D402D4,last=0
out:18,5:0x02D502D502D502D502D502D502D502D5,last=0
out:18,6:0x02D602D602D602D602D602D602D602D6,last=0
out:18,7:0x02D702D702D702D702D702D702D702D7,last=0
out:18,8:0x02D802D802D802D802D802D802D802D8,last=0
out:18,9:0x02D902D902D902D902D902D902D902D9,last=0
out:18,10:0x02DA02DA02DA02DA02DA02DA02DA02DA,last=0
out:18,11:0x02DB02DB02DB02DB02DB02DB02DB02DB,last=0
out:18,12:0x02DC02DC02DC02DC02DC02DC02DC02DC,last=0
out:18,13:0x02DD02DD02DD02DD02DD02DD02DD02DD,last=0
out:18,14:0x02DE02DE02DE02DE02DE02DE02DE02DE,last=0
out:18,15:0x02DF02DF02DF02DF02DF02DF02DF02DF,last=0
out:18,16:0x02E002E002E002E002E002E002E002E0,last=0
out:18,17:0x02E102E102E102E102E102E102E102E1,last=0
out:18,18:0x02E202E202E202E202E202E202E202E2,last=0
out:18,19:0x02E302E302E302E302E302E302E302E3,last=0
out:18,20:0x02E402E402E402E402E402E402E402E4,last=0
out:18,21:0x02E502E502E502E502E502E502E502E5,last=0
out:18,22:0x02E602E602E602E602E602E602E602E6,last=0
out:18,23:0x02E702E702E702E702E702E702E702E7,last=0
out:18,24:0x02E802E802E802E802E802E802E802E8,last=0
out:18,25:0x02E902E902E902E902E902E902E902E9,last=0
out:18,26:0x02EA02EA02EA02EA02EA02EA02EA02EA,last=0
out:18,27:0x02EB02EB02EB02EB02EB02EB02EB02EB,last=0
out:18,28:0x02EC02EC02EC02EC02EC02EC02EC02EC,last=0
out:18,29:0x02ED02ED02ED02ED02ED02ED02ED02ED,last=0
out:18,30:0x02EE02EE02EE02EE02EE02EE02EE02EE,last=0
out:18,31:0x02EF02EF02EF02EF02EF02EF02EF02EF,last=0
out:18,32:0x02F002F002F002F002F002F002F002F0,last=0
out:18,33:0x02F102F102F102F102F102F102F102F1,last=0
out:18,34:0x02F202F202F202F202F202F202F202F2,last=0
out:18,35:0x02F302F302F302F302F302F302F302F3,last=0
out:18,36:0x02F402F402F402F402F402F402F402F4,last=0
out:18,37:0x02F502F502F502F502F502F502F502F5,last=0
out:18,38:0x02F602F602F602F602F602F602F602F6,last=0
out:18,39:0x02F702F702F702F702F702F702F702F7,last=0
out:19,0:0x02F802F802F802F802F802F802F802F8,last=0
out:19,1:0x02F902F902F902F902F902F902F902F9,last=0
out:19,2:0x02FA02FA02FA02FA02FA02FA02FA02FA,last=0
out:19,3:0x02FB02FB02FB02FB02FB02FB02FB02FB,last=0
out:19,4:0x02FC02FC02FC02FC02FC02FC02FC02FC,last=0
out:19,5:0x02FD02FD02FD02FD02FD02FD02FD02FD,last=0
out:19,6:0x02FE02FE02FE02FE02FE02FE02FE02FE,last=0
out:19,7:0x02FF02FF02FF02FF02FF02FF02FF02FF,last=0
out:19,8:0x03000300030003000300030003000300,last=0
out:19,9:0x03010301030103010301030103010301,last=0
out:19,10:0x03020302030203020302030203020302,last=0
out:19,11:0x03030303030303030303030303030303,last=0
out:19,12:0x03040304030403040304030403040304,last=0
out:19,13:0x03050305030503050305030503050305,last=0
out:19,14:0x03060306030603060306030603060306,last=0
out:19,15:0x03070307030703070307030703070307,last=0
out:19,16:0x03080308030803080308030803080308,last=0
out:19,17:0x03090309030903090309030903090309,last=0
out:19,18:0x030A030A030A030A030A030A030A030A,last=0
out:19,19:0x030B030B030B030B030B030B030B030B,last=0
out:19,20:0x030C030C030C030C030C030C030C030C,last=0
out:19,21:0x030D030D030D030D030D030D030D030D,last=0
out:19,22:0x030E030E030E030E030E030E030E030E,last=0
out:19,23:0x030F030F030F030F030F030F030F030F,last=0
out:19,24:0x03100310031003100310031003100310,last=0
out:19,25:0x03110311031103110311031103110311,last=0
out:19,26:0x03120312031203120312031203120312,last=0
out:19,27:0x03130313031303130313031303130313,last=0
out:19,28:0x03140314031403140314031403140314,last=0
out:19,29:0x03150315031503150315031503150315,last=0
out:19,30:0x03160316031603160316031603160316,last=0
out:19,31:0x03170317031703170317031703170317,last=0
out:19,32:0x03180318031803180318031803180318,last=0
out:19,33:0x03190319031903190319031903190319,last=0
out:19,34:0x031A031A031A031A031A031A031A031A,last=0
out:19,35:0x031B031B031B031B031B031B031B031B,last=0
out:19,36:0x031C031C031C031C031C031C031C031C,last=0
out:19,37:0x031D031D031D031D031D031D031D031D,last=0
out:19,38:0x031E031E031E031E031E031E031E031E,last=0
out:19,39:0x031F031F031F031F031F031F031F031F,last=0
out:20,0:0x03200320032003200320032003200320,last=0
out:20,1:0x03210321032103210321032103210321,last=0
out:20,2:0x03220322032203220322032203220322,last=0
out:20,3:0x03230323032303230323032303230323,last=0
out:20,4:0x03240324032403240324032403240324,last=0
out:20,5:0x03250325032503250325032503250325,last=0
out:20,6:0x03260326032603260326032603260326,last=0
out:20,7:0x03270327032703270327032703270327,last=0
out:20,8:0x03280328032803280328032803280328,last=0
out:20,9:0x03290329032903290329032903290329,last=0
out:20,10:0x032A032A032A032A032A032A032A032A,last=0
out:20,11:0x032B032B032B032B032B032B032B032B,last=0
out:20,12:0x032C032C032C032C032C032C032C032C,last=0
out:20,13:0x032D032D032D032D032D032D032D032D,last=0
out:20,14:0x032E032E032E032E032E032E032E032E,last=0
out:20,15:0x032F032F032F032F032F032F032F032F,last=0
out:20,16:0x03300330033003300330033003300330,last=0
out:20,17:0x03310331033103310331033103310331,last=0
out:20,18:0x03320332033203320332033203320332,last=0
out:20,19:0x03330333033303330333033303330333,last=0
out:20,20:0x03340334033403340334033403340334,last=0
out:20,21:0x03350335033503350335033503350335,last=0
out:20,22:0x03360336033603360336033603360336,last=0
out:20,23:0x03370337033703370337033703370337,last=0
out:20,24:0x03380338033803380338033803380338,last=0
out:20,25:0x03390339033903390339033903390339,last=0
out:20,26:0x033A033A033A033A033A033A033A033A,last=0
out:20,27:0x033B033B033B033B033B033B033B033B,last=0
out:20,28:0x033C033C033C033C033C033C033C033C,last=0
out:20,29:0x033D033D033D033D033D033D033D033D,last=0
out:20,30:0x033E033E033E033E033E033E033E033E,last=0
out:20,31:0x033F033F033F033F033F033F033F033F,last=0
out:20,32:0x03400340034003400340034003400340,last=0
out:20,33:0x03410341034103410341034103410341,last=0
out:20,34:0x03420342034203420342034203420342,last=0
out:20,35:0x03430343034303430343034303430343,last=0
out:20,36:0x03440344034403440344034403440344,last=0
out:20,37:0x03450345034503450345034503450345,last=0
out:20,38:0x03460346034603460346034603460346,last=0
out:20,39:0x03470347034703470347034703470347,last=0
out:21,0:0x03480348034803480348034803480348,last=0
out:21,1:0x03490349034903490349034903490349,last=0
out:21,2:0x034A034A034A034A034A034A034A034A,last=0
out:21,3:0x034B034B034B034B034B034B034B034B,last=0
out:21,4:0x034C034C034C034C034C034C034C034C,last=0
out:21,5:0x034D034D034D034D034D034D034D034D,last=0
out:21,6:0x034E034E034E034E034E034E034E034E,last=0
out:21,7:0x034F034F034F034F034F034F034F034F,last=0
out:21,8:0x03500350035003500350035003500350,last=0
out:21,9:0x03510351035103510351035103510351,last=0
out:21,10:0x03520352035203520352035203520352,last=0
out:21,11:0x03530353035303530353035303530353,last=0
out:21,12:0x03540354035403540354035403540354,last=0
out:21,13:0x03550355035503550355035503550355,last=0
out:21,14:0x03560356035603560356035603560356,last=0
out:21,15:0x03570357035703570357035703570357,last=0
out:21,16:0x03580358035803580358035803580358,last=0
out:21,17:0x03590359035903590359035903590359,last=0
out:21,18:0x035A035A035A035A035A035A035A035A,last=0
out:21,19:0x035B035B035B035B035B035B035B035B,last=0
out:21,20:0x035C035C035C035C035C035C035C035C,last=0
out:21,21:0x035D035D035D035D035D035D035D035D,last=0
out:21,22:0x035E035E035E035E035E035E035E035E,last=0
out:21,23:0x035F035F035F035F035F035F035F035F,last=0
out:21,24:0x03600360036003600360036003600360,last=0
out:21,25:0x03610361036103610361036103610361,last=0
out:21,26:0x03620362036203620362036203620362,last=0
out:21,27:0x03630363036303630363036303630363,last=0
out:21,28:0x03640364036403640364036403640364,last=0
out:21,29:0x03650365036503650365036503650365,last=0
out:21,30:0x03660366036603660366036603660366,last=0
out:21,31:0x03670367036703670367036703670367,last=0
out:21,32:0x03680368036803680368036803680368,last=0
out:21,33:0x03690369036903690369036903690369,last=0
out:21,34:0x036A036A036A036A036A036A036A036A,last=0
out:21,35:0x036B036B036B036B036B036B036B036B,last=0
out:21,36:0x036C036C036C036C036C036C036C036C,last=0
out:21,37:0x036D036D036D036D036D036D036D036D,last=0
out:21,38:0x036E036E036E036E036E036E036E036E,last=0
out:21,39:0x036F036F036F036F036F036F036F036F,last=0
out:22,0:0x03700370037003700370037003700370,last=0
out:22,1:0x03710371037103710371037103710371,last=0
out:22,2:0x03720372037203720372037203720372,last=0
out:22,3:0x03730373037303730373037303730373,last=0
out:22,4:0x03740374037403740374037403740374,last=0
out:22,5:0x03750375037503750375037503750375,last=0
out:22,6:0x03760376037603760376037603760376,last=0
out:22,7:0x03770377037703770377037703770377,last=0
out:22,8:0x03780378037803780378037803780378,last=0
out:22,9:0x03790379037903790379037903790379,last=0
out:22,10:0x037A037A037A037A037A037A037A037A,last=0
out:22,11:0x037B037B037B037B037B037B037B037B,last=0
out:22,12:0x037C037C037C037C037C037C037C037C,last=0
out:22,13:0x037D037D037D037D037D037D037D037D,last=0
out:22,14:0x037E037E037E037E037E037E037E037E,last=0
out:22,15:0x037F037F037F037F037F037F037F037F,last=0
out:22,16:0x03800380038003800380038003800380,last=0
out:22,17:0x03810381038103810381038103810381,last=0
out:22,18:0x03820382038203820382038203820382,last=0
out:22,19:0x03830383038303830383038303830383,last=0
out:22,20:0x03840384038403840384038403840384,last=0
out:22,21:0x03850385038503850385038503850385,last=0
out:22,22:0x03860386038603860386038603860386,last=0
out:22,23:0x03870387038703870387038703870387,last=0
out:22,24:0x03880388038803880388038803880388,last=0
out:22,25:0x03890389038903890389038903890389,last=0
out:22,26:0x038A038A038A038A038A038A038A038A,last=0
out:22,27:0x038B038B038B038B038B038B038B038B,last=0
out:22,28:0x038C038C038C038C038C038C038C038C,last=0
out:22,29:0x038D038D038D038D038D038D038D038D,last=0
out:22,30:0x038E038E038E038E038E038E038E038E,last=0
out:22,31:0x038F038F038F038F038F038F038F038F,last=0
out:22,32:0x03900390039003900390039003900390,last=0
out:22,33:0x03910391039103910391039103910391,last=0
out:22,34:0x03920392039203920392039203920392,last=0
out:22,35:0x03930393039303930393039303930393,last=0
out:22,36:0x03940394039403940394039403940394,last=0
out:22,37:0x03950395039503950395039503950395,last=0
out:22,38:0x03960396039603960396039603960396,last=0
out:22,39:0x03970397039703970397039703970397,last=0
out:23,0:0x03980398039803980398039803980398,last=0
out:23,1:0x03990399039903990399039903990399,last=0
out:23,2:0x039A039A039A039A039A039A039A039A,last=0
out:23,3:0x039B039B039B039B039B039B039B039B,last=0
out:23,4:0x039C039C039C039C039C039C039C039C,last=0
out:23,5:0x039D039D039D039D039D039D039D039D,last=0
out:23,6:0x039E039E039E039E039E039E039E039E,last=0
out:23,7:0x039F039F039F039F039F039F039F039F,last=0
out:23,8:0x03A003A003A003A003A003A003A003A0,last=0
out:23,9:0x03A103A103A103A103A103A103A103A1,last=0
out:23,10:0x03A203A203A203A203A203A203A203A2,last=0
out:23,11:0x03A303A303A303A303A303A303A303A3,last=0
out:23,12:0x03A403A403A403A403A403A403A403A4,last=0
out:23,13:0x03A503A503A503A503A503A503A503A5,last=0
out:23,14:0x03A603A603A603A603A603A603A603A6,last=0
out:23,15:0x03A703A703A703A703A703A703A703A7,last=0
out:23,16:0x03A803A803A803A803A803A803A803A8,last=0
out:23,17:0x03A903A903A903A903A903A903A903A9,last=0
out:23,18:0x03AA03AA03AA03AA03AA03AA03AA03AA,last=0
out:23,19:0x03AB03AB03AB03AB03AB03AB03AB03AB,last=0
out:23,20:0x03AC03AC03AC03AC03AC03AC03AC03AC,last=0
out:23,21:0x03AD03AD03AD03AD03AD03AD03AD03AD,last=0
out:23,22:0x03AE03AE03AE03AE03AE03AE03AE03AE,last=0
out:23,23:0x03AF03AF03AF03AF03AF03AF03AF03AF,last=0
out:23,24:0x03B003B003B003B003B003B003B003B0,last=0
out:23,25:0x03B103B103B103B103B103B103B103B1,last=0
out:23,26:0x03B203B203B203B203B203B203B203B2,last=0
out:23,27:0x03B303B303B303B303B303B303B303B3,last=0
out:23,28:0x03B403B403B403B403B403B403B403B4,last=0
out:23,29:0x03B503B503B503B503B503B503B503B5,last=0
out:23,30:0x03B603B603B603B603B603B603B603B6,last=0
out:23,31:0x03B703B703B703B703B703B703B703B7,last=0
out:23,32:0x03B803B803B803B803B803B803B803B8,last=0
out:23,33:0x03B903B903B903B903B903B903B903B9,last=0
out:23,34:0x03BA03BA03BA03BA03BA03BA03BA03BA,last=0
out:23,35:0x03BB03BB03BB03BB03BB03BB03BB03BB,last=0
out:23,36:0x03BC03BC03BC03BC03BC03BC03BC03BC,last=0
out:23,37:0x03BD03BD03BD03BD03BD03BD03BD03BD,last=0
out:23,38:0x03BE03BE03BE03BE03BE03BE03BE03BE,last=0
out:23,39:0x03BF03BF03BF03BF03BF03BF03BF03BF,last=0
out:24,0:0x03C003C003C003C003C003C003C003C0,last=0
out:24,1:0x03C103C103C103C103C103C103C103C1,last=0
out:24,2:0x03C203C203C203C203C203C203C203C2,last=0
out:24,3:0x03C303C303C303C303C303C303C303C3,last=0
out:24,4:0x03C403C403C403C403C403C403C403C4,last=0
out:24,5:0x03C503C503C503C503C503C503C503C5,last=0
out:24,6:0x03C603C603C603C603C603C603C603C6,last=0
out:24,7:0x03C703C703C703C703C703C703C703C7,last=0
out:24,8:0x03C803C803C803C803C803C803C803C8,last=0
out:24,9:0x03C903C903C903C903C903C903C903C9,last=0
out:24,10:0x03CA03CA03CA03CA03CA03CA03CA03CA,last=0
out:24,11:0x03CB03CB03CB03CB03CB03CB03CB03CB,last=0
out:24,12:0x03CC03CC03CC03CC03CC03CC03CC03CC,last=0
out:24,13:0x03CD03CD03CD03CD03CD03CD03CD03CD,last=0
out:24,14:0x03CE03CE03CE03CE03CE03CE03CE03CE,last=0
out:24,15:0x03CF03CF03CF03CF03CF03CF03CF03CF,last=0
out:24,16:0x03D003D003D003D003D003D003D003D0,last=0
out:24,17:0x03D103D103D103D103D103D103D103D1,last=0
out:24,18:0x03D203D203D203D203D203D203D203D2,last=0
out:24,19:0x03D303D303D303D303D303D303D303D3,last=0
out:24,20:0x03D403D403D403D403D403D403D403D4,last=0
out:24,21:0x03D503D503D503D503D503D503D503D5,last=0
out:24,22:0x03D603D603D603D603D603D603D603D6,last=0
out:24,23:0x03D703D703D703D703D703D703D703D7,last=0
out:24,24:0x03D803D803D803D803D803D803D803D8,last=0
out:24,25:0x03D903D903D903D903D903D903D903D9,last=0
out:24,26:0x03DA03DA03DA03DA03DA03DA03DA03DA,last=0
out:24,27:0x03DB03DB03DB03DB03DB03DB03DB03DB,last=0
out:24,28:0x03DC03DC03DC03DC03DC03DC03DC03DC,last=0
out:24,29:0x03DD03DD03DD03DD03DD03DD03DD03DD,last=0
out:24,30:0x03DE03DE03DE03DE03DE03DE03DE03DE,last=0
out:24,31:0x03DF03DF03DF03DF03DF03DF03DF03DF,last=0
out:24,32:0x03E003E003E003E003E003E003E003E0,last=0
out:24,33:0x03E103E103E103E103E103E103E103E1,last=0
out:24,34:0x03E203E203E203E203E203E203E203E2,last=0
out:24,35:0x03E303E303E303E303E303E303E303E3,last=0
out:24,36:0x03E403E403E403E403E403E403E403E4,last=0
out:24,37:0x03E503E503E503E503E503E503E503E5,last=0
out:24,38:0x03E603E603E603E603E603E603E603E6,last=0
out:24,39:0x03E703E703E703E703E703E703E703E7,last=0
out:25,0:0x03E803E803E803E803E803E803E803E8,last=0
out:25,1:0x03E903E903E903E903E903E903E903E9,last=0
out:25,2:0x03EA03EA03EA03EA03EA03EA03EA03EA,last=0
out:25,3:0x03EB03EB03EB03EB03EB03EB03EB03EB,last=0
out:25,4:0x03EC03EC03EC03EC03EC03EC03EC03EC,last=0
out:25,5:0x03ED03ED03ED03ED03ED03ED03ED03ED,last=0
out:25,6:0x03EE03EE03EE03EE03EE03EE03EE03EE,last=0
out:25,7:0x03EF03EF03EF03EF03EF03EF03EF03EF,last=0
out:25,8:0x03F003F003F003F003F003F003F003F0,last=0
out:25,9:0x03F103F103F103F103F103F103F103F1,last=0
out:25,10:0x03F203F203F203F203F203F203F203F2,last=0
out:25,11:0x03F303F303F303F303F303F303F303F3,last=0
out:25,12:0x03F403F403F403F403F403F403F403F4,last=0
out:25,13:0x03F503F503F503F503F503F503F503F5,last=0
out:25,14:0x03F603F603F603F603F603F603F603F6,last=0
out:25,15:0x03F703F703F703F703F703F703F703F7,last=0
out:25,16:0x03F803F803F803F803F803F803F803F8,last=0
out:25,17:0x03F903F903F903F903F903F903F903F9,last=0
out:25,18:0x03FA03FA03FA03FA03FA03FA03FA03FA,last=0
out:25,19:0x03FB03FB03FB03FB03FB03FB03FB03FB,last=0
out:25,20:0x03FC03FC03FC03FC03FC03FC03FC03FC,last=0
out:25,21:0x03FD03FD03FD03FD03FD03FD03FD03FD,last=0
out:25,22:0x03FE03FE03FE03FE03FE03FE03FE03FE,last=0
out:25,23:0x03FF03FF03FF03FF03FF03FF03FF03FF,last=0
out:25,24:0x04000400040004000400040004000400,last=0
out:25,25:0x04010401040104010401040104010401,last=0
out:25,26:0x04020402040204020402040204020402,last=0
out:25,27:0x04030403040304030403040304030403,last=0
out:25,28:0x04040404040404040404040404040404,last=0
out:25,29:0x04050405040504050405040504050405,last=0
out:25,30:0x04060406040604060406040604060406,last=0
out:25,31:0x04070407040704070407040704070407,last=0
out:25,32:0x04080408040804080408040804080408,last=0
out:25,33:0x04090409040904090409040904090409,last=0
out:25,34:0x040A040A040A040A040A040A040A040A,last=0
out:25,35:0x040B040B040B040B040B040B040B040B,last=0
out:25,36:0x040C040C040C040C040C040C040C040C,last=0
out:25,37:0x040D040D040D040D040D040D040D040D,last=0
out:25,38:0x040E040E040E040E040E040E040E040E,last=0
out:25,39:0x040F040F040F040F040F040F040F040F,last=0
out:26,0:0x04100410041004100410041004100410,last=0
out:26,1:0x04110411041104110411041104110411,last=0
out:26,2:0x04120412041204120412041204120412,last=0
out:26,3:0x04130413041304130413041304130413,last=0
out:26,4:0x04140414041404140414041404140414,last=0
out:26,5:0x04150415041504150415041504150415,last=0
out:26,6:0x04160416041604160416041604160416,last=0
out:26,7:0x04170417041704170417041704170417,last=0
out:26,8:0x04180418041804180418041804180418,last=0
out:26,9:0x04190419041904190419041904190419,last=0
out:26,10:0x041A041A041A041A041A041A041A041A,last=0
out:26,11:0x041B041B041B041B041B041B041B041B,last=0
out:26,12:0x041C041C041C041C041C041C041C041C,last=0
out:26,13:0x041D041D041D041D041D041D041D041D,last=0
out:26,14:0x041E041E041E041E041E041E041E041E,last=0
out:26,15:0x041F041F041F041F041F041F041F041F,last=0
out:26,16:0x04200420042004200420042004200420,last=0
out:26,17:0x04210421042104210421042104210421,last=0
out:26,18:0x04220422042204220422042204220422,last=0
out:26,19:0x04230423042304230423042304230423,last=0
out:26,20:0x04240424042404240424042404240424,last=0
out:26,21:0x04250425042504250425042504250425,last=0
out:26,22:0x04260426042604260426042604260426,last=0
out:26,23:0x04270427042704270427042704270427,last=0
out:26,24:0x04280428042804280428042804280428,last=0
out:26,25:0x04290429042904290429042904290429,last=0
out:26,26:0x042A042A042A042A042A042A042A042A,last=0
out:26,27:0x042B042B042B042B042B042B042B042B,last=0
out:26,28:0x042C042C042C042C042C042C042C042C,last=0
out:26,29:0x042D042D042D042D042D042D042D042D,last=0
out:26,30:0x042E042E042E042E042E042E042E042E,last=0
out:26,31:0x042F042F042F042F042F042F042F042F,last=0
out:26,32:0x04300430043004300430043004300430,last=0
out:26,33:0x04310431043104310431043104310431,last=0
out:26,34:0x04320432043204320432043204320432,last=0
out:26,35:0x04330433043304330433043304330433,last=0
out:26,36:0x04340434043404340434043404340434,last=0
out:26,37:0x04350435043504350435043504350435,last=0
out:26,38:0x04360436043604360436043604360436,last=0
out:26,39:0x04370437043704370437043704370437,last=0
out:27,0:0x04380438043804380438043804380438,last=0
out:27,1:0x04390439043904390439043904390439,last=0
out:27,2:0x043A043A043A043A043A043A043A043A,last=0
out:27,3:0x043B043B043B043B043B043B043B043B,last=0
out:27,4:0x043C043C043C043C043C043C043C043C,last=0
out:27,5:0x043D043D043D043D043D043D043D043D,last=0
out:27,6:0x043E043E043E043E043E043E043E043E,last=0
out:27,7:0x043F043F043F043F043F043F043F043F,last=0
out:27,8:0x04400440044004400440044004400440,last=0
out:27,9:0x04410441044104410441044104410441,last=0
out:27,10:0x04420442044204420442044204420442,last=0
out:27,11:0x04430443044304430443044304430443,last=0
out:27,12:0x04440444044404440444044404440444,last=0
out:27,13:0x04450445044504450445044504450445,last=0
out:27,14:0x04460446044604460446044604460446,last=0
out:27,15:0x04470447044704470447044704470447,last=0
out:27,16:0x04480448044804480448044804480448,last=0
out:27,17:0x04490449044904490449044904490449,last=0
out:27,18:0x044A044A044A044A044A044A044A044A,last=0
out:27,19:0x044B044B044B044B044B044B044B044B,last=0
out:27,20:0x044C044C044C044C044C044C044C044C,last=0
out:27,21:0x044D044D044D044D044D044D044D044D,last=0
out:27,22:0x044E044E044E044E044E044E044E044E,last=0
out:27,23:0x044F044F044F044F044F044F044F044F,last=0
out:27,24:0x04500450045004500450045004500450,last=0
out:27,25:0x04510451045104510451045104510451,last=0
out:27,26:0x04520452045204520452045204520452,last=0
out:27,27:0x04530453045304530453045304530453,last=0
out:27,28:0x04540454045404540454045404540454,last=0
out:27,29:0x04550455045504550455045504550455,last=0
out:27,30:0x04560456045604560456045604560456,last=0
out:27,31:0x04570457045704570457045704570457,last=0
out:27,32:0x04580458045804580458045804580458,last=0
out:27,33:0x04590459045904590459045904590459,last=0
out:27,34:0x045A045A045A045A045A045A045A045A,last=0
out:27,35:0x045B045B045B045B045B045B045B045B,last=0
out:27,36:0x045C045C045C045C045C045C045C045C,last=0
out:27,37:0x045D045D045D045D045D045D045D045D,last=0
out:27,38:0x045E045E045E045E045E045E045E045E,last=0
out:27,39:0x045F045F045F045F045F045F045F045F,last=0
out:28,0:0x04600460046004600460046004600460,last=0
out:28,1:0x04610461046104610461046104610461,last=0
out:28,2:0x04620462046204620462046204620462,last=0
out:28,3:0x04630463046304630463046304630463,last=0
out:28,4:0x04640464046404640464046404640464,last=0
out:28,5:0x04650465046504650465046504650465,last=0
out:28,6:0x04660466046604660466046604660466,last=0
out:28,7:0x04670467046704670467046704670467,last=0
out:28,8:0x04680468046804680468046804680468,last=0
out:28,9:0x04690469046904690469046904690469,last=0
out:28,10:0x046A046A046A046A046A046A046A046A,last=0
out:28,11:0x046B046B046B046B046B046B046B046B,last=0
out:28,12:0x046C046C046C046C046C046C046C046C,last=0
out:28,13:0x046D046D046D046D046D046D046D046D,last=0
out:28,14:0x046E046E046E046E046E046E046E046E,last=0
out:28,15:0x046F046F046F046F046F046F046F046F,last=0
out:28,16:0x04700470047004700470047004700470,last=0
out:28,17:0x04710471047104710471047104710471,last=0
out:28,18:0x04720472047204720472047204720472,last=0
out:28,19:0x04730473047304730473047304730473,last=0
out:28,20:0x04740474047404740474047404740474,last=0
out:28,21:0x04750475047504750475047504750475,last=0
out:28,22:0x04760476047604760476047604760476,last=0
out:28,23:0x04770477047704770477047704770477,last=0
out:28,24:0x04780478047804780478047804780478,last=0
out:28,25:0x04790479047904790479047904790479,last=0
out:28,26:0x047A047A047A047A047A047A047A047A,last=0
out:28,27:0x047B047B047B047B047B047B047B047B,last=0
out:28,28:0x047C047C047C047C047C047C047C047C,last=0
out:28,29:0x047D047D047D047D047D047D047D047D,last=0
out:28,30:0x047E047E047E047E047E047E047E047E,last=0
out:28,31:0x047F047F047F047F047F047F047F047F,last=0
out:28,32:0x04800480048004800480048004800480,last=0
out:28,33:0x04810481048104810481048104810481,last=0
out:28,34:0x04820482048204820482048204820482,last=0
out:28,35:0x04830483048304830483048304830483,last=0
out:28,36:0x04840484048404840484048404840484,last=0
out:28,37:0x04850485048504850485048504850485,last=0
out:28,38:0x04860486048604860486048604860486,last=0
out:28,39:0x04870487048704870487048704870487,last=0
out:29,0:0x04880488048804880488048804880488,last=0
out:29,1:0x04890489048904890489048904890489,last=0
out:29,2:0x048A048A048A048A048A048A048A048A,last=0
out:29,3:0x048B048B048B048B048B048B048B048B,last=0
out:29,4:0x048C048C048C048C048C048C048C048C,last=0
out:29,5:0x048D048D048D048D048D048D048D048D,last=0
out:29,6:0x048E048E048E048E048E048E048E048E,last=0
out:29,7:0x048F048F048F048F048F048F048F048F,last=0
out:29,8:0x04900490049004900490049004900490,last=0
out:29,9:0x04910491049104910491049104910491,last=0
out:29,10:0x04920492049204920492049204920492,last=0
out:29,11:0x04930493049304930493049304930493,last=0
out:29,12:0x04940494049404940494049404940494,last=0
out:29,13:0x04950495049504950495049504950495,last=0
out:29,14:0x04960496049604960496049604960496,last=0
out:29,15:0x04970497049704970497049704970497,last=0
out:29,16:0x04980498049804980498049804980498,last=0
out:29,17:0x04990499049904990499049904990499,last=0
out:29,18:0x049A049A049A049A049A049A049A049A,last=0
out:29,19:0x049B049B049B049B049B049B049B049B,last=0
out:29,20:0x049C049C049C049C049C049C049C049C,last=0
out:29,21:0x049D049D049D049D049D049D049D049D,last=0
out:29,22:0x049E049E049E049E049E049E049E049E,last=0
out:29,23:0x049F049F049F049F049F049F049F049F,last=0
out:29,24:0x04A004A004A004A004A004A004A004A0,last=0
out:29,25:0x04A104A104A104A104A104A104A104A1,last=0
out:29,26:0x04A204A204A204A204A204A204A204A2,last=0
out:29,27:0x04A304A304A304A304A304A304A304A3,last=0
out:29,28:0x04A404A404A404A404A404A404A404A4,last=0
out:29,29:0x04A504A504A504A504A504A504A504A5,last=0
out:29,30:0x04A604A604A604A604A604A604A604A6,last=0
out:29,31:0x04A704A704A704A704A704A704A704A7,last=0
out:29,32:0x04A804A804A804A804A804A804A804A8,last=0
out:29,33:0x04A904A904A904A904A904A904A904A9,last=0
out:29,34:0x04AA04AA04AA04AA04AA04AA04AA04AA,last=0
out:29,35:0x04AB04AB04AB04AB04AB04AB04AB04AB,last=0
out:29,36:0x04AC04AC04AC04AC04AC04AC04AC04AC,last=0
out:29,37:0x04AD04AD04AD04AD04AD04AD04AD04AD,last=0
out:29,38:0x04AE04AE04AE04AE04AE04AE04AE04AE,last=0
out:29,39:0x04AF04AF04AF04AF04AF04AF04AF04AF,last=0
out:30,0:0x04B004B004B004B004B004B004B004B0,last=0
out:30,1:0x04B104B104B104B104B104B104B104B1,last=0
out:30,2:0x04B204B204B204B204B204B204B204B2,last=0
out:30,3:0x04B304B304B304B304B304B304B304B3,last=0
out:30,4:0x04B404B404B404B404B404B404B404B4,last=0
out:30,5:0x04B504B504B504B504B504B504B504B5,last=0
out:30,6:0x04B604B604B604B604B604B604B604B6,last=0
out:30,7:0x04B704B704B704B704B704B704B704B7,last=0
out:30,8:0x04B804B804B804B804B804B804B804B8,last=0
out:30,9:0x04B904B904B904B904B904B904B904B9,last=0
out:30,10:0x04BA04BA04BA04BA04BA04BA04BA04BA,last=0
out:30,11:0x04BB04BB04BB04BB04BB04BB04BB04BB,last=0
out:30,12:0x04BC04BC04BC04BC04BC04BC04BC04BC,last=0
out:30,13:0x04BD04BD04BD04BD04BD04BD04BD04BD,last=0
out:30,14:0x04BE04BE04BE04BE04BE04BE04BE04BE,last=0
out:30,15:0x04BF04BF04BF04BF04BF04BF04BF04BF,last=0
out:30,16:0x04C004C004C004C004C004C004C004C0,last=0
out:30,17:0x04C104C104C104C104C104C104C104C1,last=0
out:30,18:0x04C204C204C204C204C204C204C204C2,last=0
out:30,19:0x04C304C304C304C304C304C304C304C3,last=0
out:30,20:0x04C404C404C404C404C404C404C404C4,last=0
out:30,21:0x04C504C504C504C504C504C504C504C5,last=0
out:30,22:0x04C604C604C604C604C604C604C604C6,last=0
out:30,23:0x04C704C704C704C704C704C704C704C7,last=0
out:30,24:0x04C804C804C804C804C804C804C804C8,last=0
out:30,25:0x04C904C904C904C904C904C904C904C9,last=0
out:30,26:0x04CA04CA04CA04CA04CA04CA04CA04CA,last=0
out:30,27:0x04CB04CB04CB04CB04CB04CB04CB04CB,last=0
out:30,28:0x04CC04CC04CC04CC04CC04CC04CC04CC,last=0
out:30,29:0x04CD04CD04CD04CD04CD04CD04CD04CD,last=0
out:30,30:0x04CE04CE04CE04CE04CE04CE04CE04CE,last=0
out:30,31:0x04CF04CF04CF04CF04CF04CF04CF04CF,last=0
out:30,32:0x04D004D004D004D004D004D004D004D0,last=0
out:30,33:0x04D104D104D104D104D104D104D104D1,last=0
out:30,34:0x04D204D204D204D204D204D204D204D2,last=0
out:30,35:0x04D304D304D304D304D304D304D304D3,last=0
out:30,36:0x04D404D404D404D404D404D404D404D4,last=0
out:30,37:0x04D504D504D504D504D504D504D504D5,last=0
out:30,38:0x04D604D604D604D604D604D604D604D6,last=0
out:30,39:0x04D704D704D704D704D704D704D704D7,last=0
out:31,0:0x04D804D804D804D804D804D804D804D8,last=0
out:31,1:0x04D904D904D904D904D904D904D904D9,last=0
out:31,2:0x04DA04DA04DA04DA04DA04DA04DA04DA,last=0
out:31,3:0x04DB04DB04DB04DB04DB04DB04DB04DB,last=0
out:31,4:0x04DC04DC04DC04DC04DC04DC04DC04DC,last=0
out:31,5:0x04DD04DD04DD04DD04DD04DD04DD04DD,last=0
out:31,6:0x04DE04DE04DE04DE04DE04DE04DE04DE,last=0
out:31,7:0x04DF04DF04DF04DF04DF04DF04DF04DF,last=0
out:31,8:0x04E004E004E004E004E004E004E004E0,last=0
out:31,9:0x04E104E104E104E104E104E104E104E1,last=0
out:31,10:0x04E204E204E204E204E204E204E204E2,last=0
out:31,11:0x04E304E304E304E304E304E304E304E3,last=0
out:31,12:0x04E404E404E404E404E404E404E404E4,last=0
out:31,13:0x04E504E504E504E504E504E504E504E5,last=0
out:31,14:0x04E604E604E604E604E604E604E604E6,last=0
out:31,15:0x04E704E704E704E704E704E704E704E7,last=0
out:31,16:0x04E804E804E804E804E804E804E804E8,last=0
out:31,17:0x04E904E904E904E904E904E904E904E9,last=0
out:31,18:0x04EA04EA04EA04EA04EA04EA04EA04EA,last=0
out:31,19:0x04EB04EB04EB04EB04EB04EB04EB04EB,last=0
out:31,20:0x04EC04EC04EC04EC04EC04EC04EC04EC,last=0
out:31,21:0x04ED04ED04ED04ED04ED04ED04ED04ED,last=0
out:31,22:0x04EE04EE04EE04EE04EE04EE04EE04EE,last=0
out:31,23:0x04EF04EF04EF04EF04EF04EF04EF04EF,last=0
out:31,24:0x04F004F004F004F004F004F004F004F0,last=0
out:31,25:0x04F104F104F104F104F104F104F104F1,last=0
out:31,26:0x04F204F204F204F204F204F204F204F2,last=0
out:31,27:0x04F304F304F304F304F304F304F304F3,last=0
out:31,28:0x04F404F404F404F404F404F404F404F4,last=0
out:31,29:0x04F504F504F504F504F504F504F504F5,last=0
out:31,30:0x04F604F604F604F604F604F604F604F6,last=0
out:31,31:0x04F704F704F704F704F704F704F704F7,last=0
out:31,32:0x04F804F804F804F804F804F804F804F8,last=0
out:31,33:0x04F904F904F904F904F904F904F904F9,last=0
out:31,34:0x04FA04FA04FA04FA04FA04FA04FA04FA,last=0
out:31,35:0x04FB04FB04FB04FB04FB04FB04FB04FB,last=0
out:31,36:0x04FC04FC04FC04FC04FC04FC04FC04FC,last=0
out:31,37:0x04FD04FD04FD04FD04FD04FD04FD04FD,last=0
out:31,38:0x04FE04FE04FE04FE04FE04FE04FE04FE,last=0
out:31,39:0x04FF04FF04FF04FF04FF04FF04FF04FF,last=0
out:32,0:0x05000500050005000500050005000500,last=0
out:32,1:0x05010501050105010501050105010501,last=0
out:32,2:0x05020502050205020502050205020502,last=0
out:32,3:0x05030503050305030503050305030503,last=0
out:32,4:0x05040504050405040504050405040504,last=0
out:32,5:0x05050505050505050505050505050505,last=0
out:32,6:0x05060506050605060506050605060506,last=0
out:32,7:0x05070507050705070507050705070507,last=0
out:32,8:0x05080508050805080508050805080508,last=0
out:32,9:0x05090509050905090509050905090509,last=0
out:32,10:0x050A050A050A050A050A050A050A050A,last=0
out:32,11:0x050B050B050B050B050B050B050B050B,last=0
out:32,12:0x050C050C050C050C050C050C050C050C,last=0
out:32,13:0x050D050D050D050D050D050D050D050D,last=0
out:32,14:0x050E050E050E050E050E050E050E050E,last=0
out:32,15:0x050F050F050F050F050F050F050F050F,last=0
out:32,16:0x05100510051005100510051005100510,last=0
out:32,17:0x05110511051105110511051105110511,last=0
out:32,18:0x05120512051205120512051205120512,last=0
out:32,19:0x05130513051305130513051305130513,last=0
out:32,20:0x05140514051405140514051405140514,last=0
out:32,21:0x05150515051505150515051505150515,last=0
out:32,22:0x05160516051605160516051605160516,last=0
out:32,23:0x05170517051705170517051705170517,last=0
out:32,24:0x05180518051805180518051805180518,last=0
out:32,25:0x05190519051905190519051905190519,last=0
out:32,26:0x051A051A051A051A051A051A051A051A,last=0
out:32,27:0x051B051B051B051B051B051B051B051B,last=0
out:32,28:0x051C051C051C051C051C051C051C051C,last=0
out:32,29:0x051D051D051D051D051D051D051D051D,last=0
out:32,30:0x051E051E051E051E051E051E051E051E,last=0
out:32,31:0x051F051F051F051F051F051F051F051F,last=0
out:32,32:0x05200520052005200520052005200520,last=0
out:32,33:0x05210521052105210521052105210521,last=0
out:32,34:0x05220522052205220522052205220522,last=0
out:32,35:0x05230523052305230523052305230523,last=0
out:32,36:0x05240524052405240524052405240524,last=0
out:32,37:0x05250525052505250525052505250525,last=0
out:32,38:0x05260526052605260526052605260526,last=0
out:32,39:0x05270527052705270527052705270527,last=0
out:33,0:0x05280528052805280528052805280528,last=0
out:33,1:0x05290529052905290529052905290529,last=0
out:33,2:0x052A052A052A052A052A052A052A052A,last=0
out:33,3:0x052B052B052B052B052B052B052B052B,last=0
out:33,4:0x052C052C052C052C052C052C052C052C,last=0
out:33,5:0x052D052D052D052D052D052D052D052D,last=0
out:33,6:0x052E052E052E052E052E052E052E052E,last=0
out:33,7:0x052F052F052F052F052F052F052F052F,last=0
out:33,8:0x05300530053005300530053005300530,last=0
out:33,9:0x05310531053105310531053105310531,last=0
out:33,10:0x05320532053205320532053205320532,last=0
out:33,11:0x05330533053305330533053305330533,last=0
out:33,12:0x05340534053405340534053405340534,last=0
out:33,13:0x05350535053505350535053505350535,last=0
out:33,14:0x05360536053605360536053605360536,last=0
out:33,15:0x05370537053705370537053705370537,last=0
out:33,16:0x05380538053805380538053805380538,last=0
out:33,17:0x05390539053905390539053905390539,last=0
out:33,18:0x053A053A053A053A053A053A053A053A,last=0
out:33,19:0x053B053B053B053B053B053B053B053B,last=0
out:33,20:0x053C053C053C053C053C053C053C053C,last=0
out:33,21:0x053D053D053D053D053D053D053D053D,last=0
out:33,22:0x053E053E053E053E053E053E053E053E,last=0
out:33,23:0x053F053F053F053F053F053F053F053F,last=0
out:33,24:0x05400540054005400540054005400540,last=0
out:33,25:0x05410541054105410541054105410541,last=0
out:33,26:0x05420542054205420542054205420542,last=0
out:33,27:0x05430543054305430543054305430543,last=0
out:33,28:0x05440544054405440544054405440544,last=0
out:33,29:0x05450545054505450545054505450545,last=0
out:33,30:0x05460546054605460546054605460546,last=0
out:33,31:0x05470547054705470547054705470547,last=0
out:33,32:0x05480548054805480548054805480548,last=0
out:33,33:0x05490549054905490549054905490549,last=0
out:33,34:0x054A054A054A054A054A054A054A054A,last=0
out:33,35:0x054B054B054B054B054B054B054B054B,last=0
out:33,36:0x054C054C054C054C054C054C054C054C,last=0
out:33,37:0x054D054D054D054D054D054D054D054D,last=0
out:33,38:0x054E054E054E054E054E054E054E054E,last=0
out:33,39:0x054F054F054F054F054F054F054F054F,last=0
out:34,0:0x05500550055005500550055005500550,last=0
out:34,1:0x05510551055105510551055105510551,last=0
out:34,2:0x05520552055205520552055205520552,last=0
out:34,3:0x05530553055305530553055305530553,last=0
out:34,4:0x05540554055405540554055405540554,last=0
out:34,5:0x05550555055505550555055505550555,last=0
out:34,6:0x05560556055605560556055605560556,last=0
out:34,7:0x05570557055705570557055705570557,last=0
out:34,8:0x05580558055805580558055805580558,last=0
out:34,9:0x05590559055905590559055905590559,last=0
out:34,10:0x055A055A055A055A055A055A055A055A,last=0
out:34,11:0x055B055B055B055B055B055B055B055B,last=0
out:34,12:0x055C055C055C055C055C055C055C055C,last=0
out:34,13:0x055D055D055D055D055D055D055D055D,last=0
out:34,14:0x055E055E055E055E055E055E055E055E,last=0
out:34,15:0x055F055F055F055F055F055F055F055F,last=0
out:34,16:0x05600560056005600560056005600560,last=0
out:34,17:0x05610561056105610561056105610561,last=0
out:34,18:0x05620562056205620562056205620562,last=0
out:34,19:0x05630563056305630563056305630563,last=0
out:34,20:0x05640564056405640564056405640564,last=0
out:34,21:0x05650565056505650565056505650565,last=0
out:34,22:0x05660566056605660566056605660566,last=0
out:34,23:0x05670567056705670567056705670567,last=0
out:34,24:0x05680568056805680568056805680568,last=0
out:34,25:0x05690569056905690569056905690569,last=0
out:34,26:0x056A056A056A056A056A056A056A056A,last=0
out:34,27:0x056B056B056B056B056B056B056B056B,last=0
out:34,28:0x056C056C056C056C056C056C056C056C,last=0
out:34,29:0x056D056D056D056D056D056D056D056D,last=0
out:34,30:0x056E056E056E056E056E056E056E056E,last=0
out:34,31:0x056F056F056F056F056F056F056F056F,last=0
out:34,32:0x05700570057005700570057005700570,last=0
out:34,33:0x05710571057105710571057105710571,last=0
out:34,34:0x05720572057205720572057205720572,last=0
out:34,35:0x05730573057305730573057305730573,last=0
out:34,36:0x05740574057405740574057405740574,last=0
out:34,37:0x05750575057505750575057505750575,last=0
out:34,38:0x05760576057605760576057605760576,last=0
out:34,39:0x05770577057705770577057705770577,last=0
out:35,0:0x05780578057805780578057805780578,last=0
out:35,1:0x05790579057905790579057905790579,last=0
out:35,2:0x057A057A057A057A057A057A057A057A,last=0
out:35,3:0x057B057B057B057B057B057B057B057B,last=0
out:35,4:0x057C057C057C057C057C057C057C057C,last=0
out:35,5:0x057D057D057D057D057D057D057D057D,last=0
out:35,6:0x057E057E057E057E057E057E057E057E,last=0
out:35,7:0x057F057F057F057F057F057F057F057F,last=0
out:35,8:0x05800580058005800580058005800580,last=0
out:35,9:0x05810581058105810581058105810581,last=0
out:35,10:0x05820582058205820582058205820582,last=0
out:35,11:0x05830583058305830583058305830583,last=0
out:35,12:0x05840584058405840584058405840584,last=0
out:35,13:0x05850585058505850585058505850585,last=0
out:35,14:0x05860586058605860586058605860586,last=0
out:35,15:0x05870587058705870587058705870587,last=0
out:35,16:0x05880588058805880588058805880588,last=0
out:35,17:0x05890589058905890589058905890589,last=0
out:35,18:0x058A058A058A058A058A058A058A058A,last=0
out:35,19:0x058B058B058B058B058B058B058B058B,last=0
out:35,20:0x058C058C058C058C058C058C058C058C,last=0
out:35,21:0x058D058D058D058D058D058D058D058D,last=0
out:35,22:0x058E058E058E058E058E058E058E058E,last=0
out:35,23:0x058F058F058F058F058F058F058F058F,last=0
out:35,24:0x05900590059005900590059005900590,last=0
out:35,25:0x05910591059105910591059105910591,last=0
out:35,26:0x05920592059205920592059205920592,last=0
out:35,27:0x05930593059305930593059305930593,last=0
out:35,28:0x05940594059405940594059405940594,last=0
out:35,29:0x05950595059505950595059505950595,last=0
out:35,30:0x05960596059605960596059605960596,last=0
out:35,31:0x05970597059705970597059705970597,last=0
out:35,32:0x05980598059805980598059805980598,last=0
out:35,33:0x05990599059905990599059905990599,last=0
out:35,34:0x059A059A059A059A059A059A059A059A,last=0
out:35,35:0x059B059B059B059B059B059B059B059B,last=0
out:35,36:0x059C059C059C059C059C059C059C059C,last=0
out:35,37:0x059D059D059D059D059D059D059D059D,last=0
out:35,38:0x059E059E059E059E059E059E059E059E,last=0
out:35,39:0x059F059F059F059F059F059F059F059F,last=0
out:36,0:0x05A005A005A005A005A005A005A005A0,last=0
out:36,1:0x05A105A105A105A105A105A105A105A1,last=0
out:36,2:0x05A205A205A205A205A205A205A205A2,last=0
out:36,3:0x05A305A305A305A305A305A305A305A3,last=0
out:36,4:0x05A405A405A405A405A405A405A405A4,last=0
out:36,5:0x05A505A505A505A505A505A505A505A5,last=0
out:36,6:0x05A605A605A605A605A605A605A605A6,last=0
out:36,7:0x05A705A705A705A705A705A705A705A7,last=0
out:36,8:0x05A805A805A805A805A805A805A805A8,last=0
out:36,9:0x05A905A905A905A905A905A905A905A9,last=0
out:36,10:0x05AA05AA05AA05AA05AA05AA05AA05AA,last=0
out:36,11:0x05AB05AB05AB05AB05AB05AB05AB05AB,last=0
out:36,12:0x05AC05AC05AC05AC05AC05AC05AC05AC,last=0
out:36,13:0x05AD05AD05AD05AD05AD05AD05AD05AD,last=0
out:36,14:0x05AE05AE05AE05AE05AE05AE05AE05AE,last=0
out:36,15:0x05AF05AF05AF05AF05AF05AF05AF05AF,last=0
out:36,16:0x05B005B005B005B005B005B005B005B0,last=0
out:36,17:0x05B105B105B105B105B105B105B105B1,last=0
out:36,18:0x05B205B205B205B205B205B205B205B2,last=0
out:36,19:0x05B305B305B305B305B305B305B305B3,last=0
out:36,20:0x05B405B405B405B405B405B405B405B4,last=0
out:36,21:0x05B505B505B505B505B505B505B505B5,last=0
out:36,22:0x05B605B605B605B605B605B605B605B6,last=0
out:36,23:0x05B705B705B705B705B705B705B705B7,last=0
out:36,24:0x05B805B805B805B805B805B805B805B8,last=0
out:36,25:0x05B905B905B905B905B905B905B905B9,last=0
out:36,26:0x05BA05BA05BA05BA05BA05BA05BA05BA,last=0
out:36,27:0x05BB05BB05BB05BB05BB05BB05BB05BB,last=0
out:36,28:0x05BC05BC05BC05BC05BC05BC05BC05BC,last=0
out:36,29:0x05BD05BD05BD05BD05BD05BD05BD05BD,last=0
out:36,30:0x05BE05BE05BE05BE05BE05BE05BE05BE,last=0
out:36,31:0x05BF05BF05BF05BF05BF05BF05BF05BF,last=0
out:36,32:0x05C005C005C005C005C005C005C005C0,last=0
out:36,33:0x05C105C105C105C105C105C105C105C1,last=0
out:36,34:0x05C205C205C205C205C205C205C205C2,last=0
out:36,35:0x05C305C305C305C305C305C305C305C3,last=0
out:36,36:0x05C405C405C405C405C405C405C405C4,last=0
out:36,37:0x05C505C505C505C505C505C505C505C5,last=0
out:36,38:0x05C605C605C605C605C605C605C605C6,last=0
out:36,39:0x05C705C705C705C705C705C705C705C7,last=0
out:37,0:0x05C805C805C805C805C805C805C805C8,last=0
out:37,1:0x05C905C905C905C905C905C905C905C9,last=0
out:37,2:0x05CA05CA05CA05CA05CA05CA05CA05CA,last=0
out:37,3:0x05CB05CB05CB05CB05CB05CB05CB05CB,last=0
out:37,4:0x05CC05CC05CC05CC05CC05CC05CC05CC,last=0
out:37,5:0x05CD05CD05CD05CD05CD05CD05CD05CD,last=0
out:37,6:0x05CE05CE05CE05CE05CE05CE05CE05CE,last=0
out:37,7:0x05CF05CF05CF05CF05CF05CF05CF05CF,last=0
out:37,8:0x05D005D005D005D005D005D005D005D0,last=0
out:37,9:0x05D105D105D105D105D105D105D105D1,last=0
out:37,10:0x05D205D205D205D205D205D205D205D2,last=0
out:37,11:0x05D305D305D305D305D305D305D305D3,last=0
out:37,12:0x05D405D405D405D405D405D405D405D4,last=0
out:37,13:0x05D505D505D505D505D505D505D505D5,last=0
out:37,14:0x05D605D605D605D605D605D605D605D6,last=0
out:37,15:0x05D705D705D705D705D705D705D705D7,last=0
out:37,16:0x05D805D805D805D805D805D805D805D8,last=0
out:37,17:0x05D905D905D905D905D905D905D905D9,last=0
out:37,18:0x05DA05DA05DA05DA05DA05DA05DA05DA,last=0
out:37,19:0x05DB05DB05DB05DB05DB05DB05DB05DB,last=0
out:37,20:0x05DC05DC05DC05DC05DC05DC05DC05DC,last=0
out:37,21:0x05DD05DD05DD05DD05DD05DD05DD05DD,last=0
out:37,22:0x05DE05DE05DE05DE05DE05DE05DE05DE,last=0
out:37,23:0x05DF05DF05DF05DF05DF05DF05DF05DF,last=0
out:37,24:0x05E005E005E005E005E005E005E005E0,last=0
out:37,25:0x05E105E105E105E105E105E105E105E1,last=0
out:37,26:0x05E205E205E205E205E205E205E205E2,last=0
out:37,27:0x05E305E305E305E305E305E305E305E3,last=0
out:37,28:0x05E405E405E405E405E405E405E405E4,last=0
out:37,29:0x05E505E505E505E505E505E505E505E5,last=0
out:37,30:0x05E605E605E605E605E605E605E605E6,last=0
out:37,31:0x05E705E705E705E705E705E705E705E7,last=0
out:37,32:0x05E805E805E805E805E805E805E805E8,last=0
out:37,33:0x05E905E905E905E905E905E905E905E9,last=0
out:37,34:0x05EA05EA05EA05EA05EA05EA05EA05EA,last=0
out:37,35:0x05EB05EB05EB05EB05EB05EB05EB05EB,last=0
out:37,36:0x05EC05EC05EC05EC05EC05EC05EC05EC,last=0
out:37,37:0x05ED05ED05ED05ED05ED05ED05ED05ED,last=0
out:37,38:0x05EE05EE05EE05EE05EE05EE05EE05EE,last=0
out:37,39:0x05EF05EF05EF05EF05EF05EF05EF05EF,last=0
out:38,0:0x05F005F005F005F005F005F005F005F0,last=0
out:38,1:0x05F105F105F105F105F105F105F105F1,last=0
out:38,2:0x05F205F205F205F205F205F205F205F2,last=0
out:38,3:0x05F305F305F305F305F305F305F305F3,last=0
out:38,4:0x05F405F405F405F405F405F405F405F4,last=0
out:38,5:0x05F505F505F505F505F505F505F505F5,last=0
out:38,6:0x05F605F605F605F605F605F605F605F6,last=0
out:38,7:0x05F705F705F705F705F705F705F705F7,last=0
out:38,8:0x05F805F805F805F805F805F805F805F8,last=0
out:38,9:0x05F905F905F905F905F905F905F905F9,last=0
out:38,10:0x05FA05FA05FA05FA05FA05FA05FA05FA,last=0
out:38,11:0x05FB05FB05FB05FB05FB05FB05FB05FB,last=0
out:38,12:0x05FC05FC05FC05FC05FC05FC05FC05FC,last=0
out:38,13:0x05FD05FD05FD05FD05FD05FD05FD05FD,last=0
out:38,14:0x05FE05FE05FE05FE05FE05FE05FE05FE,last=0
out:38,15:0x05FF05FF05FF05FF05FF05FF05FF05FF,last=0
out:38,16:0x06000600060006000600060006000600,last=0
out:38,17:0x06010601060106010601060106010601,last=0
out:38,18:0x06020602060206020602060206020602,last=0
out:38,19:0x06030603060306030603060306030603,last=0
out:38,20:0x06040604060406040604060406040604,last=0
out:38,21:0x06050605060506050605060506050605,last=0
out:38,22:0x06060606060606060606060606060606,last=0
out:38,23:0x06070607060706070607060706070607,last=0
out:38,24:0x06080608060806080608060806080608,last=0
out:38,25:0x06090609060906090609060906090609,last=0
out:38,26:0x060A060A060A060A060A060A060A060A,last=0
out:38,27:0x060B060B060B060B060B060B060B060B,last=0
out:38,28:0x060C060C060C060C060C060C060C060C,last=0
out:38,29:0x060D060D060D060D060D060D060D060D,last=0
out:38,30:0x060E060E060E060E060E060E060E060E,last=0
out:38,31:0x060F060F060F060F060F060F060F060F,last=0
out:38,32:0x06100610061006100610061006100610,last=0
out:38,33:0x06110611061106110611061106110611,last=0
out:38,34:0x06120612061206120612061206120612,last=0
out:38,35:0x06130613061306130613061306130613,last=0
out:38,36:0x06140614061406140614061406140614,last=0
out:38,37:0x06150615061506150615061506150615,last=0
out:38,38:0x06160616061606160616061606160616,last=0
out:38,39:0x06170617061706170617061706170617,last=0
out:39,0:0x06180618061806180618061806180618,last=0
out:39,1:0x06190619061906190619061906190619,last=0
out:39,2:0x061A061A061A061A061A061A061A061A,last=0
out:39,3:0x061B061B061B061B061B061B061B061B,last=0
out:39,4:0x061C061C061C061C061C061C061C061C,last=0
out:39,5:0x061D061D061D061D061D061D061D061D,last=0
out:39,6:0x061E061E061E061E061E061E061E061E,last=0
out:39,7:0x061F061F061F061F061F061F061F061F,last=0
out:39,8:0x06200620062006200620062006200620,last=0
out:39,9:0x06210621062106210621062106210621,last=0
out:39,10:0x06220622062206220622062206220622,last=0
out:39,11:0x06230623062306230623062306230623,last=0
out:39,12:0x06240624062406240624062406240624,last=0
out:39,13:0x06250625062506250625062506250625,last=0
out:39,14:0x06260626062606260626062606260626,last=0
out:39,15:0x06270627062706270627062706270627,last=0
out:39,16:0x06280628062806280628062806280628,last=0
out:39,17:0x06290629062906290629062906290629,last=0
out:39,18:0x062A062A062A062A062A062A062A062A,last=0
out:39,19:0x062B062B062B062B062B062B062B062B,last=0
out:39,20:0x062C062C062C062C062C062C062C062C,last=0
out:39,21:0x062D062D062D062D062D062D062D062D,last=0
out:39,22:0x062E062E062E062E062E062E062E062E,last=0
out:39,23:0x062F062F062F062F062F062F062F062F,last=0
out:39,24:0x06300630063006300630063006300630,last=0
out:39,25:0x06310631063106310631063106310631,last=0
out:39,26:0x06320632063206320632063206320632,last=0
out:39,27:0x06330633063306330633063306330633,last=0
out:39,28:0x06340634063406340634063406340634,last=0
out:39,29:0x06350635063506350635063506350635,last=0
out:39,30:0x06360636063606360636063606360636,last=0
out:39,31:0x06370637063706370637063706370637,last=0
out:39,32:0x06380638063806380638063806380638,last=0
out:39,33:0x06390639063906390639063906390639,last=0
out:39,34:0x063A063A063A063A063A063A063A063A,last=0
out:39,35:0x063B063B063B063B063B063B063B063B,last=0
out:39,36:0x063C063C063C063C063C063C063C063C,last=0
out:39,37:0x063D063D063D063D063D063D063D063D,last=0
out:39,38:0x063E063E063E063E063E063E063E063E,last=0
out:39,39:0x063F063F063F063F063F063F063F063F,last=1
INFO: [SIM 1] CSim done with 0 errors.
INFO: [SIM 3] *************** CSIM finish ***************
