INFO: [SIM 2] *************** CSIM start ***************
INFO: [SIM 4] CSIM will launch GCC as the compiler.
   Compiling ../../../main.cpp in debug mode
   Generating csim.exe
1234
OUT[0][0][0]=-25600
OUT[0][0][1]=-25600
OUT[0][0][2]=-25600
OUT[0][0][3]=-25600
OUT[0][0][4]=-25600
OUT[0][0][5]=-25600
OUT[0][1][0]=-25600
OUT[0][1][1]=-25600
OUT[0][1][2]=-25600
OUT[0][1][3]=-25600
OUT[0][1][4]=-25600
OUT[0][1][5]=-25600
OUT[0][2][0]=-25600
OUT[0][2][1]=-25600
OUT[0][2][2]=-25600
OUT[0][2][3]=-25600
OUT[0][2][4]=-25600
OUT[0][2][5]=-25600
OUT[0][3][0]=-25600
OUT[0][3][1]=-25600
OUT[0][3][2]=-25600
OUT[0][3][3]=-25600
OUT[0][3][4]=-25600
OUT[0][3][5]=-25600
OUT[0][4][0]=-25600
OUT[0][4][1]=-25600
OUT[0][4][2]=-25600
OUT[0][4][3]=-25600
OUT[0][4][4]=-25600
OUT[0][4][5]=-25600
OUT[0][5][0]=-25600
OUT[0][5][1]=-25600
OUT[0][5][2]=-25600
OUT[0][5][3]=-25600
OUT[0][5][4]=-25600
OUT[0][5][5]=-25600
INFO: [SIM 1] CSim done with 0 errors.
INFO: [SIM 3] *************** CSIM finish ***************
