

================================================================
== Vivado HLS Report for 'pool_2D'
================================================================
* Date:           Tue Aug 13 16:19:24 2019

* Version:        2018.1 (Build 2188600 on Wed Apr 04 19:04:02 MDT 2018)
* Project:        pool_stream
* Solution:       solution1
* Product family: zynq
* Target device:  xc7z010clg400-1


================================================================
== Performance Estimates
================================================================
+ Timing (ns): 
    * Summary: 
    +--------+-------+----------+------------+
    |  Clock | Target| Estimated| Uncertainty|
    +--------+-------+----------+------------+
    |ap_clk  |  50.00|     43.30|        6.25|
    +--------+-------+----------+------------+

+ Latency (clock cycles): 
    * Summary: 
    +-----+-----+-----+-----+---------+
    |  Latency  |  Interval | Pipeline|
    | min | max | min | max |   Type  |
    +-----+-----+-----+-----+---------+
    |  638|  638|  638|  638|   none  |
    +-----+-----+-----+-----+---------+

    + Detail: 
        * Instance: 
        N/A

        * Loop: 
        +----------+-----+-----+----------+-----------+-----------+------+----------+
        |          |  Latency  | Iteration|  Initiation Interval  | Trip |          |
        | Loop Name| min | max |  Latency |  achieved |   target  | Count| Pipelined|
        +----------+-----+-----+----------+-----------+-----------+------+----------+
        |- Loop 1  |  636|  636|        40|          3|          1|   200|    yes   |
        +----------+-----+-----+----------+-----------+-----------+------+----------+



================================================================
== Utilization Estimates
================================================================
* Summary: 
+-----------------+---------+-------+-------+-------+
|       Name      | BRAM_18K| DSP48E|   FF  |  LUT  |
+-----------------+---------+-------+-------+-------+
|DSP              |        -|      -|      -|      -|
|Expression       |        -|     13|      0|   6867|
|FIFO             |        -|      -|      -|      -|
|Instance         |        -|      -|   2434|   1854|
|Memory           |        8|      -|      0|      0|
|Multiplexer      |        -|      -|      -|    198|
|Register         |        0|      -|   1396|     32|
+-----------------+---------+-------+-------+-------+
|Total            |        8|     13|   3830|   8951|
+-----------------+---------+-------+-------+-------+
|Available        |      120|     80|  35200|  17600|
+-----------------+---------+-------+-------+-------+
|Utilization (%)  |        6|     16|     10|     50|
+-----------------+---------+-------+-------+-------+

+ Detail: 
    * Instance: 
    +-------------------------+----------------------+---------+-------+------+------+
    |         Instance        |        Module        | BRAM_18K| DSP48E|  FF  |  LUT |
    +-------------------------+----------------------+---------+-------+------+------+
    |pool_srem_33ns_32bkb_U9  |pool_srem_33ns_32bkb  |        0|      0|  2434|  1854|
    +-------------------------+----------------------+---------+-------+------+------+
    |Total                    |                      |        0|      0|  2434|  1854|
    +-------------------------+----------------------+---------+-------+------+------+

    * DSP48: 
    N/A

    * Memory: 
    +---------+---------------+---------+---+----+------+-----+------+-------------+
    |  Memory |     Module    | BRAM_18K| FF| LUT| Words| Bits| Banks| W*Bits*Banks|
    +---------+---------------+---------+---+----+------+-----+------+-------------+
    |buf_V_U  |pool_2D_buf_V  |        8|  0|   0|   128|  128|     1|        16384|
    +---------+---------------+---------+---+----+------+-----+------+-------------+
    |Total    |               |        8|  0|   0|   128|  128|     1|        16384|
    +---------+---------------+---------+---+----+------+-----+------+-------------+

    * FIFO: 
    N/A

    * Expression: 
    +------------------------------------+----------+-------+---+-----+------------+------------+
    |            Variable Name           | Operation| DSP48E| FF| LUT | Bitwidth P0| Bitwidth P1|
    +------------------------------------+----------+-------+---+-----+------------+------------+
    |bound4_fu_381_p2                    |     *    |     10|  0|   47|          64|          32|
    |bound_fu_367_p2                     |     *    |      3|  0|   20|          32|          32|
    |i_1_dup_fu_443_p2                   |     +    |      0|  0|   38|          31|           1|
    |i_1_fu_393_p2                       |     +    |      0|  0|   38|          31|           1|
    |i_1_mid1_fu_449_p2                  |     +    |      0|  0|   38|          31|           2|
    |indvar_flatten_next1_fu_404_p2      |     +    |      0|  0|  103|          96|           1|
    |indvar_flatten_op_fu_502_p2         |     +    |      0|  0|   71|          64|           1|
    |j_op_fu_480_p2                      |     +    |      0|  0|   39|          32|           1|
    |ptr_fu_612_p2                       |     +    |      0|  0|   39|          32|           1|
    |ptr_tp_3_fu_532_p2                  |     +    |      0|  0|   39|          32|          32|
    |ptr_tp_6_fu_560_p2                  |     +    |      0|  0|   39|          32|          32|
    |ptr_tp_8_fu_588_p2                  |     +    |      0|  0|   39|          32|          32|
    |ptr_tp_4_fu_537_p2                  |     -    |      0|  0|   39|          32|          32|
    |ptr_tp_7_fu_565_p2                  |     -    |      0|  0|   39|          32|          32|
    |ptr_tp_9_fu_593_p2                  |     -    |      0|  0|   39|          32|          32|
    |tmp_fu_329_p2                       |     -    |      0|  0|   39|           8|          32|
    |ap_block_pp0_stage0_01001           |    and   |      0|  0|    2|           1|           1|
    |ap_block_pp0_stage2_11001           |    and   |      0|  0|    2|           1|           1|
    |ap_block_state37_pp0_stage2_iter11  |    and   |      0|  0|    2|           1|           1|
    |ap_block_state41_pp0_stage0_iter13  |    and   |      0|  0|    2|           1|           1|
    |exitcond_flatten1_fu_399_p2         |   icmp   |      0|  0|   50|          96|          96|
    |exitcond_flatten_fu_410_p2          |   icmp   |      0|  0|   29|          64|          64|
    |sel_tmp2_fu_341_p2                  |   icmp   |      0|  0|   18|          32|           2|
    |sel_tmp4_fu_347_p2                  |   icmp   |      0|  0|   18|          32|           2|
    |sel_tmp6_fu_353_p2                  |   icmp   |      0|  0|   18|          32|           1|
    |sel_tmp_fu_335_p2                   |   icmp   |      0|  0|   18|          32|           3|
    |tmp_11_fu_730_p2                    |   icmp   |      0|  0|   13|          16|          16|
    |tmp_12_fu_606_p2                    |   icmp   |      0|  0|   18|          32|           7|
    |tmp_13_1_fu_889_p2                  |   icmp   |      0|  0|   13|          16|          16|
    |tmp_13_2_fu_1048_p2                 |   icmp   |      0|  0|   13|          16|          16|
    |tmp_13_3_fu_1207_p2                 |   icmp   |      0|  0|   13|          16|          16|
    |tmp_13_4_fu_1391_p2                 |   icmp   |      0|  0|   13|          16|          16|
    |tmp_13_5_fu_1528_p2                 |   icmp   |      0|  0|   13|          16|          16|
    |tmp_13_6_fu_1669_p2                 |   icmp   |      0|  0|   13|          16|          16|
    |tmp_13_7_fu_1810_p2                 |   icmp   |      0|  0|   13|          16|          16|
    |tmp_14_fu_754_p2                    |   icmp   |      0|  0|   13|          16|          16|
    |tmp_15_1_fu_913_p2                  |   icmp   |      0|  0|   13|          16|          16|
    |tmp_15_2_fu_1072_p2                 |   icmp   |      0|  0|   13|          16|          16|
    |tmp_15_3_fu_1231_p2                 |   icmp   |      0|  0|   13|          16|          16|
    |tmp_15_4_fu_1412_p2                 |   icmp   |      0|  0|   13|          16|          16|
    |tmp_15_5_fu_1550_p2                 |   icmp   |      0|  0|   13|          16|          16|
    |tmp_15_6_fu_1691_p2                 |   icmp   |      0|  0|   13|          16|          16|
    |tmp_15_7_fu_1832_p2                 |   icmp   |      0|  0|   13|          16|          16|
    |tmp_16_fu_764_p2                    |   icmp   |      0|  0|   13|          16|          16|
    |tmp_17_1_fu_923_p2                  |   icmp   |      0|  0|   13|          16|          16|
    |tmp_17_2_fu_1082_p2                 |   icmp   |      0|  0|   13|          16|          16|
    |tmp_17_3_fu_1241_p2                 |   icmp   |      0|  0|   13|          16|          16|
    |tmp_17_4_fu_1422_p2                 |   icmp   |      0|  0|   13|          16|          16|
    |tmp_17_5_fu_1560_p2                 |   icmp   |      0|  0|   13|          16|          16|
    |tmp_17_6_fu_1701_p2                 |   icmp   |      0|  0|   13|          16|          16|
    |tmp_17_7_fu_1842_p2                 |   icmp   |      0|  0|   13|          16|          16|
    |tmp_17_fu_790_p2                    |   icmp   |      0|  0|   13|          16|          16|
    |tmp_18_1_fu_949_p2                  |   icmp   |      0|  0|   13|          16|          16|
    |tmp_18_2_fu_1108_p2                 |   icmp   |      0|  0|   13|          16|          16|
    |tmp_18_3_fu_1267_p2                 |   icmp   |      0|  0|   13|          16|          16|
    |tmp_18_4_fu_1445_p2                 |   icmp   |      0|  0|   13|          16|          16|
    |tmp_18_5_fu_1584_p2                 |   icmp   |      0|  0|   13|          16|          16|
    |tmp_18_6_fu_1725_p2                 |   icmp   |      0|  0|   13|          16|          16|
    |tmp_18_7_fu_1866_p2                 |   icmp   |      0|  0|   13|          16|          16|
    |tmp_19_fu_802_p2                    |   icmp   |      0|  0|   13|          16|          16|
    |tmp_20_1_fu_961_p2                  |   icmp   |      0|  0|   13|          16|          16|
    |tmp_20_2_fu_1120_p2                 |   icmp   |      0|  0|   13|          16|          16|
    |tmp_20_3_fu_1279_p2                 |   icmp   |      0|  0|   13|          16|          16|
    |tmp_20_4_fu_1455_p2                 |   icmp   |      0|  0|   13|          16|          16|
    |tmp_20_5_fu_1594_p2                 |   icmp   |      0|  0|   13|          16|          16|
    |tmp_20_6_fu_1735_p2                 |   icmp   |      0|  0|   13|          16|          16|
    |tmp_20_7_fu_1876_p2                 |   icmp   |      0|  0|   13|          16|          16|
    |tmp_20_fu_814_p2                    |   icmp   |      0|  0|   13|          16|          16|
    |tmp_21_1_fu_973_p2                  |   icmp   |      0|  0|   13|          16|          16|
    |tmp_21_2_fu_1132_p2                 |   icmp   |      0|  0|   13|          16|          16|
    |tmp_21_3_fu_1291_p2                 |   icmp   |      0|  0|   13|          16|          16|
    |tmp_21_4_fu_1467_p2                 |   icmp   |      0|  0|   13|          16|          16|
    |tmp_21_5_fu_1606_p2                 |   icmp   |      0|  0|   13|          16|          16|
    |tmp_21_6_fu_1747_p2                 |   icmp   |      0|  0|   13|          16|          16|
    |tmp_21_7_fu_1888_p2                 |   icmp   |      0|  0|   13|          16|          16|
    |tmp_2_fu_583_p2                     |   icmp   |      0|  0|   18|          32|          32|
    |tmp_4_fu_555_p2                     |   icmp   |      0|  0|   18|          32|          32|
    |tmp_5_fu_431_p2                     |   icmp   |      0|  0|   18|          32|          32|
    |tmp_5_mid_fu_387_p2                 |   icmp   |      0|  0|   18|          32|           1|
    |tmp_9_fu_521_p2                     |   icmp   |      0|  0|   18|          32|           1|
    |tmp_s_fu_527_p2                     |   icmp   |      0|  0|   18|          32|          32|
    |ap_block_state1                     |    or    |      0|  0|    2|           1|           1|
    |i_1_cast_mid2_fu_455_p3             |  select  |      0|  0|   31|           1|          31|
    |i_1_cast_mid_fu_423_p3              |  select  |      0|  0|   31|           1|           1|
    |i_mid2_fu_467_p3                    |  select  |      0|  0|   31|           1|          31|
    |i_mid_fu_415_p3                     |  select  |      0|  0|   31|           1|           1|
    |indvar_flatten_next_fu_508_p3       |  select  |      0|  0|   64|           1|           1|
    |j_1_fu_494_p3                       |  select  |      0|  0|   32|           1|          32|
    |j_mid212_op_fu_486_p3               |  select  |      0|  0|   32|           1|           1|
    |out_V_V_din                         |  select  |      0|  0|  128|           1|         128|
    |p_0219_4_1_fu_1020_p3               |  select  |      0|  0|  128|           1|         128|
    |p_0219_4_2_fu_1179_p3               |  select  |      0|  0|  128|           1|         128|
    |p_0219_4_3_fu_1338_p3               |  select  |      0|  0|  128|           1|         128|
    |p_0219_4_4_fu_1510_p3               |  select  |      0|  0|  128|           1|         128|
    |p_0219_4_5_fu_1651_p3               |  select  |      0|  0|  128|           1|         128|
    |p_0219_4_6_fu_1792_p3               |  select  |      0|  0|  128|           1|         128|
    |p_0219_4_fu_861_p3                  |  select  |      0|  0|  128|           1|         128|
    |p_in347_ld_1_fu_979_p3              |  select  |      0|  0|   16|           1|          16|
    |p_in347_ld_2_fu_1138_p3             |  select  |      0|  0|   16|           1|          16|
    |p_in347_ld_3_fu_1297_p3             |  select  |      0|  0|   16|           1|          16|
    |p_in347_ld_4_fu_1472_p3             |  select  |      0|  0|   16|           1|          16|
    |p_in347_ld_5_fu_1611_p3             |  select  |      0|  0|   16|           1|          16|
    |p_in347_ld_6_fu_1752_p3             |  select  |      0|  0|   16|           1|          16|
    |p_in347_ld_7_fu_1893_p3             |  select  |      0|  0|   16|           1|          16|
    |p_in347_ld_fu_820_p3                |  select  |      0|  0|   16|           1|          16|
    |ptr_1_fu_618_p3                     |  select  |      0|  0|   32|           1|           1|
    |ptr_tp_1_fu_570_p3                  |  select  |      0|  0|   32|           1|          32|
    |ptr_tp_2_fu_598_p3                  |  select  |      0|  0|   32|           1|          32|
    |ptr_tp_5_fu_542_p3                  |  select  |      0|  0|   32|           1|          32|
    |sel_tmp10_fu_1158_p3                |  select  |      0|  0|  128|           1|         128|
    |sel_tmp11_fu_1165_p3                |  select  |      0|  0|  128|           1|         128|
    |sel_tmp12_fu_1172_p3                |  select  |      0|  0|  128|           1|         128|
    |sel_tmp13_fu_1317_p3                |  select  |      0|  0|  128|           1|         128|
    |sel_tmp14_fu_1324_p3                |  select  |      0|  0|  128|           1|         128|
    |sel_tmp15_fu_1331_p3                |  select  |      0|  0|  128|           1|         128|
    |sel_tmp16_fu_1490_p3                |  select  |      0|  0|  128|           1|         128|
    |sel_tmp17_fu_1496_p3                |  select  |      0|  0|  128|           1|         128|
    |sel_tmp18_fu_1503_p3                |  select  |      0|  0|  128|           1|         128|
    |sel_tmp19_fu_1630_p3                |  select  |      0|  0|  128|           1|         128|
    |sel_tmp1_fu_840_p3                  |  select  |      0|  0|  128|           1|         128|
    |sel_tmp20_fu_1637_p3                |  select  |      0|  0|  128|           1|         128|
    |sel_tmp21_fu_1644_p3                |  select  |      0|  0|  128|           1|         128|
    |sel_tmp22_fu_1771_p3                |  select  |      0|  0|  128|           1|         128|
    |sel_tmp23_fu_1778_p3                |  select  |      0|  0|  128|           1|         128|
    |sel_tmp24_fu_1785_p3                |  select  |      0|  0|  128|           1|         128|
    |sel_tmp25_fu_1912_p3                |  select  |      0|  0|  128|           1|         128|
    |sel_tmp26_fu_1919_p3                |  select  |      0|  0|  128|           1|         128|
    |sel_tmp27_fu_1926_p3                |  select  |      0|  0|  128|           1|         128|
    |sel_tmp3_fu_847_p3                  |  select  |      0|  0|  128|           1|         128|
    |sel_tmp5_fu_854_p3                  |  select  |      0|  0|  128|           1|         128|
    |sel_tmp7_fu_1006_p3                 |  select  |      0|  0|  128|           1|         128|
    |sel_tmp8_fu_1013_p3                 |  select  |      0|  0|  128|           1|         128|
    |sel_tmp9_fu_999_p3                  |  select  |      0|  0|  128|           1|         128|
    |tmp_13_fu_735_p3                    |  select  |      0|  0|   16|           1|          16|
    |tmp_14_1_fu_894_p3                  |  select  |      0|  0|   16|           1|          16|
    |tmp_14_2_fu_1053_p3                 |  select  |      0|  0|   16|           1|          16|
    |tmp_14_3_fu_1212_p3                 |  select  |      0|  0|   16|           1|          16|
    |tmp_14_4_fu_1395_p3                 |  select  |      0|  0|   16|           1|          16|
    |tmp_14_5_fu_1532_p3                 |  select  |      0|  0|   16|           1|          16|
    |tmp_14_6_fu_1673_p3                 |  select  |      0|  0|   16|           1|          16|
    |tmp_14_7_fu_1814_p3                 |  select  |      0|  0|   16|           1|          16|
    |tmp_15_fu_758_p3                    |  select  |      0|  0|   16|           1|          16|
    |tmp_16_1_fu_917_p3                  |  select  |      0|  0|   16|           1|          16|
    |tmp_16_2_fu_1076_p3                 |  select  |      0|  0|   16|           1|          16|
    |tmp_16_3_fu_1235_p3                 |  select  |      0|  0|   16|           1|          16|
    |tmp_16_4_fu_1416_p3                 |  select  |      0|  0|   16|           1|          16|
    |tmp_16_5_fu_1554_p3                 |  select  |      0|  0|   16|           1|          16|
    |tmp_16_6_fu_1695_p3                 |  select  |      0|  0|   16|           1|          16|
    |tmp_16_7_fu_1836_p3                 |  select  |      0|  0|   16|           1|          16|
    |tmp_18_fu_795_p3                    |  select  |      0|  0|   16|           1|          16|
    |tmp_19_1_fu_954_p3                  |  select  |      0|  0|   16|           1|          16|
    |tmp_19_2_fu_1113_p3                 |  select  |      0|  0|   16|           1|          16|
    |tmp_19_3_fu_1272_p3                 |  select  |      0|  0|   16|           1|          16|
    |tmp_19_4_fu_1449_p3                 |  select  |      0|  0|   16|           1|          16|
    |tmp_19_5_fu_1588_p3                 |  select  |      0|  0|   16|           1|          16|
    |tmp_19_6_fu_1729_p3                 |  select  |      0|  0|   16|           1|          16|
    |tmp_19_7_fu_1870_p3                 |  select  |      0|  0|   16|           1|          16|
    |tmp_5_mid1_fu_436_p3                |  select  |      0|  0|    2|           1|           1|
    |tp_d0_V_1_1_fu_929_p3               |  select  |      0|  0|   16|           1|          16|
    |tp_d0_V_1_2_fu_1088_p3              |  select  |      0|  0|   16|           1|          16|
    |tp_d0_V_1_3_fu_1247_p3              |  select  |      0|  0|   16|           1|          16|
    |tp_d0_V_1_4_fu_1427_p3              |  select  |      0|  0|   16|           1|          16|
    |tp_d0_V_1_5_fu_1565_p3              |  select  |      0|  0|   16|           1|          16|
    |tp_d0_V_1_6_fu_1706_p3              |  select  |      0|  0|   16|           1|          16|
    |tp_d0_V_1_7_fu_1847_p3              |  select  |      0|  0|   16|           1|          16|
    |tp_d0_V_1_fu_770_p3                 |  select  |      0|  0|   16|           1|          16|
    |tp_d1_V_1_1_fu_966_p3               |  select  |      0|  0|   16|           1|          16|
    |tp_d1_V_1_2_fu_1125_p3              |  select  |      0|  0|   16|           1|          16|
    |tp_d1_V_1_3_fu_1284_p3              |  select  |      0|  0|   16|           1|          16|
    |tp_d1_V_1_4_fu_1460_p3              |  select  |      0|  0|   16|           1|          16|
    |tp_d1_V_1_5_fu_1599_p3              |  select  |      0|  0|   16|           1|          16|
    |tp_d1_V_1_6_fu_1740_p3              |  select  |      0|  0|   16|           1|          16|
    |tp_d1_V_1_7_fu_1881_p3              |  select  |      0|  0|   16|           1|          16|
    |tp_d1_V_1_fu_807_p3                 |  select  |      0|  0|   16|           1|          16|
    |ap_enable_pp0                       |    xor   |      0|  0|    2|           1|           2|
    |ap_enable_reg_pp0_iter1             |    xor   |      0|  0|    2|           2|           1|
    +------------------------------------+----------+-------+---+-----+------------+------------+
    |Total                               |          |     13|  0| 6867|        1993|        6437|
    +------------------------------------+----------+-------+---+-----+------------+------------+

    * Multiplexer: 
    +------------------------------------------+----+-----------+-----+-----------+
    |                   Name                   | LUT| Input Size| Bits| Total Bits|
    +------------------------------------------+----+-----------+-----+-----------+
    |ap_NS_fsm                                 |  33|          6|    1|          6|
    |ap_done                                   |   9|          2|    1|          2|
    |ap_enable_reg_pp0_iter1                   |   9|          2|    1|          2|
    |ap_enable_reg_pp0_iter13                  |   9|          2|    1|          2|
    |ap_phi_mux_i_phi_fu_229_p4                |   9|          2|   31|         62|
    |ap_phi_mux_indvar_flatten1_phi_fu_207_p4  |   9|          2|   96|        192|
    |ap_phi_mux_indvar_flatten_phi_fu_218_p4   |   9|          2|   64|        128|
    |ap_phi_mux_j_phi_fu_252_p4                |   9|          2|   32|         64|
    |ap_phi_mux_ptr_tp_phi_fu_240_p4           |   9|          2|   32|         64|
    |buf_V_address0                            |  15|          3|    7|         21|
    |buf_V_address1                            |  15|          3|    7|         21|
    |i_reg_225                                 |   9|          2|   31|         62|
    |in_V_V_blk_n                              |   9|          2|    1|          2|
    |indvar_flatten1_reg_203                   |   9|          2|   96|        192|
    |indvar_flatten_reg_214                    |   9|          2|   64|        128|
    |j_reg_248                                 |   9|          2|   32|         64|
    |out_V_V_blk_n                             |   9|          2|    1|          2|
    |ptr_tp_reg_236                            |   9|          2|   32|         64|
    +------------------------------------------+----+-----------+-----+-----------+
    |Total                                     | 198|         42|  530|       1078|
    +------------------------------------------+----+-----------+-----+-----------+

    * Register: 
    +-------------------------------+-----+----+-----+-----------+
    |              Name             |  FF | LUT| Bits| Const Bits|
    +-------------------------------+-----+----+-----+-----------+
    |ap_CS_fsm                      |    5|   0|    5|          0|
    |ap_done_reg                    |    1|   0|    1|          0|
    |ap_enable_reg_pp0_iter0        |    1|   0|    1|          0|
    |ap_enable_reg_pp0_iter1        |    1|   0|    1|          0|
    |ap_enable_reg_pp0_iter10       |    1|   0|    1|          0|
    |ap_enable_reg_pp0_iter11       |    1|   0|    1|          0|
    |ap_enable_reg_pp0_iter12       |    1|   0|    1|          0|
    |ap_enable_reg_pp0_iter13       |    1|   0|    1|          0|
    |ap_enable_reg_pp0_iter2        |    1|   0|    1|          0|
    |ap_enable_reg_pp0_iter3        |    1|   0|    1|          0|
    |ap_enable_reg_pp0_iter4        |    1|   0|    1|          0|
    |ap_enable_reg_pp0_iter5        |    1|   0|    1|          0|
    |ap_enable_reg_pp0_iter6        |    1|   0|    1|          0|
    |ap_enable_reg_pp0_iter7        |    1|   0|    1|          0|
    |ap_enable_reg_pp0_iter8        |    1|   0|    1|          0|
    |ap_enable_reg_pp0_iter9        |    1|   0|    1|          0|
    |exitcond_flatten1_reg_2038     |    1|   0|    1|          0|
    |i_mid2_reg_2052                |   31|   0|   31|          0|
    |i_reg_225                      |   31|   0|   31|          0|
    |in_d0_V_reg_2067               |  128|   0|  128|          0|
    |indvar_flatten1_reg_203        |   96|   0|   96|          0|
    |indvar_flatten_next1_reg_2042  |   96|   0|   96|          0|
    |indvar_flatten_next_reg_2062   |   64|   0|   64|          0|
    |indvar_flatten_reg_214         |   64|   0|   64|          0|
    |j_1_reg_2057                   |   32|   0|   32|          0|
    |j_reg_248                      |   32|   0|   32|          0|
    |p_0219_4_3_reg_2252            |  128|   0|  128|          0|
    |p_Result_10_reg_2312           |   16|   0|   16|          0|
    |p_Result_1_1_reg_2126          |   16|   0|   16|          0|
    |p_Result_1_2_reg_2144          |   16|   0|   16|          0|
    |p_Result_1_3_reg_2162          |   16|   0|   16|          0|
    |p_Result_1_4_reg_2180          |   16|   0|   16|          0|
    |p_Result_1_5_reg_2198          |   16|   0|   16|          0|
    |p_Result_1_6_reg_2216          |   16|   0|   16|          0|
    |p_Result_1_7_reg_2234          |   16|   0|   16|          0|
    |p_Result_1_reg_2261            |   16|   0|   16|          0|
    |p_Result_2_1_reg_2136          |   16|   0|   16|          0|
    |p_Result_2_2_reg_2154          |   16|   0|   16|          0|
    |p_Result_2_3_reg_2172          |   16|   0|   16|          0|
    |p_Result_2_4_reg_2190          |   16|   0|   16|          0|
    |p_Result_2_5_reg_2208          |   16|   0|   16|          0|
    |p_Result_2_6_reg_2226          |   16|   0|   16|          0|
    |p_Result_2_7_reg_2244          |   16|   0|   16|          0|
    |p_Result_2_reg_2278            |   16|   0|   16|          0|
    |p_Result_3_4_reg_2272          |   16|   0|   16|          0|
    |p_Result_3_5_reg_2289          |   16|   0|   16|          0|
    |p_Result_3_6_reg_2306          |   16|   0|   16|          0|
    |p_Result_3_7_reg_2323          |   16|   0|   16|          0|
    |p_Result_3_reg_2295            |   16|   0|   16|          0|
    |ptr_1_reg_2098                 |   32|   0|   32|          0|
    |ptr_tp_2_reg_2093              |   32|   0|   32|          0|
    |ptr_tp_reg_236                 |   32|   0|   32|          0|
    |tmp_22_reg_2108                |   16|   0|   16|          0|
    |tmp_23_reg_2118                |   16|   0|   16|          0|
    |tmp_9_reg_2079                 |    1|   0|    1|          0|
    |tmp_V_fu_122                   |  128|   0|  128|          0|
    |exitcond_flatten1_reg_2038     |   64|  32|    1|          0|
    +-------------------------------+-----+----+-----+-----------+
    |Total                          | 1396|  32| 1333|          0|
    +-------------------------------+-----+----+-----+-----------+



================================================================
== Interface
================================================================
* Summary: 
+----------------+-----+-----+------------+--------------+--------------+
|    RTL Ports   | Dir | Bits|  Protocol  | Source Object|    C Type    |
+----------------+-----+-----+------------+--------------+--------------+
|ap_clk          |  in |    1| ap_ctrl_hs |    pool_2D   | return value |
|ap_rst          |  in |    1| ap_ctrl_hs |    pool_2D   | return value |
|ap_start        |  in |    1| ap_ctrl_hs |    pool_2D   | return value |
|ap_done         | out |    1| ap_ctrl_hs |    pool_2D   | return value |
|ap_continue     |  in |    1| ap_ctrl_hs |    pool_2D   | return value |
|ap_idle         | out |    1| ap_ctrl_hs |    pool_2D   | return value |
|ap_ready        | out |    1| ap_ctrl_hs |    pool_2D   | return value |
|in_V_V_dout     |  in |  128|   ap_fifo  |    in_V_V    |    pointer   |
|in_V_V_empty_n  |  in |    1|   ap_fifo  |    in_V_V    |    pointer   |
|in_V_V_read     | out |    1|   ap_fifo  |    in_V_V    |    pointer   |
|out_V_V_din     | out |  128|   ap_fifo  |    out_V_V   |    pointer   |
|out_V_V_full_n  |  in |    1|   ap_fifo  |    out_V_V   |    pointer   |
|out_V_V_write   | out |    1|   ap_fifo  |    out_V_V   |    pointer   |
|ch_div_K        |  in |   32|  ap_stable |   ch_div_K   |    scalar    |
|height_in       |  in |   32|  ap_stable |   height_in  |    scalar    |
|width_out       |  in |   32|  ap_stable |   width_out  |    scalar    |
|Ky              |  in |   32|  ap_stable |      Ky      |    scalar    |
+----------------+-----+-----+------------+--------------+--------------+

